<?xml version="1.0" encoding="UTF-8"?>
<testsuites>
  <testsuite name="" tests="153" assertions="282" errors="0" warnings="0" failures="0" skipped="0" time="0.189637">
    <testsuite name="Project Test Suite" tests="153" assertions="282" errors="0" warnings="0" failures="0" skipped="0" time="0.189637">
      <testsuite name="App\Dice\DiceTest" file="/home/missivaeak/dbwebb-kurser/mvc/me/report/tests/Dice/DiceTest.php" tests="1" assertions="2" errors="0" warnings="0" failures="0" skipped="0" time="0.004956">
        <testcase name="testCreateDice" class="App\Dice\DiceTest" classname="App.Dice.DiceTest" file="/home/missivaeak/dbwebb-kurser/mvc/me/report/tests/Dice/DiceTest.php" line="16" assertions="2" time="0.004956"/>
      </testsuite>
      <testsuite name="App\Game\CardCollectionAbstractTest" file="/home/missivaeak/dbwebb-kurser/mvc/me/report/tests/Game/CardCollectionAbstractTest.php" tests="16" assertions="33" errors="0" warnings="0" failures="0" skipped="0" time="0.020437">
        <testcase name="testInstantiate" class="App\Game\CardCollectionAbstractTest" classname="App.Game.CardCollectionAbstractTest" file="/home/missivaeak/dbwebb-kurser/mvc/me/report/tests/Game/CardCollectionAbstractTest.php" line="36" assertions="1" time="0.006184"/>
        <testcase name="testZeroCards" class="App\Game\CardCollectionAbstractTest" classname="App.Game.CardCollectionAbstractTest" file="/home/missivaeak/dbwebb-kurser/mvc/me/report/tests/Game/CardCollectionAbstractTest.php" line="45" assertions="2" time="0.001174"/>
        <testcase name="testAddCard" class="App\Game\CardCollectionAbstractTest" classname="App.Game.CardCollectionAbstractTest" file="/home/missivaeak/dbwebb-kurser/mvc/me/report/tests/Game/CardCollectionAbstractTest.php" line="57" assertions="1" time="0.000955"/>
        <testcase name="testNonZeroCards" class="App\Game\CardCollectionAbstractTest" classname="App.Game.CardCollectionAbstractTest" file="/home/missivaeak/dbwebb-kurser/mvc/me/report/tests/Game/CardCollectionAbstractTest.php" line="69" assertions="2" time="0.000579"/>
        <testcase name="testGetCardsEmpty" class="App\Game\CardCollectionAbstractTest" classname="App.Game.CardCollectionAbstractTest" file="/home/missivaeak/dbwebb-kurser/mvc/me/report/tests/Game/CardCollectionAbstractTest.php" line="80" assertions="3" time="0.001166"/>
        <testcase name="testGetCardsNonEmpty" class="App\Game\CardCollectionAbstractTest" classname="App.Game.CardCollectionAbstractTest" file="/home/missivaeak/dbwebb-kurser/mvc/me/report/tests/Game/CardCollectionAbstractTest.php" line="91" assertions="3" time="0.000584"/>
        <testcase name="testGetFacesEmpty" class="App\Game\CardCollectionAbstractTest" classname="App.Game.CardCollectionAbstractTest" file="/home/missivaeak/dbwebb-kurser/mvc/me/report/tests/Game/CardCollectionAbstractTest.php" line="102" assertions="3" time="0.000493"/>
        <testcase name="testGetFacesNonEmpty" class="App\Game\CardCollectionAbstractTest" classname="App.Game.CardCollectionAbstractTest" file="/home/missivaeak/dbwebb-kurser/mvc/me/report/tests/Game/CardCollectionAbstractTest.php" line="113" assertions="10" time="0.004363"/>
        <testcase name="testGetEmptyWarning" class="App\Game\CardCollectionAbstractTest" classname="App.Game.CardCollectionAbstractTest" file="/home/missivaeak/dbwebb-kurser/mvc/me/report/tests/Game/CardCollectionAbstractTest.php" line="134" assertions="1" time="0.000492"/>
        <testcase name="testRevealAll" class="App\Game\CardCollectionAbstractTest" classname="App.Game.CardCollectionAbstractTest" file="/home/missivaeak/dbwebb-kurser/mvc/me/report/tests/Game/CardCollectionAbstractTest.php" line="142" assertions="1" time="0.000839"/>
        <testcase name="testHideAll" class="App\Game\CardCollectionAbstractTest" classname="App.Game.CardCollectionAbstractTest" file="/home/missivaeak/dbwebb-kurser/mvc/me/report/tests/Game/CardCollectionAbstractTest.php" line="156" assertions="1" time="0.000534"/>
        <testcase name="testShuffle" class="App\Game\CardCollectionAbstractTest" classname="App.Game.CardCollectionAbstractTest" file="/home/missivaeak/dbwebb-kurser/mvc/me/report/tests/Game/CardCollectionAbstractTest.php" line="171" assertions="1" time="0.000724"/>
        <testcase name="testDrawEmpty" class="App\Game\CardCollectionAbstractTest" classname="App.Game.CardCollectionAbstractTest" file="/home/missivaeak/dbwebb-kurser/mvc/me/report/tests/Game/CardCollectionAbstractTest.php" line="192" assertions="1" time="0.000713"/>
        <testcase name="testDrawNonEmpty" class="App\Game\CardCollectionAbstractTest" classname="App.Game.CardCollectionAbstractTest" file="/home/missivaeak/dbwebb-kurser/mvc/me/report/tests/Game/CardCollectionAbstractTest.php" line="202" assertions="1" time="0.000522"/>
        <testcase name="testDrawByPatternEmpty" class="App\Game\CardCollectionAbstractTest" classname="App.Game.CardCollectionAbstractTest" file="/home/missivaeak/dbwebb-kurser/mvc/me/report/tests/Game/CardCollectionAbstractTest.php" line="212" assertions="1" time="0.000481"/>
        <testcase name="testDrawByPatternNonEmpty" class="App\Game\CardCollectionAbstractTest" classname="App.Game.CardCollectionAbstractTest" file="/home/missivaeak/dbwebb-kurser/mvc/me/report/tests/Game/CardCollectionAbstractTest.php" line="223" assertions="1" time="0.000637"/>
      </testsuite>
      <testsuite name="App\Game\DiscardTest" file="/home/missivaeak/dbwebb-kurser/mvc/me/report/tests/Game/DiscardTest.php" tests="2" assertions="3" errors="0" warnings="0" failures="0" skipped="0" time="0.001128">
        <testcase name="testGetTopCardEmpty" class="App\Game\DiscardTest" classname="App.Game.DiscardTest" file="/home/missivaeak/dbwebb-kurser/mvc/me/report/tests/Game/DiscardTest.php" line="35" assertions="1" time="0.000646"/>
        <testcase name="testGetTopCardNonEmpty" class="App\Game\DiscardTest" classname="App.Game.DiscardTest" file="/home/missivaeak/dbwebb-kurser/mvc/me/report/tests/Game/DiscardTest.php" line="45" assertions="2" time="0.000482"/>
      </testsuite>
      <testsuite name="App\Game\GameTest" file="/home/missivaeak/dbwebb-kurser/mvc/me/report/tests/Game/GameTest.php" tests="21" assertions="31" errors="0" warnings="0" failures="0" skipped="0" time="0.016728">
        <testcase name="testInstansiate" class="App\Game\GameTest" classname="App.Game.GameTest" file="/home/missivaeak/dbwebb-kurser/mvc/me/report/tests/Game/GameTest.php" line="48" assertions="1" time="0.004113"/>
        <testcase name="testGetPlayer" class="App\Game\GameTest" classname="App.Game.GameTest" file="/home/missivaeak/dbwebb-kurser/mvc/me/report/tests/Game/GameTest.php" line="56" assertions="1" time="0.000593"/>
        <testcase name="testGetOpponent" class="App\Game\GameTest" classname="App.Game.GameTest" file="/home/missivaeak/dbwebb-kurser/mvc/me/report/tests/Game/GameTest.php" line="66" assertions="1" time="0.000515"/>
        <testcase name="testGetKnockThreshold" class="App\Game\GameTest" classname="App.Game.GameTest" file="/home/missivaeak/dbwebb-kurser/mvc/me/report/tests/Game/GameTest.php" line="76" assertions="1" time="0.000498"/>
        <testcase name="testGetGinBonus" class="App\Game\GameTest" classname="App.Game.GameTest" file="/home/missivaeak/dbwebb-kurser/mvc/me/report/tests/Game/GameTest.php" line="84" assertions="1" time="0.000496"/>
        <testcase name="testGetUndercutBonus" class="App\Game\GameTest" classname="App.Game.GameTest" file="/home/missivaeak/dbwebb-kurser/mvc/me/report/tests/Game/GameTest.php" line="92" assertions="1" time="0.000490"/>
        <testcase name="testGetKnockBonus" class="App\Game\GameTest" classname="App.Game.GameTest" file="/home/missivaeak/dbwebb-kurser/mvc/me/report/tests/Game/GameTest.php" line="100" assertions="1" time="0.000494"/>
        <testcase name="testGetHandSize" class="App\Game\GameTest" classname="App.Game.GameTest" file="/home/missivaeak/dbwebb-kurser/mvc/me/report/tests/Game/GameTest.php" line="108" assertions="1" time="0.000484"/>
        <testcase name="testGetWinThreshold" class="App\Game\GameTest" classname="App.Game.GameTest" file="/home/missivaeak/dbwebb-kurser/mvc/me/report/tests/Game/GameTest.php" line="116" assertions="1" time="0.000494"/>
        <testcase name="testGetSetRound" class="App\Game\GameTest" classname="App.Game.GameTest" file="/home/missivaeak/dbwebb-kurser/mvc/me/report/tests/Game/GameTest.php" line="124" assertions="1" time="0.001343"/>
        <testcase name="testDeal" class="App\Game\GameTest" classname="App.Game.GameTest" file="/home/missivaeak/dbwebb-kurser/mvc/me/report/tests/Game/GameTest.php" line="136" assertions="1" time="0.001357"/>
        <testcase name="testDeckToDiscard" class="App\Game\GameTest" classname="App.Game.GameTest" file="/home/missivaeak/dbwebb-kurser/mvc/me/report/tests/Game/GameTest.php" line="153" assertions="4" time="0.000675"/>
        <testcase name="testDeckToDiscardEmpty" class="App\Game\GameTest" classname="App.Game.GameTest" file="/home/missivaeak/dbwebb-kurser/mvc/me/report/tests/Game/GameTest.php" line="180" assertions="3" time="0.000766"/>
        <testcase name="testReturnCards" class="App\Game\GameTest" classname="App.Game.GameTest" file="/home/missivaeak/dbwebb-kurser/mvc/me/report/tests/Game/GameTest.php" line="202" assertions="4" time="0.001000"/>
        <testcase name="testGetPlayerHand" class="App\Game\GameTest" classname="App.Game.GameTest" file="/home/missivaeak/dbwebb-kurser/mvc/me/report/tests/Game/GameTest.php" line="242" assertions="1" time="0.000474"/>
        <testcase name="testGetOpponentHand" class="App\Game\GameTest" classname="App.Game.GameTest" file="/home/missivaeak/dbwebb-kurser/mvc/me/report/tests/Game/GameTest.php" line="249" assertions="1" time="0.000469"/>
        <testcase name="testGetDeck" class="App\Game\GameTest" classname="App.Game.GameTest" file="/home/missivaeak/dbwebb-kurser/mvc/me/report/tests/Game/GameTest.php" line="256" assertions="1" time="0.000462"/>
        <testcase name="testGetDiscard" class="App\Game\GameTest" classname="App.Game.GameTest" file="/home/missivaeak/dbwebb-kurser/mvc/me/report/tests/Game/GameTest.php" line="263" assertions="1" time="0.000460"/>
        <testcase name="testScoreKnockingWins" class="App\Game\GameTest" classname="App.Game.GameTest" file="/home/missivaeak/dbwebb-kurser/mvc/me/report/tests/Game/GameTest.php" line="270" assertions="2" time="0.000538"/>
        <testcase name="testScoreNotKnockingWins" class="App\Game\GameTest" classname="App.Game.GameTest" file="/home/missivaeak/dbwebb-kurser/mvc/me/report/tests/Game/GameTest.php" line="287" assertions="2" time="0.000538"/>
        <testcase name="testScoreEqual" class="App\Game\GameTest" classname="App.Game.GameTest" file="/home/missivaeak/dbwebb-kurser/mvc/me/report/tests/Game/GameTest.php" line="305" assertions="1" time="0.000468"/>
      </testsuite>
      <testsuite name="App\Game\GinRummyHandTest" file="/home/missivaeak/dbwebb-kurser/mvc/me/report/tests/Game/GinRummyHandTest.php" tests="8" assertions="14" errors="0" warnings="0" failures="0" skipped="0" time="0.006434">
        <testcase name="testInstantiate" class="App\Game\GinRummyHandTest" classname="App.Game.GinRummyHandTest" file="/home/missivaeak/dbwebb-kurser/mvc/me/report/tests/Game/GinRummyHandTest.php" line="41" assertions="1" time="0.001387"/>
        <testcase name="testGetMeldsEmpty" class="App\Game\GinRummyHandTest" classname="App.Game.GinRummyHandTest" file="/home/missivaeak/dbwebb-kurser/mvc/me/report/tests/Game/GinRummyHandTest.php" line="49" assertions="2" time="0.000618"/>
        <testcase name="testGetMeldsNonEmpty" class="App\Game\GinRummyHandTest" classname="App.Game.GinRummyHandTest" file="/home/missivaeak/dbwebb-kurser/mvc/me/report/tests/Game/GinRummyHandTest.php" line="60" assertions="3" time="0.000638"/>
        <testcase name="testGetMeldCards" class="App\Game\GinRummyHandTest" classname="App.Game.GinRummyHandTest" file="/home/missivaeak/dbwebb-kurser/mvc/me/report/tests/Game/GinRummyHandTest.php" line="72" assertions="1" time="0.000586"/>
        <testcase name="testGetMeldCardsWrongIndex" class="App\Game\GinRummyHandTest" classname="App.Game.GinRummyHandTest" file="/home/missivaeak/dbwebb-kurser/mvc/me/report/tests/Game/GinRummyHandTest.php" line="85" assertions="1" time="0.001010"/>
        <testcase name="testGetUnmatched" class="App\Game\GinRummyHandTest" classname="App.Game.GinRummyHandTest" file="/home/missivaeak/dbwebb-kurser/mvc/me/report/tests/Game/GinRummyHandTest.php" line="94" assertions="4" time="0.001037"/>
        <testcase name="testAddToMeld" class="App\Game\GinRummyHandTest" classname="App.Game.GinRummyHandTest" file="/home/missivaeak/dbwebb-kurser/mvc/me/report/tests/Game/GinRummyHandTest.php" line="118" assertions="1" time="0.000627"/>
        <testcase name="testResetMelds" class="App\Game\GinRummyHandTest" classname="App.Game.GinRummyHandTest" file="/home/missivaeak/dbwebb-kurser/mvc/me/report/tests/Game/GinRummyHandTest.php" line="136" assertions="1" time="0.000531"/>
      </testsuite>
      <testsuite name="App\Game\GinRummyOpponentLogicTest" file="/home/missivaeak/dbwebb-kurser/mvc/me/report/tests/Game/GinRummyOpponentLogicTest.php" tests="19" assertions="28" errors="0" warnings="0" failures="0" skipped="0" time="0.068351">
        <testcase name="testInstansiate" class="App\Game\GinRummyOpponentLogicTest" classname="App.Game.GinRummyOpponentLogicTest" file="/home/missivaeak/dbwebb-kurser/mvc/me/report/tests/Game/GinRummyOpponentLogicTest.php" line="66" assertions="1" time="0.002573"/>
        <testcase name="testPickDiscard" class="App\Game\GinRummyOpponentLogicTest" classname="App.Game.GinRummyOpponentLogicTest" file="/home/missivaeak/dbwebb-kurser/mvc/me/report/tests/Game/GinRummyOpponentLogicTest.php" line="74" assertions="1" time="0.001050"/>
        <testcase name="testPickDiscardEmptyDiscard" class="App\Game\GinRummyOpponentLogicTest" classname="App.Game.GinRummyOpponentLogicTest" file="/home/missivaeak/dbwebb-kurser/mvc/me/report/tests/Game/GinRummyOpponentLogicTest.php" line="88" assertions="1" time="0.000884"/>
        <testcase name="testPickDeck" class="App\Game\GinRummyOpponentLogicTest" classname="App.Game.GinRummyOpponentLogicTest" file="/home/missivaeak/dbwebb-kurser/mvc/me/report/tests/Game/GinRummyOpponentLogicTest.php" line="102" assertions="1" time="0.000888"/>
        <testcase name="testPickDeckEmptyDeck" class="App\Game\GinRummyOpponentLogicTest" classname="App.Game.GinRummyOpponentLogicTest" file="/home/missivaeak/dbwebb-kurser/mvc/me/report/tests/Game/GinRummyOpponentLogicTest.php" line="116" assertions="1" time="0.000862"/>
        <testcase name="testDiscard" class="App\Game\GinRummyOpponentLogicTest" classname="App.Game.GinRummyOpponentLogicTest" file="/home/missivaeak/dbwebb-kurser/mvc/me/report/tests/Game/GinRummyOpponentLogicTest.php" line="131" assertions="1" time="0.009476"/>
        <testcase name="testDiscardEmptyHand" class="App\Game\GinRummyOpponentLogicTest" classname="App.Game.GinRummyOpponentLogicTest" file="/home/missivaeak/dbwebb-kurser/mvc/me/report/tests/Game/GinRummyOpponentLogicTest.php" line="162" assertions="1" time="0.000935"/>
        <testcase name="testDrawOrPass" class="App\Game\GinRummyOpponentLogicTest" classname="App.Game.GinRummyOpponentLogicTest" file="/home/missivaeak/dbwebb-kurser/mvc/me/report/tests/Game/GinRummyOpponentLogicTest.php" line="176" assertions="1" time="0.002382"/>
        <testcase name="testDrawDeckOrDrawDiscard" class="App\Game\GinRummyOpponentLogicTest" classname="App.Game.GinRummyOpponentLogicTest" file="/home/missivaeak/dbwebb-kurser/mvc/me/report/tests/Game/GinRummyOpponentLogicTest.php" line="201" assertions="1" time="0.003155"/>
        <testcase name="testKnockOrPassCanKnock" class="App\Game\GinRummyOpponentLogicTest" classname="App.Game.GinRummyOpponentLogicTest" file="/home/missivaeak/dbwebb-kurser/mvc/me/report/tests/Game/GinRummyOpponentLogicTest.php" line="229" assertions="1" time="0.000855"/>
        <testcase name="testKnockOrPassCannotKnock" class="App\Game\GinRummyOpponentLogicTest" classname="App.Game.GinRummyOpponentLogicTest" file="/home/missivaeak/dbwebb-kurser/mvc/me/report/tests/Game/GinRummyOpponentLogicTest.php" line="242" assertions="1" time="0.000850"/>
        <testcase name="testAddToPlayersMeld" class="App\Game\GinRummyOpponentLogicTest" classname="App.Game.GinRummyOpponentLogicTest" file="/home/missivaeak/dbwebb-kurser/mvc/me/report/tests/Game/GinRummyOpponentLogicTest.php" line="256" assertions="1" time="0.001372"/>
        <testcase name="testMainStep" class="App\Game\GinRummyOpponentLogicTest" classname="App.Game.GinRummyOpponentLogicTest" file="/home/missivaeak/dbwebb-kurser/mvc/me/report/tests/Game/GinRummyOpponentLogicTest.php" line="289" assertions="2" time="0.014846"/>
        <testcase name="testMainStepKnock" class="App\Game\GinRummyOpponentLogicTest" classname="App.Game.GinRummyOpponentLogicTest" file="/home/missivaeak/dbwebb-kurser/mvc/me/report/tests/Game/GinRummyOpponentLogicTest.php" line="341" assertions="2" time="0.014609"/>
        <testcase name="testKnockStep" class="App\Game\GinRummyOpponentLogicTest" classname="App.Game.GinRummyOpponentLogicTest" file="/home/missivaeak/dbwebb-kurser/mvc/me/report/tests/Game/GinRummyOpponentLogicTest.php" line="393" assertions="2" time="0.001166"/>
        <testcase name="testTopCardChoiceStepFour" class="App\Game\GinRummyOpponentLogicTest" classname="App.Game.GinRummyOpponentLogicTest" file="/home/missivaeak/dbwebb-kurser/mvc/me/report/tests/Game/GinRummyOpponentLogicTest.php" line="413" assertions="3" time="0.001169"/>
        <testcase name="testTopCardChoiceStepFive" class="App\Game\GinRummyOpponentLogicTest" classname="App.Game.GinRummyOpponentLogicTest" file="/home/missivaeak/dbwebb-kurser/mvc/me/report/tests/Game/GinRummyOpponentLogicTest.php" line="437" assertions="3" time="0.001062"/>
        <testcase name="testTopCardChoiceStepDraw" class="App\Game\GinRummyOpponentLogicTest" classname="App.Game.GinRummyOpponentLogicTest" file="/home/missivaeak/dbwebb-kurser/mvc/me/report/tests/Game/GinRummyOpponentLogicTest.php" line="461" assertions="2" time="0.009104"/>
        <testcase name="testTopCardForcedStep" class="App\Game\GinRummyOpponentLogicTest" classname="App.Game.GinRummyOpponentLogicTest" file="/home/missivaeak/dbwebb-kurser/mvc/me/report/tests/Game/GinRummyOpponentLogicTest.php" line="499" assertions="2" time="0.001111"/>
      </testsuite>
      <testsuite name="App\Game\GinRummyScoringTest" file="/home/missivaeak/dbwebb-kurser/mvc/me/report/tests/Game/GinRummyScoringTest.php" tests="9" assertions="16" errors="0" warnings="0" failures="0" skipped="0" time="0.016729">
        <testcase name="testMeld" class="App\Game\GinRummyScoringTest" classname="App.Game.GinRummyScoringTest" file="/home/missivaeak/dbwebb-kurser/mvc/me/report/tests/Game/GinRummyScoringTest.php" line="75" assertions="2" time="0.001654"/>
        <testcase name="testMeldSetsFirstNoMock" class="App\Game\GinRummyScoringTest" classname="App.Game.GinRummyScoringTest" file="/home/missivaeak/dbwebb-kurser/mvc/me/report/tests/Game/GinRummyScoringTest.php" line="88" assertions="1" time="0.003095"/>
        <testcase name="testMeldRunsFirstNoMock" class="App\Game\GinRummyScoringTest" classname="App.Game.GinRummyScoringTest" file="/home/missivaeak/dbwebb-kurser/mvc/me/report/tests/Game/GinRummyScoringTest.php" line="106" assertions="1" time="0.003633"/>
        <testcase name="testAddToOthersMeldSetNoMock" class="App\Game\GinRummyScoringTest" classname="App.Game.GinRummyScoringTest" file="/home/missivaeak/dbwebb-kurser/mvc/me/report/tests/Game/GinRummyScoringTest.php" line="124" assertions="3" time="0.001074"/>
        <testcase name="testAddToOthersMeldRunNoMock" class="App\Game\GinRummyScoringTest" classname="App.Game.GinRummyScoringTest" file="/home/missivaeak/dbwebb-kurser/mvc/me/report/tests/Game/GinRummyScoringTest.php" line="153" assertions="3" time="0.001101"/>
        <testcase name="testAddToOthersMeldInvalidNoMock" class="App\Game\GinRummyScoringTest" classname="App.Game.GinRummyScoringTest" file="/home/missivaeak/dbwebb-kurser/mvc/me/report/tests/Game/GinRummyScoringTest.php" line="182" assertions="3" time="0.001084"/>
        <testcase name="testCheckScoreDiffNeg" class="App\Game\GinRummyScoringTest" classname="App.Game.GinRummyScoringTest" file="/home/missivaeak/dbwebb-kurser/mvc/me/report/tests/Game/GinRummyScoringTest.php" line="211" assertions="1" time="0.002555"/>
        <testcase name="testCheckScoreDiffPos" class="App\Game\GinRummyScoringTest" classname="App.Game.GinRummyScoringTest" file="/home/missivaeak/dbwebb-kurser/mvc/me/report/tests/Game/GinRummyScoringTest.php" line="235" assertions="1" time="0.001240"/>
        <testcase name="testCheckScoreDiffEqual" class="App\Game\GinRummyScoringTest" classname="App.Game.GinRummyScoringTest" file="/home/missivaeak/dbwebb-kurser/mvc/me/report/tests/Game/GinRummyScoringTest.php" line="259" assertions="1" time="0.001294"/>
      </testsuite>
      <testsuite name="App\Game\MeldTest" file="/home/missivaeak/dbwebb-kurser/mvc/me/report/tests/Game/MeldTest.php" tests="6" assertions="10" errors="0" warnings="0" failures="0" skipped="0" time="0.001760">
        <testcase name="testInstansiate" class="App\Game\MeldTest" classname="App.Game.MeldTest" file="/home/missivaeak/dbwebb-kurser/mvc/me/report/tests/Game/MeldTest.php" line="32" assertions="1" time="0.000210"/>
        <testcase name="testExceptionWrongInstansiate" class="App\Game\MeldTest" classname="App.Game.MeldTest" file="/home/missivaeak/dbwebb-kurser/mvc/me/report/tests/Game/MeldTest.php" line="41" assertions="1" time="0.000449"/>
        <testcase name="testIsRun" class="App\Game\MeldTest" classname="App.Game.MeldTest" file="/home/missivaeak/dbwebb-kurser/mvc/me/report/tests/Game/MeldTest.php" line="50" assertions="2" time="0.000220"/>
        <testcase name="testIsSet" class="App\Game\MeldTest" classname="App.Game.MeldTest" file="/home/missivaeak/dbwebb-kurser/mvc/me/report/tests/Game/MeldTest.php" line="59" assertions="2" time="0.000203"/>
        <testcase name="testGetValue" class="App\Game\MeldTest" classname="App.Game.MeldTest" file="/home/missivaeak/dbwebb-kurser/mvc/me/report/tests/Game/MeldTest.php" line="68" assertions="2" time="0.000345"/>
        <testcase name="testGetSuit" class="App\Game\MeldTest" classname="App.Game.MeldTest" file="/home/missivaeak/dbwebb-kurser/mvc/me/report/tests/Game/MeldTest.php" line="84" assertions="2" time="0.000334"/>
      </testsuite>
      <testsuite name="App\Game\PlayerTest" file="/home/missivaeak/dbwebb-kurser/mvc/me/report/tests/Game/PlayerTest.php" tests="4" assertions="4" errors="0" warnings="0" failures="0" skipped="0" time="0.001062">
        <testcase name="testInstansiate" class="App\Game\PlayerTest" classname="App.Game.PlayerTest" file="/home/missivaeak/dbwebb-kurser/mvc/me/report/tests/Game/PlayerTest.php" line="30" assertions="1" time="0.000261"/>
        <testcase name="testGetHand" class="App\Game\PlayerTest" classname="App.Game.PlayerTest" file="/home/missivaeak/dbwebb-kurser/mvc/me/report/tests/Game/PlayerTest.php" line="38" assertions="1" time="0.000271"/>
        <testcase name="testGetScore" class="App\Game\PlayerTest" classname="App.Game.PlayerTest" file="/home/missivaeak/dbwebb-kurser/mvc/me/report/tests/Game/PlayerTest.php" line="47" assertions="1" time="0.000273"/>
        <testcase name="testAddScore" class="App\Game\PlayerTest" classname="App.Game.PlayerTest" file="/home/missivaeak/dbwebb-kurser/mvc/me/report/tests/Game/PlayerTest.php" line="57" assertions="1" time="0.000256"/>
      </testsuite>
      <testsuite name="App\Game\RoundTest" file="/home/missivaeak/dbwebb-kurser/mvc/me/report/tests/Game/RoundTest.php" tests="10" assertions="17" errors="0" warnings="0" failures="0" skipped="0" time="0.004049">
        <testcase name="testInstansiate" class="App\Game\RoundTest" classname="App.Game.RoundTest" file="/home/missivaeak/dbwebb-kurser/mvc/me/report/tests/Game/RoundTest.php" line="31" assertions="1" time="0.000301"/>
        <testcase name="testRandomiseDealer" class="App\Game\RoundTest" classname="App.Game.RoundTest" file="/home/missivaeak/dbwebb-kurser/mvc/me/report/tests/Game/RoundTest.php" line="40" assertions="3" time="0.000831"/>
        <testcase name="testGetSetDealer" class="App\Game\RoundTest" classname="App.Game.RoundTest" file="/home/missivaeak/dbwebb-kurser/mvc/me/report/tests/Game/RoundTest.php" line="65" assertions="1" time="0.000309"/>
        <testcase name="testGetActivePlayerAfterRandomise" class="App\Game\RoundTest" classname="App.Game.RoundTest" file="/home/missivaeak/dbwebb-kurser/mvc/me/report/tests/Game/RoundTest.php" line="75" assertions="1" time="0.000303"/>
        <testcase name="testGetActivePlayerAfterSet" class="App\Game\RoundTest" classname="App.Game.RoundTest" file="/home/missivaeak/dbwebb-kurser/mvc/me/report/tests/Game/RoundTest.php" line="86" assertions="1" time="0.000300"/>
        <testcase name="testGetNextDealer" class="App\Game\RoundTest" classname="App.Game.RoundTest" file="/home/missivaeak/dbwebb-kurser/mvc/me/report/tests/Game/RoundTest.php" line="97" assertions="3" time="0.000360"/>
        <testcase name="testNextTurn" class="App\Game\RoundTest" classname="App.Game.RoundTest" file="/home/missivaeak/dbwebb-kurser/mvc/me/report/tests/Game/RoundTest.php" line="110" assertions="1" time="0.000311"/>
        <testcase name="testGetSetStep" class="App\Game\RoundTest" classname="App.Game.RoundTest" file="/home/missivaeak/dbwebb-kurser/mvc/me/report/tests/Game/RoundTest.php" line="122" assertions="2" time="0.000302"/>
        <testcase name="testNextStep" class="App\Game\RoundTest" classname="App.Game.RoundTest" file="/home/missivaeak/dbwebb-kurser/mvc/me/report/tests/Game/RoundTest.php" line="132" assertions="1" time="0.000314"/>
        <testcase name="testDeal" class="App\Game\RoundTest" classname="App.Game.RoundTest" file="/home/missivaeak/dbwebb-kurser/mvc/me/report/tests/Game/RoundTest.php" line="142" assertions="3" time="0.000719"/>
      </testsuite>
      <testsuite name="App\Game\StandardPlayingCardTest" file="/home/missivaeak/dbwebb-kurser/mvc/me/report/tests/Game/StandardPlayingCardTest.php" tests="8" assertions="8" errors="0" warnings="0" failures="0" skipped="0" time="0.001569">
        <testcase name="testInstansiate" class="App\Game\StandardPlayingCardTest" classname="App.Game.StandardPlayingCardTest" file="/home/missivaeak/dbwebb-kurser/mvc/me/report/tests/Game/StandardPlayingCardTest.php" line="28" assertions="1" time="0.000196"/>
        <testcase name="testGetValue" class="App\Game\StandardPlayingCardTest" classname="App.Game.StandardPlayingCardTest" file="/home/missivaeak/dbwebb-kurser/mvc/me/report/tests/Game/StandardPlayingCardTest.php" line="36" assertions="1" time="0.000197"/>
        <testcase name="testGetSuit" class="App\Game\StandardPlayingCardTest" classname="App.Game.StandardPlayingCardTest" file="/home/missivaeak/dbwebb-kurser/mvc/me/report/tests/Game/StandardPlayingCardTest.php" line="44" assertions="1" time="0.000226"/>
        <testcase name="testGetFace" class="App\Game\StandardPlayingCardTest" classname="App.Game.StandardPlayingCardTest" file="/home/missivaeak/dbwebb-kurser/mvc/me/report/tests/Game/StandardPlayingCardTest.php" line="52" assertions="1" time="0.000195"/>
        <testcase name="testToString" class="App\Game\StandardPlayingCardTest" classname="App.Game.StandardPlayingCardTest" file="/home/missivaeak/dbwebb-kurser/mvc/me/report/tests/Game/StandardPlayingCardTest.php" line="60" assertions="1" time="0.000193"/>
        <testcase name="testIsFaceUp" class="App\Game\StandardPlayingCardTest" classname="App.Game.StandardPlayingCardTest" file="/home/missivaeak/dbwebb-kurser/mvc/me/report/tests/Game/StandardPlayingCardTest.php" line="68" assertions="1" time="0.000188"/>
        <testcase name="testReveal" class="App\Game\StandardPlayingCardTest" classname="App.Game.StandardPlayingCardTest" file="/home/missivaeak/dbwebb-kurser/mvc/me/report/tests/Game/StandardPlayingCardTest.php" line="76" assertions="1" time="0.000191"/>
        <testcase name="testHide" class="App\Game\StandardPlayingCardTest" classname="App.Game.StandardPlayingCardTest" file="/home/missivaeak/dbwebb-kurser/mvc/me/report/tests/Game/StandardPlayingCardTest.php" line="85" assertions="1" time="0.000183"/>
      </testsuite>
      <testsuite name="App\Game\StandardPlayingCardsTraitTest" file="/home/missivaeak/dbwebb-kurser/mvc/me/report/tests/Game/StandardPlayingCardTraitTest.php" tests="1" assertions="7" errors="0" warnings="0" failures="0" skipped="0" time="0.001081">
        <testcase name="testGetAllValidCardValues" class="App\Game\StandardPlayingCardsTraitTest" classname="App.Game.StandardPlayingCardsTraitTest" file="/home/missivaeak/dbwebb-kurser/mvc/me/report/tests/Game/StandardPlayingCardTraitTest.php" line="18" assertions="7" time="0.001081"/>
      </testsuite>
      <testsuite name="App\Roadlike\ChallengerTest" file="/home/missivaeak/dbwebb-kurser/mvc/me/report/tests/Roadlike/ChallengerTest.php" tests="11" assertions="33" errors="0" warnings="0" failures="0" skipped="0" time="0.003496">
        <testcase name="testInstansiate" class="App\Roadlike\ChallengerTest" classname="App.Roadlike.ChallengerTest" file="/home/missivaeak/dbwebb-kurser/mvc/me/report/tests/Roadlike/ChallengerTest.php" line="37" assertions="2" time="0.001350"/>
        <testcase name="testGetStats" class="App\Roadlike\ChallengerTest" classname="App.Roadlike.ChallengerTest" file="/home/missivaeak/dbwebb-kurser/mvc/me/report/tests/Roadlike/ChallengerTest.php" line="46" assertions="6" time="0.000235"/>
        <testcase name="testGetNoStats" class="App\Roadlike\ChallengerTest" classname="App.Roadlike.ChallengerTest" file="/home/missivaeak/dbwebb-kurser/mvc/me/report/tests/Roadlike/ChallengerTest.php" line="61" assertions="6" time="0.000221"/>
        <testcase name="testModifyStat" class="App\Roadlike\ChallengerTest" classname="App.Roadlike.ChallengerTest" file="/home/missivaeak/dbwebb-kurser/mvc/me/report/tests/Roadlike/ChallengerTest.php" line="75" assertions="6" time="0.000244"/>
        <testcase name="testGetHealth" class="App\Roadlike\ChallengerTest" classname="App.Roadlike.ChallengerTest" file="/home/missivaeak/dbwebb-kurser/mvc/me/report/tests/Roadlike/ChallengerTest.php" line="95" assertions="2" time="0.000214"/>
        <testcase name="testGetMaxHealth" class="App\Roadlike\ChallengerTest" classname="App.Roadlike.ChallengerTest" file="/home/missivaeak/dbwebb-kurser/mvc/me/report/tests/Roadlike/ChallengerTest.php" line="104" assertions="2" time="0.000198"/>
        <testcase name="testModifyHealth" class="App\Roadlike\ChallengerTest" classname="App.Roadlike.ChallengerTest" file="/home/missivaeak/dbwebb-kurser/mvc/me/report/tests/Roadlike/ChallengerTest.php" line="113" assertions="2" time="0.000211"/>
        <testcase name="testGetStamina" class="App\Roadlike\ChallengerTest" classname="App.Roadlike.ChallengerTest" file="/home/missivaeak/dbwebb-kurser/mvc/me/report/tests/Roadlike/ChallengerTest.php" line="124" assertions="2" time="0.000196"/>
        <testcase name="testGetMaxStamina" class="App\Roadlike\ChallengerTest" classname="App.Roadlike.ChallengerTest" file="/home/missivaeak/dbwebb-kurser/mvc/me/report/tests/Roadlike/ChallengerTest.php" line="133" assertions="2" time="0.000214"/>
        <testcase name="testModifyStamina" class="App\Roadlike\ChallengerTest" classname="App.Roadlike.ChallengerTest" file="/home/missivaeak/dbwebb-kurser/mvc/me/report/tests/Roadlike/ChallengerTest.php" line="142" assertions="2" time="0.000199"/>
        <testcase name="testGetName" class="App\Roadlike\ChallengerTest" classname="App.Roadlike.ChallengerTest" file="/home/missivaeak/dbwebb-kurser/mvc/me/report/tests/Roadlike/ChallengerTest.php" line="153" assertions="1" time="0.000213"/>
      </testsuite>
      <testsuite name="App\Roadlike\CrossroadsTest" file="/home/missivaeak/dbwebb-kurser/mvc/me/report/tests/Roadlike/CrossroadsTest.php" tests="5" assertions="13" errors="0" warnings="0" failures="0" skipped="0" time="0.002948">
        <testcase name="testInstansiate" class="App\Roadlike\CrossroadsTest" classname="App.Roadlike.CrossroadsTest" file="/home/missivaeak/dbwebb-kurser/mvc/me/report/tests/Roadlike/CrossroadsTest.php" line="43" assertions="3" time="0.001443"/>
        <testcase name="testGetAddRoad" class="App\Roadlike\CrossroadsTest" classname="App.Roadlike.CrossroadsTest" file="/home/missivaeak/dbwebb-kurser/mvc/me/report/tests/Roadlike/CrossroadsTest.php" line="53" assertions="5" time="0.000384"/>
        <testcase name="testGetRandomRoadNull" class="App\Roadlike\CrossroadsTest" classname="App.Roadlike.CrossroadsTest" file="/home/missivaeak/dbwebb-kurser/mvc/me/report/tests/Roadlike/CrossroadsTest.php" line="70" assertions="1" time="0.000304"/>
        <testcase name="testGetRandomRoadOne" class="App\Roadlike\CrossroadsTest" classname="App.Roadlike.CrossroadsTest" file="/home/missivaeak/dbwebb-kurser/mvc/me/report/tests/Roadlike/CrossroadsTest.php" line="80" assertions="2" time="0.000346"/>
        <testcase name="testGetRandomRoadTwo" class="App\Roadlike\CrossroadsTest" classname="App.Roadlike.CrossroadsTest" file="/home/missivaeak/dbwebb-kurser/mvc/me/report/tests/Roadlike/CrossroadsTest.php" line="91" assertions="2" time="0.000472"/>
      </testsuite>
      <testsuite name="App\Roadlike\FactoryTest" file="/home/missivaeak/dbwebb-kurser/mvc/me/report/tests/Roadlike/FactoryTest.php" tests="4" assertions="9" errors="0" warnings="0" failures="0" skipped="0" time="0.003850">
        <testcase name="testBuildManager" class="App\Roadlike\FactoryTest" classname="App.Roadlike.FactoryTest" file="/home/missivaeak/dbwebb-kurser/mvc/me/report/tests/Roadlike/FactoryTest.php" line="97" assertions="3" time="0.001878"/>
        <testcase name="testBuildDraft" class="App\Roadlike\FactoryTest" classname="App.Roadlike.FactoryTest" file="/home/missivaeak/dbwebb-kurser/mvc/me/report/tests/Roadlike/FactoryTest.php" line="111" assertions="2" time="0.000537"/>
        <testcase name="testBuildObstacles" class="App\Roadlike\FactoryTest" classname="App.Roadlike.FactoryTest" file="/home/missivaeak/dbwebb-kurser/mvc/me/report/tests/Roadlike/FactoryTest.php" line="131" assertions="2" time="0.001091"/>
        <testcase name="testBuildCrossroads" class="App\Roadlike\FactoryTest" classname="App.Roadlike.FactoryTest" file="/home/missivaeak/dbwebb-kurser/mvc/me/report/tests/Roadlike/FactoryTest.php" line="143" assertions="2" time="0.000343"/>
      </testsuite>
      <testsuite name="App\Roadlike\ManagerTest" file="/home/missivaeak/dbwebb-kurser/mvc/me/report/tests/Roadlike/ManagerTest.php" tests="9" assertions="17" errors="0" warnings="0" failures="0" skipped="0" time="0.003503">
        <testcase name="testInstansiate" class="App\Roadlike\ManagerTest" classname="App.Roadlike.ManagerTest" file="/home/missivaeak/dbwebb-kurser/mvc/me/report/tests/Roadlike/ManagerTest.php" line="36" assertions="2" time="0.000627"/>
        <testcase name="testSetGetCrossroads" class="App\Roadlike\ManagerTest" classname="App.Roadlike.ManagerTest" file="/home/missivaeak/dbwebb-kurser/mvc/me/report/tests/Roadlike/ManagerTest.php" line="45" assertions="2" time="0.000354"/>
        <testcase name="testUnsetCrossroads" class="App\Roadlike\ManagerTest" classname="App.Roadlike.ManagerTest" file="/home/missivaeak/dbwebb-kurser/mvc/me/report/tests/Roadlike/ManagerTest.php" line="58" assertions="1" time="0.000320"/>
        <testcase name="testGetChallenger" class="App\Roadlike\ManagerTest" classname="App.Roadlike.ManagerTest" file="/home/missivaeak/dbwebb-kurser/mvc/me/report/tests/Roadlike/ManagerTest.php" line="70" assertions="1" time="0.000351"/>
        <testcase name="testGetJourney" class="App\Roadlike\ManagerTest" classname="App.Roadlike.ManagerTest" file="/home/missivaeak/dbwebb-kurser/mvc/me/report/tests/Roadlike/ManagerTest.php" line="79" assertions="1" time="0.000334"/>
        <testcase name="testGetTimeDefault" class="App\Roadlike\ManagerTest" classname="App.Roadlike.ManagerTest" file="/home/missivaeak/dbwebb-kurser/mvc/me/report/tests/Roadlike/ManagerTest.php" line="88" assertions="2" time="0.000346"/>
        <testcase name="testGetTime" class="App\Roadlike\ManagerTest" classname="App.Roadlike.ManagerTest" file="/home/missivaeak/dbwebb-kurser/mvc/me/report/tests/Roadlike/ManagerTest.php" line="99" assertions="2" time="0.000331"/>
        <testcase name="testModifyTime" class="App\Roadlike\ManagerTest" classname="App.Roadlike.ManagerTest" file="/home/missivaeak/dbwebb-kurser/mvc/me/report/tests/Roadlike/ManagerTest.php" line="110" assertions="3" time="0.000322"/>
        <testcase name="testResolveAttempt" class="App\Roadlike\ManagerTest" classname="App.Roadlike.ManagerTest" file="/home/missivaeak/dbwebb-kurser/mvc/me/report/tests/Roadlike/ManagerTest.php" line="124" assertions="3" time="0.000518"/>
      </testsuite>
      <testsuite name="App\Roadlike\ORMTest" file="/home/missivaeak/dbwebb-kurser/mvc/me/report/tests/Roadlike/ORMTest.php" tests="9" assertions="19" errors="0" warnings="0" failures="0" skipped="0" time="0.027472">
        <testcase name="testInstansiate" class="App\Roadlike\ORMTest" classname="App.Roadlike.ORMTest" file="/home/missivaeak/dbwebb-kurser/mvc/me/report/tests/Roadlike/ORMTest.php" line="85" assertions="1" time="0.006503"/>
        <testcase name="testGetAllTemplates" class="App\Roadlike\ORMTest" classname="App.Roadlike.ORMTest" file="/home/missivaeak/dbwebb-kurser/mvc/me/report/tests/Roadlike/ORMTest.php" line="93" assertions="2" time="0.006278"/>
        <testcase name="testAddTemplate" class="App\Roadlike\ORMTest" classname="App.Roadlike.ORMTest" file="/home/missivaeak/dbwebb-kurser/mvc/me/report/tests/Roadlike/ORMTest.php" line="120" assertions="2" time="0.001663"/>
        <testcase name="testDelTemplate" class="App\Roadlike\ORMTest" classname="App.Roadlike.ORMTest" file="/home/missivaeak/dbwebb-kurser/mvc/me/report/tests/Roadlike/ORMTest.php" line="137" assertions="3" time="0.002042"/>
        <testcase name="testDelTemplateNotFound" class="App\Roadlike\ORMTest" classname="App.Roadlike.ORMTest" file="/home/missivaeak/dbwebb-kurser/mvc/me/report/tests/Roadlike/ORMTest.php" line="167" assertions="2" time="0.001773"/>
        <testcase name="testGetAllObstacles" class="App\Roadlike\ORMTest" classname="App.Roadlike.ORMTest" file="/home/missivaeak/dbwebb-kurser/mvc/me/report/tests/Roadlike/ORMTest.php" line="185" assertions="2" time="0.003694"/>
        <testcase name="testAddObstacle" class="App\Roadlike\ORMTest" classname="App.Roadlike.ORMTest" file="/home/missivaeak/dbwebb-kurser/mvc/me/report/tests/Roadlike/ORMTest.php" line="203" assertions="2" time="0.001704"/>
        <testcase name="testDelObstacle" class="App\Roadlike\ORMTest" classname="App.Roadlike.ORMTest" file="/home/missivaeak/dbwebb-kurser/mvc/me/report/tests/Roadlike/ORMTest.php" line="236" assertions="3" time="0.002058"/>
        <testcase name="testDelObstacleNotFound" class="App\Roadlike\ORMTest" classname="App.Roadlike.ORMTest" file="/home/missivaeak/dbwebb-kurser/mvc/me/report/tests/Roadlike/ORMTest.php" line="266" assertions="2" time="0.001756"/>
      </testsuite>
      <testsuite name="App\Roadlike\ObstacleTest" file="/home/missivaeak/dbwebb-kurser/mvc/me/report/tests/Roadlike/ObstacleTest.php" tests="5" assertions="11" errors="0" warnings="0" failures="0" skipped="0" time="0.002133">
        <testcase name="testInstansiate" class="App\Roadlike\ObstacleTest" classname="App.Roadlike.ObstacleTest" file="/home/missivaeak/dbwebb-kurser/mvc/me/report/tests/Roadlike/ObstacleTest.php" line="80" assertions="1" time="0.000386"/>
        <testcase name="testGetName" class="App\Roadlike\ObstacleTest" classname="App.Roadlike.ObstacleTest" file="/home/missivaeak/dbwebb-kurser/mvc/me/report/tests/Roadlike/ObstacleTest.php" line="88" assertions="1" time="0.000384"/>
        <testcase name="testGetDescription" class="App\Roadlike\ObstacleTest" classname="App.Roadlike.ObstacleTest" file="/home/missivaeak/dbwebb-kurser/mvc/me/report/tests/Roadlike/ObstacleTest.php" line="96" assertions="1" time="0.000377"/>
        <testcase name="testAttemptUnlucky" class="App\Roadlike\ObstacleTest" classname="App.Roadlike.ObstacleTest" file="/home/missivaeak/dbwebb-kurser/mvc/me/report/tests/Roadlike/ObstacleTest.php" line="104" assertions="4" time="0.000497"/>
        <testcase name="testAttemptLucky" class="App\Roadlike\ObstacleTest" classname="App.Roadlike.ObstacleTest" file="/home/missivaeak/dbwebb-kurser/mvc/me/report/tests/Roadlike/ObstacleTest.php" line="140" assertions="4" time="0.000489"/>
      </testsuite>
      <testsuite name="App\Roadlike\RoadTest" file="/home/missivaeak/dbwebb-kurser/mvc/me/report/tests/Roadlike/RoadTest.php" tests="5" assertions="7" errors="0" warnings="0" failures="0" skipped="0" time="0.001952">
        <testcase name="testInstansiate" class="App\Roadlike\RoadTest" classname="App.Roadlike.RoadTest" file="/home/missivaeak/dbwebb-kurser/mvc/me/report/tests/Roadlike/RoadTest.php" line="35" assertions="3" time="0.000695"/>
        <testcase name="testGetLength" class="App\Roadlike\RoadTest" classname="App.Roadlike.RoadTest" file="/home/missivaeak/dbwebb-kurser/mvc/me/report/tests/Roadlike/RoadTest.php" line="45" assertions="1" time="0.000309"/>
        <testcase name="testGetObstacles" class="App\Roadlike\RoadTest" classname="App.Roadlike.RoadTest" file="/home/missivaeak/dbwebb-kurser/mvc/me/report/tests/Roadlike/RoadTest.php" line="54" assertions="1" time="0.000310"/>
        <testcase name="testAddObstacle" class="App\Roadlike\RoadTest" classname="App.Roadlike.RoadTest" file="/home/missivaeak/dbwebb-kurser/mvc/me/report/tests/Roadlike/RoadTest.php" line="66" assertions="1" time="0.000302"/>
        <testcase name="testAddLength" class="App\Roadlike\RoadTest" classname="App.Roadlike.RoadTest" file="/home/missivaeak/dbwebb-kurser/mvc/me/report/tests/Roadlike/RoadTest.php" line="76" assertions="1" time="0.000335"/>
      </testsuite>
    </testsuite>
  </testsuite>
</testsuites>
