<?xml version="1.0" encoding="UTF-8"?>
<testsuites>
  <testsuite name="" tests="162" assertions="299" errors="0" warnings="0" failures="0" skipped="0" time="0.205766">
    <testsuite name="Project Test Suite" tests="162" assertions="299" errors="0" warnings="0" failures="0" skipped="0" time="0.205766">
      <testsuite name="App\Dice\DiceTest" file="/home/missivaeak/dbwebb-kurser/mvc/me/report/tests/Dice/DiceTest.php" tests="1" assertions="2" errors="0" warnings="0" failures="0" skipped="0" time="0.004939">
        <testcase name="testCreateDice" class="App\Dice\DiceTest" classname="App.Dice.DiceTest" file="/home/missivaeak/dbwebb-kurser/mvc/me/report/tests/Dice/DiceTest.php" line="16" assertions="2" time="0.004939"/>
      </testsuite>
      <testsuite name="App\Game\CardCollectionAbstractTest" file="/home/missivaeak/dbwebb-kurser/mvc/me/report/tests/Game/CardCollectionAbstractTest.php" tests="16" assertions="33" errors="0" warnings="0" failures="0" skipped="0" time="0.020221">
        <testcase name="testInstantiate" class="App\Game\CardCollectionAbstractTest" classname="App.Game.CardCollectionAbstractTest" file="/home/missivaeak/dbwebb-kurser/mvc/me/report/tests/Game/CardCollectionAbstractTest.php" line="36" assertions="1" time="0.005828"/>
        <testcase name="testZeroCards" class="App\Game\CardCollectionAbstractTest" classname="App.Game.CardCollectionAbstractTest" file="/home/missivaeak/dbwebb-kurser/mvc/me/report/tests/Game/CardCollectionAbstractTest.php" line="45" assertions="2" time="0.001478"/>
        <testcase name="testAddCard" class="App\Game\CardCollectionAbstractTest" classname="App.Game.CardCollectionAbstractTest" file="/home/missivaeak/dbwebb-kurser/mvc/me/report/tests/Game/CardCollectionAbstractTest.php" line="57" assertions="1" time="0.000904"/>
        <testcase name="testNonZeroCards" class="App\Game\CardCollectionAbstractTest" classname="App.Game.CardCollectionAbstractTest" file="/home/missivaeak/dbwebb-kurser/mvc/me/report/tests/Game/CardCollectionAbstractTest.php" line="69" assertions="2" time="0.000475"/>
        <testcase name="testGetCardsEmpty" class="App\Game\CardCollectionAbstractTest" classname="App.Game.CardCollectionAbstractTest" file="/home/missivaeak/dbwebb-kurser/mvc/me/report/tests/Game/CardCollectionAbstractTest.php" line="80" assertions="3" time="0.000963"/>
        <testcase name="testGetCardsNonEmpty" class="App\Game\CardCollectionAbstractTest" classname="App.Game.CardCollectionAbstractTest" file="/home/missivaeak/dbwebb-kurser/mvc/me/report/tests/Game/CardCollectionAbstractTest.php" line="91" assertions="3" time="0.000510"/>
        <testcase name="testGetFacesEmpty" class="App\Game\CardCollectionAbstractTest" classname="App.Game.CardCollectionAbstractTest" file="/home/missivaeak/dbwebb-kurser/mvc/me/report/tests/Game/CardCollectionAbstractTest.php" line="102" assertions="3" time="0.000481"/>
        <testcase name="testGetFacesNonEmpty" class="App\Game\CardCollectionAbstractTest" classname="App.Game.CardCollectionAbstractTest" file="/home/missivaeak/dbwebb-kurser/mvc/me/report/tests/Game/CardCollectionAbstractTest.php" line="113" assertions="10" time="0.004428"/>
        <testcase name="testGetEmptyWarning" class="App\Game\CardCollectionAbstractTest" classname="App.Game.CardCollectionAbstractTest" file="/home/missivaeak/dbwebb-kurser/mvc/me/report/tests/Game/CardCollectionAbstractTest.php" line="134" assertions="1" time="0.000553"/>
        <testcase name="testRevealAll" class="App\Game\CardCollectionAbstractTest" classname="App.Game.CardCollectionAbstractTest" file="/home/missivaeak/dbwebb-kurser/mvc/me/report/tests/Game/CardCollectionAbstractTest.php" line="142" assertions="1" time="0.000793"/>
        <testcase name="testHideAll" class="App\Game\CardCollectionAbstractTest" classname="App.Game.CardCollectionAbstractTest" file="/home/missivaeak/dbwebb-kurser/mvc/me/report/tests/Game/CardCollectionAbstractTest.php" line="156" assertions="1" time="0.000513"/>
        <testcase name="testShuffle" class="App\Game\CardCollectionAbstractTest" classname="App.Game.CardCollectionAbstractTest" file="/home/missivaeak/dbwebb-kurser/mvc/me/report/tests/Game/CardCollectionAbstractTest.php" line="171" assertions="1" time="0.000757"/>
        <testcase name="testDrawEmpty" class="App\Game\CardCollectionAbstractTest" classname="App.Game.CardCollectionAbstractTest" file="/home/missivaeak/dbwebb-kurser/mvc/me/report/tests/Game/CardCollectionAbstractTest.php" line="192" assertions="1" time="0.000703"/>
        <testcase name="testDrawNonEmpty" class="App\Game\CardCollectionAbstractTest" classname="App.Game.CardCollectionAbstractTest" file="/home/missivaeak/dbwebb-kurser/mvc/me/report/tests/Game/CardCollectionAbstractTest.php" line="202" assertions="1" time="0.000473"/>
        <testcase name="testDrawByPatternEmpty" class="App\Game\CardCollectionAbstractTest" classname="App.Game.CardCollectionAbstractTest" file="/home/missivaeak/dbwebb-kurser/mvc/me/report/tests/Game/CardCollectionAbstractTest.php" line="212" assertions="1" time="0.000663"/>
        <testcase name="testDrawByPatternNonEmpty" class="App\Game\CardCollectionAbstractTest" classname="App.Game.CardCollectionAbstractTest" file="/home/missivaeak/dbwebb-kurser/mvc/me/report/tests/Game/CardCollectionAbstractTest.php" line="223" assertions="1" time="0.000700"/>
      </testsuite>
      <testsuite name="App\Game\DiscardTest" file="/home/missivaeak/dbwebb-kurser/mvc/me/report/tests/Game/DiscardTest.php" tests="2" assertions="3" errors="0" warnings="0" failures="0" skipped="0" time="0.001097">
        <testcase name="testGetTopCardEmpty" class="App\Game\DiscardTest" classname="App.Game.DiscardTest" file="/home/missivaeak/dbwebb-kurser/mvc/me/report/tests/Game/DiscardTest.php" line="35" assertions="1" time="0.000619"/>
        <testcase name="testGetTopCardNonEmpty" class="App\Game\DiscardTest" classname="App.Game.DiscardTest" file="/home/missivaeak/dbwebb-kurser/mvc/me/report/tests/Game/DiscardTest.php" line="45" assertions="2" time="0.000478"/>
      </testsuite>
      <testsuite name="App\Game\GameTest" file="/home/missivaeak/dbwebb-kurser/mvc/me/report/tests/Game/GameTest.php" tests="21" assertions="31" errors="0" warnings="0" failures="0" skipped="0" time="0.016871">
        <testcase name="testInstansiate" class="App\Game\GameTest" classname="App.Game.GameTest" file="/home/missivaeak/dbwebb-kurser/mvc/me/report/tests/Game/GameTest.php" line="48" assertions="1" time="0.004522"/>
        <testcase name="testGetPlayer" class="App\Game\GameTest" classname="App.Game.GameTest" file="/home/missivaeak/dbwebb-kurser/mvc/me/report/tests/Game/GameTest.php" line="56" assertions="1" time="0.000579"/>
        <testcase name="testGetOpponent" class="App\Game\GameTest" classname="App.Game.GameTest" file="/home/missivaeak/dbwebb-kurser/mvc/me/report/tests/Game/GameTest.php" line="66" assertions="1" time="0.000500"/>
        <testcase name="testGetKnockThreshold" class="App\Game\GameTest" classname="App.Game.GameTest" file="/home/missivaeak/dbwebb-kurser/mvc/me/report/tests/Game/GameTest.php" line="76" assertions="1" time="0.000482"/>
        <testcase name="testGetGinBonus" class="App\Game\GameTest" classname="App.Game.GameTest" file="/home/missivaeak/dbwebb-kurser/mvc/me/report/tests/Game/GameTest.php" line="84" assertions="1" time="0.000452"/>
        <testcase name="testGetUndercutBonus" class="App\Game\GameTest" classname="App.Game.GameTest" file="/home/missivaeak/dbwebb-kurser/mvc/me/report/tests/Game/GameTest.php" line="92" assertions="1" time="0.000451"/>
        <testcase name="testGetKnockBonus" class="App\Game\GameTest" classname="App.Game.GameTest" file="/home/missivaeak/dbwebb-kurser/mvc/me/report/tests/Game/GameTest.php" line="100" assertions="1" time="0.000448"/>
        <testcase name="testGetHandSize" class="App\Game\GameTest" classname="App.Game.GameTest" file="/home/missivaeak/dbwebb-kurser/mvc/me/report/tests/Game/GameTest.php" line="108" assertions="1" time="0.000466"/>
        <testcase name="testGetWinThreshold" class="App\Game\GameTest" classname="App.Game.GameTest" file="/home/missivaeak/dbwebb-kurser/mvc/me/report/tests/Game/GameTest.php" line="116" assertions="1" time="0.000474"/>
        <testcase name="testGetSetRound" class="App\Game\GameTest" classname="App.Game.GameTest" file="/home/missivaeak/dbwebb-kurser/mvc/me/report/tests/Game/GameTest.php" line="124" assertions="1" time="0.001243"/>
        <testcase name="testDeal" class="App\Game\GameTest" classname="App.Game.GameTest" file="/home/missivaeak/dbwebb-kurser/mvc/me/report/tests/Game/GameTest.php" line="136" assertions="1" time="0.001245"/>
        <testcase name="testDeckToDiscard" class="App\Game\GameTest" classname="App.Game.GameTest" file="/home/missivaeak/dbwebb-kurser/mvc/me/report/tests/Game/GameTest.php" line="153" assertions="4" time="0.000672"/>
        <testcase name="testDeckToDiscardEmpty" class="App\Game\GameTest" classname="App.Game.GameTest" file="/home/missivaeak/dbwebb-kurser/mvc/me/report/tests/Game/GameTest.php" line="180" assertions="3" time="0.000923"/>
        <testcase name="testReturnCards" class="App\Game\GameTest" classname="App.Game.GameTest" file="/home/missivaeak/dbwebb-kurser/mvc/me/report/tests/Game/GameTest.php" line="202" assertions="4" time="0.001039"/>
        <testcase name="testGetPlayerHand" class="App\Game\GameTest" classname="App.Game.GameTest" file="/home/missivaeak/dbwebb-kurser/mvc/me/report/tests/Game/GameTest.php" line="242" assertions="1" time="0.000495"/>
        <testcase name="testGetOpponentHand" class="App\Game\GameTest" classname="App.Game.GameTest" file="/home/missivaeak/dbwebb-kurser/mvc/me/report/tests/Game/GameTest.php" line="249" assertions="1" time="0.000451"/>
        <testcase name="testGetDeck" class="App\Game\GameTest" classname="App.Game.GameTest" file="/home/missivaeak/dbwebb-kurser/mvc/me/report/tests/Game/GameTest.php" line="256" assertions="1" time="0.000447"/>
        <testcase name="testGetDiscard" class="App\Game\GameTest" classname="App.Game.GameTest" file="/home/missivaeak/dbwebb-kurser/mvc/me/report/tests/Game/GameTest.php" line="263" assertions="1" time="0.000463"/>
        <testcase name="testScoreKnockingWins" class="App\Game\GameTest" classname="App.Game.GameTest" file="/home/missivaeak/dbwebb-kurser/mvc/me/report/tests/Game/GameTest.php" line="270" assertions="2" time="0.000531"/>
        <testcase name="testScoreNotKnockingWins" class="App\Game\GameTest" classname="App.Game.GameTest" file="/home/missivaeak/dbwebb-kurser/mvc/me/report/tests/Game/GameTest.php" line="287" assertions="2" time="0.000540"/>
        <testcase name="testScoreEqual" class="App\Game\GameTest" classname="App.Game.GameTest" file="/home/missivaeak/dbwebb-kurser/mvc/me/report/tests/Game/GameTest.php" line="305" assertions="1" time="0.000449"/>
      </testsuite>
      <testsuite name="App\Game\GinRummyHandTest" file="/home/missivaeak/dbwebb-kurser/mvc/me/report/tests/Game/GinRummyHandTest.php" tests="8" assertions="14" errors="0" warnings="0" failures="0" skipped="0" time="0.007072">
        <testcase name="testInstantiate" class="App\Game\GinRummyHandTest" classname="App.Game.GinRummyHandTest" file="/home/missivaeak/dbwebb-kurser/mvc/me/report/tests/Game/GinRummyHandTest.php" line="41" assertions="1" time="0.001316"/>
        <testcase name="testGetMeldsEmpty" class="App\Game\GinRummyHandTest" classname="App.Game.GinRummyHandTest" file="/home/missivaeak/dbwebb-kurser/mvc/me/report/tests/Game/GinRummyHandTest.php" line="49" assertions="2" time="0.000573"/>
        <testcase name="testGetMeldsNonEmpty" class="App\Game\GinRummyHandTest" classname="App.Game.GinRummyHandTest" file="/home/missivaeak/dbwebb-kurser/mvc/me/report/tests/Game/GinRummyHandTest.php" line="60" assertions="3" time="0.000592"/>
        <testcase name="testGetMeldCards" class="App\Game\GinRummyHandTest" classname="App.Game.GinRummyHandTest" file="/home/missivaeak/dbwebb-kurser/mvc/me/report/tests/Game/GinRummyHandTest.php" line="72" assertions="1" time="0.000575"/>
        <testcase name="testGetMeldCardsWrongIndex" class="App\Game\GinRummyHandTest" classname="App.Game.GinRummyHandTest" file="/home/missivaeak/dbwebb-kurser/mvc/me/report/tests/Game/GinRummyHandTest.php" line="85" assertions="1" time="0.001711"/>
        <testcase name="testGetUnmatched" class="App\Game\GinRummyHandTest" classname="App.Game.GinRummyHandTest" file="/home/missivaeak/dbwebb-kurser/mvc/me/report/tests/Game/GinRummyHandTest.php" line="94" assertions="4" time="0.001138"/>
        <testcase name="testAddToMeld" class="App\Game\GinRummyHandTest" classname="App.Game.GinRummyHandTest" file="/home/missivaeak/dbwebb-kurser/mvc/me/report/tests/Game/GinRummyHandTest.php" line="118" assertions="1" time="0.000638"/>
        <testcase name="testResetMelds" class="App\Game\GinRummyHandTest" classname="App.Game.GinRummyHandTest" file="/home/missivaeak/dbwebb-kurser/mvc/me/report/tests/Game/GinRummyHandTest.php" line="136" assertions="1" time="0.000528"/>
      </testsuite>
      <testsuite name="App\Game\GinRummyOpponentLogicTest" file="/home/missivaeak/dbwebb-kurser/mvc/me/report/tests/Game/GinRummyOpponentLogicTest.php" tests="19" assertions="28" errors="0" warnings="0" failures="0" skipped="0" time="0.065877">
        <testcase name="testInstansiate" class="App\Game\GinRummyOpponentLogicTest" classname="App.Game.GinRummyOpponentLogicTest" file="/home/missivaeak/dbwebb-kurser/mvc/me/report/tests/Game/GinRummyOpponentLogicTest.php" line="66" assertions="1" time="0.002710"/>
        <testcase name="testPickDiscard" class="App\Game\GinRummyOpponentLogicTest" classname="App.Game.GinRummyOpponentLogicTest" file="/home/missivaeak/dbwebb-kurser/mvc/me/report/tests/Game/GinRummyOpponentLogicTest.php" line="74" assertions="1" time="0.000999"/>
        <testcase name="testPickDiscardEmptyDiscard" class="App\Game\GinRummyOpponentLogicTest" classname="App.Game.GinRummyOpponentLogicTest" file="/home/missivaeak/dbwebb-kurser/mvc/me/report/tests/Game/GinRummyOpponentLogicTest.php" line="88" assertions="1" time="0.000891"/>
        <testcase name="testPickDeck" class="App\Game\GinRummyOpponentLogicTest" classname="App.Game.GinRummyOpponentLogicTest" file="/home/missivaeak/dbwebb-kurser/mvc/me/report/tests/Game/GinRummyOpponentLogicTest.php" line="102" assertions="1" time="0.000854"/>
        <testcase name="testPickDeckEmptyDeck" class="App\Game\GinRummyOpponentLogicTest" classname="App.Game.GinRummyOpponentLogicTest" file="/home/missivaeak/dbwebb-kurser/mvc/me/report/tests/Game/GinRummyOpponentLogicTest.php" line="116" assertions="1" time="0.000920"/>
        <testcase name="testDiscard" class="App\Game\GinRummyOpponentLogicTest" classname="App.Game.GinRummyOpponentLogicTest" file="/home/missivaeak/dbwebb-kurser/mvc/me/report/tests/Game/GinRummyOpponentLogicTest.php" line="131" assertions="1" time="0.009015"/>
        <testcase name="testDiscardEmptyHand" class="App\Game\GinRummyOpponentLogicTest" classname="App.Game.GinRummyOpponentLogicTest" file="/home/missivaeak/dbwebb-kurser/mvc/me/report/tests/Game/GinRummyOpponentLogicTest.php" line="162" assertions="1" time="0.000951"/>
        <testcase name="testDrawOrPass" class="App\Game\GinRummyOpponentLogicTest" classname="App.Game.GinRummyOpponentLogicTest" file="/home/missivaeak/dbwebb-kurser/mvc/me/report/tests/Game/GinRummyOpponentLogicTest.php" line="176" assertions="1" time="0.002487"/>
        <testcase name="testDrawDeckOrDrawDiscard" class="App\Game\GinRummyOpponentLogicTest" classname="App.Game.GinRummyOpponentLogicTest" file="/home/missivaeak/dbwebb-kurser/mvc/me/report/tests/Game/GinRummyOpponentLogicTest.php" line="201" assertions="1" time="0.003028"/>
        <testcase name="testKnockOrPassCanKnock" class="App\Game\GinRummyOpponentLogicTest" classname="App.Game.GinRummyOpponentLogicTest" file="/home/missivaeak/dbwebb-kurser/mvc/me/report/tests/Game/GinRummyOpponentLogicTest.php" line="229" assertions="1" time="0.000830"/>
        <testcase name="testKnockOrPassCannotKnock" class="App\Game\GinRummyOpponentLogicTest" classname="App.Game.GinRummyOpponentLogicTest" file="/home/missivaeak/dbwebb-kurser/mvc/me/report/tests/Game/GinRummyOpponentLogicTest.php" line="242" assertions="1" time="0.000882"/>
        <testcase name="testAddToPlayersMeld" class="App\Game\GinRummyOpponentLogicTest" classname="App.Game.GinRummyOpponentLogicTest" file="/home/missivaeak/dbwebb-kurser/mvc/me/report/tests/Game/GinRummyOpponentLogicTest.php" line="256" assertions="1" time="0.001263"/>
        <testcase name="testMainStep" class="App\Game\GinRummyOpponentLogicTest" classname="App.Game.GinRummyOpponentLogicTest" file="/home/missivaeak/dbwebb-kurser/mvc/me/report/tests/Game/GinRummyOpponentLogicTest.php" line="289" assertions="2" time="0.013935"/>
        <testcase name="testMainStepKnock" class="App\Game\GinRummyOpponentLogicTest" classname="App.Game.GinRummyOpponentLogicTest" file="/home/missivaeak/dbwebb-kurser/mvc/me/report/tests/Game/GinRummyOpponentLogicTest.php" line="341" assertions="2" time="0.013532"/>
        <testcase name="testKnockStep" class="App\Game\GinRummyOpponentLogicTest" classname="App.Game.GinRummyOpponentLogicTest" file="/home/missivaeak/dbwebb-kurser/mvc/me/report/tests/Game/GinRummyOpponentLogicTest.php" line="393" assertions="2" time="0.001009"/>
        <testcase name="testTopCardChoiceStepFour" class="App\Game\GinRummyOpponentLogicTest" classname="App.Game.GinRummyOpponentLogicTest" file="/home/missivaeak/dbwebb-kurser/mvc/me/report/tests/Game/GinRummyOpponentLogicTest.php" line="413" assertions="3" time="0.000995"/>
        <testcase name="testTopCardChoiceStepFive" class="App\Game\GinRummyOpponentLogicTest" classname="App.Game.GinRummyOpponentLogicTest" file="/home/missivaeak/dbwebb-kurser/mvc/me/report/tests/Game/GinRummyOpponentLogicTest.php" line="437" assertions="3" time="0.001005"/>
        <testcase name="testTopCardChoiceStepDraw" class="App\Game\GinRummyOpponentLogicTest" classname="App.Game.GinRummyOpponentLogicTest" file="/home/missivaeak/dbwebb-kurser/mvc/me/report/tests/Game/GinRummyOpponentLogicTest.php" line="461" assertions="2" time="0.009360"/>
        <testcase name="testTopCardForcedStep" class="App\Game\GinRummyOpponentLogicTest" classname="App.Game.GinRummyOpponentLogicTest" file="/home/missivaeak/dbwebb-kurser/mvc/me/report/tests/Game/GinRummyOpponentLogicTest.php" line="499" assertions="2" time="0.001210"/>
      </testsuite>
      <testsuite name="App\Game\GinRummyScoringTest" file="/home/missivaeak/dbwebb-kurser/mvc/me/report/tests/Game/GinRummyScoringTest.php" tests="9" assertions="16" errors="0" warnings="0" failures="0" skipped="0" time="0.017245">
        <testcase name="testMeld" class="App\Game\GinRummyScoringTest" classname="App.Game.GinRummyScoringTest" file="/home/missivaeak/dbwebb-kurser/mvc/me/report/tests/Game/GinRummyScoringTest.php" line="75" assertions="2" time="0.001937"/>
        <testcase name="testMeldSetsFirstNoMock" class="App\Game\GinRummyScoringTest" classname="App.Game.GinRummyScoringTest" file="/home/missivaeak/dbwebb-kurser/mvc/me/report/tests/Game/GinRummyScoringTest.php" line="88" assertions="1" time="0.003086"/>
        <testcase name="testMeldRunsFirstNoMock" class="App\Game\GinRummyScoringTest" classname="App.Game.GinRummyScoringTest" file="/home/missivaeak/dbwebb-kurser/mvc/me/report/tests/Game/GinRummyScoringTest.php" line="106" assertions="1" time="0.003535"/>
        <testcase name="testAddToOthersMeldSetNoMock" class="App\Game\GinRummyScoringTest" classname="App.Game.GinRummyScoringTest" file="/home/missivaeak/dbwebb-kurser/mvc/me/report/tests/Game/GinRummyScoringTest.php" line="124" assertions="3" time="0.001149"/>
        <testcase name="testAddToOthersMeldRunNoMock" class="App\Game\GinRummyScoringTest" classname="App.Game.GinRummyScoringTest" file="/home/missivaeak/dbwebb-kurser/mvc/me/report/tests/Game/GinRummyScoringTest.php" line="153" assertions="3" time="0.001430"/>
        <testcase name="testAddToOthersMeldInvalidNoMock" class="App\Game\GinRummyScoringTest" classname="App.Game.GinRummyScoringTest" file="/home/missivaeak/dbwebb-kurser/mvc/me/report/tests/Game/GinRummyScoringTest.php" line="182" assertions="3" time="0.001248"/>
        <testcase name="testCheckScoreDiffNeg" class="App\Game\GinRummyScoringTest" classname="App.Game.GinRummyScoringTest" file="/home/missivaeak/dbwebb-kurser/mvc/me/report/tests/Game/GinRummyScoringTest.php" line="211" assertions="1" time="0.002076"/>
        <testcase name="testCheckScoreDiffPos" class="App\Game\GinRummyScoringTest" classname="App.Game.GinRummyScoringTest" file="/home/missivaeak/dbwebb-kurser/mvc/me/report/tests/Game/GinRummyScoringTest.php" line="235" assertions="1" time="0.001459"/>
        <testcase name="testCheckScoreDiffEqual" class="App\Game\GinRummyScoringTest" classname="App.Game.GinRummyScoringTest" file="/home/missivaeak/dbwebb-kurser/mvc/me/report/tests/Game/GinRummyScoringTest.php" line="259" assertions="1" time="0.001326"/>
      </testsuite>
      <testsuite name="App\Game\MeldTest" file="/home/missivaeak/dbwebb-kurser/mvc/me/report/tests/Game/MeldTest.php" tests="6" assertions="10" errors="0" warnings="0" failures="0" skipped="0" time="0.001771">
        <testcase name="testInstansiate" class="App\Game\MeldTest" classname="App.Game.MeldTest" file="/home/missivaeak/dbwebb-kurser/mvc/me/report/tests/Game/MeldTest.php" line="32" assertions="1" time="0.000278"/>
        <testcase name="testExceptionWrongInstansiate" class="App\Game\MeldTest" classname="App.Game.MeldTest" file="/home/missivaeak/dbwebb-kurser/mvc/me/report/tests/Game/MeldTest.php" line="41" assertions="1" time="0.000438"/>
        <testcase name="testIsRun" class="App\Game\MeldTest" classname="App.Game.MeldTest" file="/home/missivaeak/dbwebb-kurser/mvc/me/report/tests/Game/MeldTest.php" line="50" assertions="2" time="0.000200"/>
        <testcase name="testIsSet" class="App\Game\MeldTest" classname="App.Game.MeldTest" file="/home/missivaeak/dbwebb-kurser/mvc/me/report/tests/Game/MeldTest.php" line="59" assertions="2" time="0.000192"/>
        <testcase name="testGetValue" class="App\Game\MeldTest" classname="App.Game.MeldTest" file="/home/missivaeak/dbwebb-kurser/mvc/me/report/tests/Game/MeldTest.php" line="68" assertions="2" time="0.000341"/>
        <testcase name="testGetSuit" class="App\Game\MeldTest" classname="App.Game.MeldTest" file="/home/missivaeak/dbwebb-kurser/mvc/me/report/tests/Game/MeldTest.php" line="84" assertions="2" time="0.000323"/>
      </testsuite>
      <testsuite name="App\Game\PlayerTest" file="/home/missivaeak/dbwebb-kurser/mvc/me/report/tests/Game/PlayerTest.php" tests="4" assertions="4" errors="0" warnings="0" failures="0" skipped="0" time="0.001025">
        <testcase name="testInstansiate" class="App\Game\PlayerTest" classname="App.Game.PlayerTest" file="/home/missivaeak/dbwebb-kurser/mvc/me/report/tests/Game/PlayerTest.php" line="30" assertions="1" time="0.000255"/>
        <testcase name="testGetHand" class="App\Game\PlayerTest" classname="App.Game.PlayerTest" file="/home/missivaeak/dbwebb-kurser/mvc/me/report/tests/Game/PlayerTest.php" line="38" assertions="1" time="0.000250"/>
        <testcase name="testGetScore" class="App\Game\PlayerTest" classname="App.Game.PlayerTest" file="/home/missivaeak/dbwebb-kurser/mvc/me/report/tests/Game/PlayerTest.php" line="47" assertions="1" time="0.000252"/>
        <testcase name="testAddScore" class="App\Game\PlayerTest" classname="App.Game.PlayerTest" file="/home/missivaeak/dbwebb-kurser/mvc/me/report/tests/Game/PlayerTest.php" line="57" assertions="1" time="0.000268"/>
      </testsuite>
      <testsuite name="App\Game\RoundTest" file="/home/missivaeak/dbwebb-kurser/mvc/me/report/tests/Game/RoundTest.php" tests="10" assertions="17" errors="0" warnings="0" failures="0" skipped="0" time="0.003919">
        <testcase name="testInstansiate" class="App\Game\RoundTest" classname="App.Game.RoundTest" file="/home/missivaeak/dbwebb-kurser/mvc/me/report/tests/Game/RoundTest.php" line="31" assertions="1" time="0.000306"/>
        <testcase name="testRandomiseDealer" class="App\Game\RoundTest" classname="App.Game.RoundTest" file="/home/missivaeak/dbwebb-kurser/mvc/me/report/tests/Game/RoundTest.php" line="40" assertions="3" time="0.000845"/>
        <testcase name="testGetSetDealer" class="App\Game\RoundTest" classname="App.Game.RoundTest" file="/home/missivaeak/dbwebb-kurser/mvc/me/report/tests/Game/RoundTest.php" line="65" assertions="1" time="0.000291"/>
        <testcase name="testGetActivePlayerAfterRandomise" class="App\Game\RoundTest" classname="App.Game.RoundTest" file="/home/missivaeak/dbwebb-kurser/mvc/me/report/tests/Game/RoundTest.php" line="75" assertions="1" time="0.000287"/>
        <testcase name="testGetActivePlayerAfterSet" class="App\Game\RoundTest" classname="App.Game.RoundTest" file="/home/missivaeak/dbwebb-kurser/mvc/me/report/tests/Game/RoundTest.php" line="86" assertions="1" time="0.000292"/>
        <testcase name="testGetNextDealer" class="App\Game\RoundTest" classname="App.Game.RoundTest" file="/home/missivaeak/dbwebb-kurser/mvc/me/report/tests/Game/RoundTest.php" line="97" assertions="3" time="0.000314"/>
        <testcase name="testNextTurn" class="App\Game\RoundTest" classname="App.Game.RoundTest" file="/home/missivaeak/dbwebb-kurser/mvc/me/report/tests/Game/RoundTest.php" line="110" assertions="1" time="0.000303"/>
        <testcase name="testGetSetStep" class="App\Game\RoundTest" classname="App.Game.RoundTest" file="/home/missivaeak/dbwebb-kurser/mvc/me/report/tests/Game/RoundTest.php" line="122" assertions="2" time="0.000293"/>
        <testcase name="testNextStep" class="App\Game\RoundTest" classname="App.Game.RoundTest" file="/home/missivaeak/dbwebb-kurser/mvc/me/report/tests/Game/RoundTest.php" line="132" assertions="1" time="0.000304"/>
        <testcase name="testDeal" class="App\Game\RoundTest" classname="App.Game.RoundTest" file="/home/missivaeak/dbwebb-kurser/mvc/me/report/tests/Game/RoundTest.php" line="142" assertions="3" time="0.000686"/>
      </testsuite>
      <testsuite name="App\Game\StandardPlayingCardTest" file="/home/missivaeak/dbwebb-kurser/mvc/me/report/tests/Game/StandardPlayingCardTest.php" tests="8" assertions="8" errors="0" warnings="0" failures="0" skipped="0" time="0.001571">
        <testcase name="testInstansiate" class="App\Game\StandardPlayingCardTest" classname="App.Game.StandardPlayingCardTest" file="/home/missivaeak/dbwebb-kurser/mvc/me/report/tests/Game/StandardPlayingCardTest.php" line="28" assertions="1" time="0.000197"/>
        <testcase name="testGetValue" class="App\Game\StandardPlayingCardTest" classname="App.Game.StandardPlayingCardTest" file="/home/missivaeak/dbwebb-kurser/mvc/me/report/tests/Game/StandardPlayingCardTest.php" line="36" assertions="1" time="0.000197"/>
        <testcase name="testGetSuit" class="App\Game\StandardPlayingCardTest" classname="App.Game.StandardPlayingCardTest" file="/home/missivaeak/dbwebb-kurser/mvc/me/report/tests/Game/StandardPlayingCardTest.php" line="44" assertions="1" time="0.000197"/>
        <testcase name="testGetFace" class="App\Game\StandardPlayingCardTest" classname="App.Game.StandardPlayingCardTest" file="/home/missivaeak/dbwebb-kurser/mvc/me/report/tests/Game/StandardPlayingCardTest.php" line="52" assertions="1" time="0.000181"/>
        <testcase name="testToString" class="App\Game\StandardPlayingCardTest" classname="App.Game.StandardPlayingCardTest" file="/home/missivaeak/dbwebb-kurser/mvc/me/report/tests/Game/StandardPlayingCardTest.php" line="60" assertions="1" time="0.000178"/>
        <testcase name="testIsFaceUp" class="App\Game\StandardPlayingCardTest" classname="App.Game.StandardPlayingCardTest" file="/home/missivaeak/dbwebb-kurser/mvc/me/report/tests/Game/StandardPlayingCardTest.php" line="68" assertions="1" time="0.000195"/>
        <testcase name="testReveal" class="App\Game\StandardPlayingCardTest" classname="App.Game.StandardPlayingCardTest" file="/home/missivaeak/dbwebb-kurser/mvc/me/report/tests/Game/StandardPlayingCardTest.php" line="76" assertions="1" time="0.000193"/>
        <testcase name="testHide" class="App\Game\StandardPlayingCardTest" classname="App.Game.StandardPlayingCardTest" file="/home/missivaeak/dbwebb-kurser/mvc/me/report/tests/Game/StandardPlayingCardTest.php" line="85" assertions="1" time="0.000233"/>
      </testsuite>
      <testsuite name="App\Game\StandardPlayingCardsTraitTest" file="/home/missivaeak/dbwebb-kurser/mvc/me/report/tests/Game/StandardPlayingCardTraitTest.php" tests="1" assertions="7" errors="0" warnings="0" failures="0" skipped="0" time="0.001024">
        <testcase name="testGetAllValidCardValues" class="App\Game\StandardPlayingCardsTraitTest" classname="App.Game.StandardPlayingCardsTraitTest" file="/home/missivaeak/dbwebb-kurser/mvc/me/report/tests/Game/StandardPlayingCardTraitTest.php" line="18" assertions="7" time="0.001024"/>
      </testsuite>
      <testsuite name="App\Roadlike\ChallengerTest" file="/home/missivaeak/dbwebb-kurser/mvc/me/report/tests/Roadlike/ChallengerTest.php" tests="11" assertions="33" errors="0" warnings="0" failures="0" skipped="0" time="0.004051">
        <testcase name="testInstansiate" class="App\Roadlike\ChallengerTest" classname="App.Roadlike.ChallengerTest" file="/home/missivaeak/dbwebb-kurser/mvc/me/report/tests/Roadlike/ChallengerTest.php" line="37" assertions="2" time="0.000779"/>
        <testcase name="testGetStats" class="App\Roadlike\ChallengerTest" classname="App.Roadlike.ChallengerTest" file="/home/missivaeak/dbwebb-kurser/mvc/me/report/tests/Roadlike/ChallengerTest.php" line="46" assertions="6" time="0.000612"/>
        <testcase name="testGetNoStats" class="App\Roadlike\ChallengerTest" classname="App.Roadlike.ChallengerTest" file="/home/missivaeak/dbwebb-kurser/mvc/me/report/tests/Roadlike/ChallengerTest.php" line="61" assertions="6" time="0.000326"/>
        <testcase name="testModifyStat" class="App\Roadlike\ChallengerTest" classname="App.Roadlike.ChallengerTest" file="/home/missivaeak/dbwebb-kurser/mvc/me/report/tests/Roadlike/ChallengerTest.php" line="75" assertions="6" time="0.000263"/>
        <testcase name="testGetHealth" class="App\Roadlike\ChallengerTest" classname="App.Roadlike.ChallengerTest" file="/home/missivaeak/dbwebb-kurser/mvc/me/report/tests/Roadlike/ChallengerTest.php" line="95" assertions="2" time="0.000426"/>
        <testcase name="testGetMaxHealth" class="App\Roadlike\ChallengerTest" classname="App.Roadlike.ChallengerTest" file="/home/missivaeak/dbwebb-kurser/mvc/me/report/tests/Roadlike/ChallengerTest.php" line="104" assertions="2" time="0.000348"/>
        <testcase name="testModifyHealth" class="App\Roadlike\ChallengerTest" classname="App.Roadlike.ChallengerTest" file="/home/missivaeak/dbwebb-kurser/mvc/me/report/tests/Roadlike/ChallengerTest.php" line="113" assertions="2" time="0.000483"/>
        <testcase name="testGetStamina" class="App\Roadlike\ChallengerTest" classname="App.Roadlike.ChallengerTest" file="/home/missivaeak/dbwebb-kurser/mvc/me/report/tests/Roadlike/ChallengerTest.php" line="124" assertions="2" time="0.000209"/>
        <testcase name="testGetMaxStamina" class="App\Roadlike\ChallengerTest" classname="App.Roadlike.ChallengerTest" file="/home/missivaeak/dbwebb-kurser/mvc/me/report/tests/Roadlike/ChallengerTest.php" line="133" assertions="2" time="0.000199"/>
        <testcase name="testModifyStamina" class="App\Roadlike\ChallengerTest" classname="App.Roadlike.ChallengerTest" file="/home/missivaeak/dbwebb-kurser/mvc/me/report/tests/Roadlike/ChallengerTest.php" line="142" assertions="2" time="0.000213"/>
        <testcase name="testGetName" class="App\Roadlike\ChallengerTest" classname="App.Roadlike.ChallengerTest" file="/home/missivaeak/dbwebb-kurser/mvc/me/report/tests/Roadlike/ChallengerTest.php" line="153" assertions="1" time="0.000193"/>
      </testsuite>
      <testsuite name="App\Roadlike\CrossroadsTest" file="/home/missivaeak/dbwebb-kurser/mvc/me/report/tests/Roadlike/CrossroadsTest.php" tests="5" assertions="13" errors="0" warnings="0" failures="0" skipped="0" time="0.002976">
        <testcase name="testInstansiate" class="App\Roadlike\CrossroadsTest" classname="App.Roadlike.CrossroadsTest" file="/home/missivaeak/dbwebb-kurser/mvc/me/report/tests/Roadlike/CrossroadsTest.php" line="43" assertions="3" time="0.001317"/>
        <testcase name="testGetAddRoad" class="App\Roadlike\CrossroadsTest" classname="App.Roadlike.CrossroadsTest" file="/home/missivaeak/dbwebb-kurser/mvc/me/report/tests/Roadlike/CrossroadsTest.php" line="53" assertions="5" time="0.000514"/>
        <testcase name="testGetRandomRoadNull" class="App\Roadlike\CrossroadsTest" classname="App.Roadlike.CrossroadsTest" file="/home/missivaeak/dbwebb-kurser/mvc/me/report/tests/Roadlike/CrossroadsTest.php" line="70" assertions="1" time="0.000327"/>
        <testcase name="testGetRandomRoadOne" class="App\Roadlike\CrossroadsTest" classname="App.Roadlike.CrossroadsTest" file="/home/missivaeak/dbwebb-kurser/mvc/me/report/tests/Roadlike/CrossroadsTest.php" line="80" assertions="2" time="0.000324"/>
        <testcase name="testGetRandomRoadTwo" class="App\Roadlike\CrossroadsTest" classname="App.Roadlike.CrossroadsTest" file="/home/missivaeak/dbwebb-kurser/mvc/me/report/tests/Roadlike/CrossroadsTest.php" line="91" assertions="2" time="0.000494"/>
      </testsuite>
      <testsuite name="App\Roadlike\FactoryTest" file="/home/missivaeak/dbwebb-kurser/mvc/me/report/tests/Roadlike/FactoryTest.php" tests="4" assertions="9" errors="0" warnings="0" failures="0" skipped="0" time="0.003994">
        <testcase name="testBuildManager" class="App\Roadlike\FactoryTest" classname="App.Roadlike.FactoryTest" file="/home/missivaeak/dbwebb-kurser/mvc/me/report/tests/Roadlike/FactoryTest.php" line="98" assertions="3" time="0.002003"/>
        <testcase name="testBuildDraft" class="App\Roadlike\FactoryTest" classname="App.Roadlike.FactoryTest" file="/home/missivaeak/dbwebb-kurser/mvc/me/report/tests/Roadlike/FactoryTest.php" line="112" assertions="2" time="0.000561"/>
        <testcase name="testBuildObstacles" class="App\Roadlike\FactoryTest" classname="App.Roadlike.FactoryTest" file="/home/missivaeak/dbwebb-kurser/mvc/me/report/tests/Roadlike/FactoryTest.php" line="132" assertions="2" time="0.001049"/>
        <testcase name="testBuildCrossroads" class="App\Roadlike\FactoryTest" classname="App.Roadlike.FactoryTest" file="/home/missivaeak/dbwebb-kurser/mvc/me/report/tests/Roadlike/FactoryTest.php" line="144" assertions="2" time="0.000381"/>
      </testsuite>
      <testsuite name="App\Roadlike\ManagerTest" file="/home/missivaeak/dbwebb-kurser/mvc/me/report/tests/Roadlike/ManagerTest.php" tests="13" assertions="21" errors="0" warnings="0" failures="0" skipped="0" time="0.005389">
        <testcase name="testInstansiate" class="App\Roadlike\ManagerTest" classname="App.Roadlike.ManagerTest" file="/home/missivaeak/dbwebb-kurser/mvc/me/report/tests/Roadlike/ManagerTest.php" line="36" assertions="2" time="0.000705"/>
        <testcase name="testSetGetCrossroads" class="App\Roadlike\ManagerTest" classname="App.Roadlike.ManagerTest" file="/home/missivaeak/dbwebb-kurser/mvc/me/report/tests/Roadlike/ManagerTest.php" line="45" assertions="2" time="0.000415"/>
        <testcase name="testUnsetCrossroads" class="App\Roadlike\ManagerTest" classname="App.Roadlike.ManagerTest" file="/home/missivaeak/dbwebb-kurser/mvc/me/report/tests/Roadlike/ManagerTest.php" line="58" assertions="1" time="0.000327"/>
        <testcase name="testGetChallenger" class="App\Roadlike\ManagerTest" classname="App.Roadlike.ManagerTest" file="/home/missivaeak/dbwebb-kurser/mvc/me/report/tests/Roadlike/ManagerTest.php" line="70" assertions="1" time="0.000318"/>
        <testcase name="testGetJourney" class="App\Roadlike\ManagerTest" classname="App.Roadlike.ManagerTest" file="/home/missivaeak/dbwebb-kurser/mvc/me/report/tests/Roadlike/ManagerTest.php" line="79" assertions="1" time="0.000327"/>
        <testcase name="testGetTimeDefault" class="App\Roadlike\ManagerTest" classname="App.Roadlike.ManagerTest" file="/home/missivaeak/dbwebb-kurser/mvc/me/report/tests/Roadlike/ManagerTest.php" line="88" assertions="2" time="0.000329"/>
        <testcase name="testGetTime" class="App\Roadlike\ManagerTest" classname="App.Roadlike.ManagerTest" file="/home/missivaeak/dbwebb-kurser/mvc/me/report/tests/Roadlike/ManagerTest.php" line="99" assertions="2" time="0.000326"/>
        <testcase name="testModifyTime" class="App\Roadlike\ManagerTest" classname="App.Roadlike.ManagerTest" file="/home/missivaeak/dbwebb-kurser/mvc/me/report/tests/Roadlike/ManagerTest.php" line="110" assertions="3" time="0.000336"/>
        <testcase name="testResolveAttempt" class="App\Roadlike\ManagerTest" classname="App.Roadlike.ManagerTest" file="/home/missivaeak/dbwebb-kurser/mvc/me/report/tests/Roadlike/ManagerTest.php" line="123" assertions="3" time="0.000544"/>
        <testcase name="testIsGameOverFalse" class="App\Roadlike\ManagerTest" classname="App.Roadlike.ManagerTest" file="/home/missivaeak/dbwebb-kurser/mvc/me/report/tests/Roadlike/ManagerTest.php" line="170" assertions="1" time="0.000456"/>
        <testcase name="testIsGameOverNoTime" class="App\Roadlike\ManagerTest" classname="App.Roadlike.ManagerTest" file="/home/missivaeak/dbwebb-kurser/mvc/me/report/tests/Roadlike/ManagerTest.php" line="185" assertions="1" time="0.000421"/>
        <testcase name="testIsGameOverNoHealth" class="App\Roadlike\ManagerTest" classname="App.Roadlike.ManagerTest" file="/home/missivaeak/dbwebb-kurser/mvc/me/report/tests/Roadlike/ManagerTest.php" line="201" assertions="1" time="0.000447"/>
        <testcase name="testIsGameOverNoStamina" class="App\Roadlike\ManagerTest" classname="App.Roadlike.ManagerTest" file="/home/missivaeak/dbwebb-kurser/mvc/me/report/tests/Roadlike/ManagerTest.php" line="216" assertions="1" time="0.000437"/>
      </testsuite>
      <testsuite name="App\Roadlike\ORMTest" file="/home/missivaeak/dbwebb-kurser/mvc/me/report/tests/Roadlike/ORMTest.php" tests="14" assertions="32" errors="0" warnings="0" failures="0" skipped="0" time="0.042732">
        <testcase name="testInstansiate" class="App\Roadlike\ORMTest" classname="App.Roadlike.ORMTest" file="/home/missivaeak/dbwebb-kurser/mvc/me/report/tests/Roadlike/ORMTest.php" line="85" assertions="1" time="0.007792"/>
        <testcase name="testGetAllTemplates" class="App\Roadlike\ORMTest" classname="App.Roadlike.ORMTest" file="/home/missivaeak/dbwebb-kurser/mvc/me/report/tests/Roadlike/ORMTest.php" line="93" assertions="2" time="0.006596"/>
        <testcase name="testAddTemplate" class="App\Roadlike\ORMTest" classname="App.Roadlike.ORMTest" file="/home/missivaeak/dbwebb-kurser/mvc/me/report/tests/Roadlike/ORMTest.php" line="120" assertions="2" time="0.001749"/>
        <testcase name="testDelTemplate" class="App\Roadlike\ORMTest" classname="App.Roadlike.ORMTest" file="/home/missivaeak/dbwebb-kurser/mvc/me/report/tests/Roadlike/ORMTest.php" line="137" assertions="3" time="0.002048"/>
        <testcase name="testDelTemplateNotFound" class="App\Roadlike\ORMTest" classname="App.Roadlike.ORMTest" file="/home/missivaeak/dbwebb-kurser/mvc/me/report/tests/Roadlike/ORMTest.php" line="167" assertions="2" time="0.001795"/>
        <testcase name="testGetAllObstacles" class="App\Roadlike\ORMTest" classname="App.Roadlike.ORMTest" file="/home/missivaeak/dbwebb-kurser/mvc/me/report/tests/Roadlike/ORMTest.php" line="185" assertions="2" time="0.003618"/>
        <testcase name="testAddObstacle" class="App\Roadlike\ORMTest" classname="App.Roadlike.ORMTest" file="/home/missivaeak/dbwebb-kurser/mvc/me/report/tests/Roadlike/ORMTest.php" line="203" assertions="2" time="0.001734"/>
        <testcase name="testDelObstacle" class="App\Roadlike\ORMTest" classname="App.Roadlike.ORMTest" file="/home/missivaeak/dbwebb-kurser/mvc/me/report/tests/Roadlike/ORMTest.php" line="235" assertions="3" time="0.002389"/>
        <testcase name="testDelObstacleNotFound" class="App\Roadlike\ORMTest" classname="App.Roadlike.ORMTest" file="/home/missivaeak/dbwebb-kurser/mvc/me/report/tests/Roadlike/ORMTest.php" line="265" assertions="2" time="0.001734"/>
        <testcase name="testGetAllLeaders" class="App\Roadlike\ORMTest" classname="App.Roadlike.ORMTest" file="/home/missivaeak/dbwebb-kurser/mvc/me/report/tests/Roadlike/ORMTest.php" line="283" assertions="2" time="0.003695"/>
        <testcase name="testAddLeader" class="App\Roadlike\ORMTest" classname="App.Roadlike.ORMTest" file="/home/missivaeak/dbwebb-kurser/mvc/me/report/tests/Roadlike/ORMTest.php" line="319" assertions="2" time="0.001680"/>
        <testcase name="testDelLeader" class="App\Roadlike\ORMTest" classname="App.Roadlike.ORMTest" file="/home/missivaeak/dbwebb-kurser/mvc/me/report/tests/Roadlike/ORMTest.php" line="340" assertions="3" time="0.002044"/>
        <testcase name="testDelLeaderNotFound" class="App\Roadlike\ORMTest" classname="App.Roadlike.ORMTest" file="/home/missivaeak/dbwebb-kurser/mvc/me/report/tests/Roadlike/ORMTest.php" line="370" assertions="2" time="0.001808"/>
        <testcase name="testGetLeaderboard" class="App\Roadlike\ORMTest" classname="App.Roadlike.ORMTest" file="/home/missivaeak/dbwebb-kurser/mvc/me/report/tests/Roadlike/ORMTest.php" line="388" assertions="4" time="0.004052"/>
      </testsuite>
      <testsuite name="App\Roadlike\ObstacleTest" file="/home/missivaeak/dbwebb-kurser/mvc/me/report/tests/Roadlike/ObstacleTest.php" tests="5" assertions="11" errors="0" warnings="0" failures="0" skipped="0" time="0.002149">
        <testcase name="testInstansiate" class="App\Roadlike\ObstacleTest" classname="App.Roadlike.ObstacleTest" file="/home/missivaeak/dbwebb-kurser/mvc/me/report/tests/Roadlike/ObstacleTest.php" line="80" assertions="1" time="0.000400"/>
        <testcase name="testGetName" class="App\Roadlike\ObstacleTest" classname="App.Roadlike.ObstacleTest" file="/home/missivaeak/dbwebb-kurser/mvc/me/report/tests/Roadlike/ObstacleTest.php" line="88" assertions="1" time="0.000386"/>
        <testcase name="testGetDescription" class="App\Roadlike\ObstacleTest" classname="App.Roadlike.ObstacleTest" file="/home/missivaeak/dbwebb-kurser/mvc/me/report/tests/Roadlike/ObstacleTest.php" line="96" assertions="1" time="0.000369"/>
        <testcase name="testAttemptUnlucky" class="App\Roadlike\ObstacleTest" classname="App.Roadlike.ObstacleTest" file="/home/missivaeak/dbwebb-kurser/mvc/me/report/tests/Roadlike/ObstacleTest.php" line="104" assertions="4" time="0.000503"/>
        <testcase name="testAttemptLucky" class="App\Roadlike\ObstacleTest" classname="App.Roadlike.ObstacleTest" file="/home/missivaeak/dbwebb-kurser/mvc/me/report/tests/Roadlike/ObstacleTest.php" line="140" assertions="4" time="0.000491"/>
      </testsuite>
      <testsuite name="App\Roadlike\RoadTest" file="/home/missivaeak/dbwebb-kurser/mvc/me/report/tests/Roadlike/RoadTest.php" tests="5" assertions="7" errors="0" warnings="0" failures="0" skipped="0" time="0.001843">
        <testcase name="testInstansiate" class="App\Roadlike\RoadTest" classname="App.Roadlike.RoadTest" file="/home/missivaeak/dbwebb-kurser/mvc/me/report/tests/Roadlike/RoadTest.php" line="35" assertions="3" time="0.000657"/>
        <testcase name="testGetLength" class="App\Roadlike\RoadTest" classname="App.Roadlike.RoadTest" file="/home/missivaeak/dbwebb-kurser/mvc/me/report/tests/Roadlike/RoadTest.php" line="45" assertions="1" time="0.000301"/>
        <testcase name="testGetObstacles" class="App\Roadlike\RoadTest" classname="App.Roadlike.RoadTest" file="/home/missivaeak/dbwebb-kurser/mvc/me/report/tests/Roadlike/RoadTest.php" line="54" assertions="1" time="0.000296"/>
        <testcase name="testAddObstacle" class="App\Roadlike\RoadTest" classname="App.Roadlike.RoadTest" file="/home/missivaeak/dbwebb-kurser/mvc/me/report/tests/Roadlike/RoadTest.php" line="66" assertions="1" time="0.000297"/>
        <testcase name="testAddLength" class="App\Roadlike\RoadTest" classname="App.Roadlike.RoadTest" file="/home/missivaeak/dbwebb-kurser/mvc/me/report/tests/Roadlike/RoadTest.php" line="76" assertions="1" time="0.000293"/>
      </testsuite>
    </testsuite>
  </testsuite>
</testsuites>
