<?xml version="1.0" encoding="UTF-8"?>
<testsuites>
  <testsuite name="" tests="95" assertions="154" errors="0" warnings="0" failures="0" skipped="0" time="0.119621">
    <testsuite name="Project Test Suite" tests="95" assertions="154" errors="0" warnings="0" failures="0" skipped="0" time="0.119621">
      <testsuite name="App\Dice\DiceTest" file="/home/missivaeak/dbwebb-kurser/mvc/me/report/tests/Dice/DiceTest.php" tests="1" assertions="2" errors="0" warnings="0" failures="0" skipped="0" time="0.006970">
        <testcase name="testCreateDice" class="App\Dice\DiceTest" classname="App.Dice.DiceTest" file="/home/missivaeak/dbwebb-kurser/mvc/me/report/tests/Dice/DiceTest.php" line="16" assertions="2" time="0.006970"/>
      </testsuite>
      <testsuite name="App\Game\CardCollectionAbstractTest" file="/home/missivaeak/dbwebb-kurser/mvc/me/report/tests/Game/CardCollectionAbstractTest.php" tests="16" assertions="33" errors="0" warnings="0" failures="0" skipped="0" time="0.022995">
        <testcase name="testInstantiate" class="App\Game\CardCollectionAbstractTest" classname="App.Game.CardCollectionAbstractTest" file="/home/missivaeak/dbwebb-kurser/mvc/me/report/tests/Game/CardCollectionAbstractTest.php" line="36" assertions="1" time="0.008015"/>
        <testcase name="testZeroCards" class="App\Game\CardCollectionAbstractTest" classname="App.Game.CardCollectionAbstractTest" file="/home/missivaeak/dbwebb-kurser/mvc/me/report/tests/Game/CardCollectionAbstractTest.php" line="45" assertions="2" time="0.001259"/>
        <testcase name="testAddCard" class="App\Game\CardCollectionAbstractTest" classname="App.Game.CardCollectionAbstractTest" file="/home/missivaeak/dbwebb-kurser/mvc/me/report/tests/Game/CardCollectionAbstractTest.php" line="57" assertions="1" time="0.001048"/>
        <testcase name="testNonZeroCards" class="App\Game\CardCollectionAbstractTest" classname="App.Game.CardCollectionAbstractTest" file="/home/missivaeak/dbwebb-kurser/mvc/me/report/tests/Game/CardCollectionAbstractTest.php" line="69" assertions="2" time="0.000474"/>
        <testcase name="testGetCardsEmpty" class="App\Game\CardCollectionAbstractTest" classname="App.Game.CardCollectionAbstractTest" file="/home/missivaeak/dbwebb-kurser/mvc/me/report/tests/Game/CardCollectionAbstractTest.php" line="80" assertions="3" time="0.001071"/>
        <testcase name="testGetCardsNonEmpty" class="App\Game\CardCollectionAbstractTest" classname="App.Game.CardCollectionAbstractTest" file="/home/missivaeak/dbwebb-kurser/mvc/me/report/tests/Game/CardCollectionAbstractTest.php" line="91" assertions="3" time="0.000886"/>
        <testcase name="testGetFacesEmpty" class="App\Game\CardCollectionAbstractTest" classname="App.Game.CardCollectionAbstractTest" file="/home/missivaeak/dbwebb-kurser/mvc/me/report/tests/Game/CardCollectionAbstractTest.php" line="102" assertions="3" time="0.000483"/>
        <testcase name="testGetFacesNonEmpty" class="App\Game\CardCollectionAbstractTest" classname="App.Game.CardCollectionAbstractTest" file="/home/missivaeak/dbwebb-kurser/mvc/me/report/tests/Game/CardCollectionAbstractTest.php" line="113" assertions="10" time="0.004621"/>
        <testcase name="testGetEmptyWarning" class="App\Game\CardCollectionAbstractTest" classname="App.Game.CardCollectionAbstractTest" file="/home/missivaeak/dbwebb-kurser/mvc/me/report/tests/Game/CardCollectionAbstractTest.php" line="134" assertions="1" time="0.000481"/>
        <testcase name="testRevealAll" class="App\Game\CardCollectionAbstractTest" classname="App.Game.CardCollectionAbstractTest" file="/home/missivaeak/dbwebb-kurser/mvc/me/report/tests/Game/CardCollectionAbstractTest.php" line="142" assertions="1" time="0.000882"/>
        <testcase name="testHideAll" class="App\Game\CardCollectionAbstractTest" classname="App.Game.CardCollectionAbstractTest" file="/home/missivaeak/dbwebb-kurser/mvc/me/report/tests/Game/CardCollectionAbstractTest.php" line="156" assertions="1" time="0.000520"/>
        <testcase name="testShuffle" class="App\Game\CardCollectionAbstractTest" classname="App.Game.CardCollectionAbstractTest" file="/home/missivaeak/dbwebb-kurser/mvc/me/report/tests/Game/CardCollectionAbstractTest.php" line="171" assertions="1" time="0.000759"/>
        <testcase name="testDrawEmpty" class="App\Game\CardCollectionAbstractTest" classname="App.Game.CardCollectionAbstractTest" file="/home/missivaeak/dbwebb-kurser/mvc/me/report/tests/Game/CardCollectionAbstractTest.php" line="192" assertions="1" time="0.000715"/>
        <testcase name="testDrawNonEmpty" class="App\Game\CardCollectionAbstractTest" classname="App.Game.CardCollectionAbstractTest" file="/home/missivaeak/dbwebb-kurser/mvc/me/report/tests/Game/CardCollectionAbstractTest.php" line="202" assertions="1" time="0.000497"/>
        <testcase name="testDrawByPatternEmpty" class="App\Game\CardCollectionAbstractTest" classname="App.Game.CardCollectionAbstractTest" file="/home/missivaeak/dbwebb-kurser/mvc/me/report/tests/Game/CardCollectionAbstractTest.php" line="212" assertions="1" time="0.000569"/>
        <testcase name="testDrawByPatternNonEmpty" class="App\Game\CardCollectionAbstractTest" classname="App.Game.CardCollectionAbstractTest" file="/home/missivaeak/dbwebb-kurser/mvc/me/report/tests/Game/CardCollectionAbstractTest.php" line="223" assertions="1" time="0.000715"/>
      </testsuite>
      <testsuite name="App\Game\DiscardTest" file="/home/missivaeak/dbwebb-kurser/mvc/me/report/tests/Game/DiscardTest.php" tests="2" assertions="3" errors="0" warnings="0" failures="0" skipped="0" time="0.001103">
        <testcase name="testGetTopCardEmpty" class="App\Game\DiscardTest" classname="App.Game.DiscardTest" file="/home/missivaeak/dbwebb-kurser/mvc/me/report/tests/Game/DiscardTest.php" line="35" assertions="1" time="0.000602"/>
        <testcase name="testGetTopCardNonEmpty" class="App\Game\DiscardTest" classname="App.Game.DiscardTest" file="/home/missivaeak/dbwebb-kurser/mvc/me/report/tests/Game/DiscardTest.php" line="45" assertions="2" time="0.000500"/>
      </testsuite>
      <testsuite name="App\Game\GameTest" file="/home/missivaeak/dbwebb-kurser/mvc/me/report/tests/Game/GameTest.php" tests="21" assertions="31" errors="0" warnings="0" failures="0" skipped="0" time="0.021647">
        <testcase name="testInstansiate" class="App\Game\GameTest" classname="App.Game.GameTest" file="/home/missivaeak/dbwebb-kurser/mvc/me/report/tests/Game/GameTest.php" line="48" assertions="1" time="0.004343"/>
        <testcase name="testGetPlayer" class="App\Game\GameTest" classname="App.Game.GameTest" file="/home/missivaeak/dbwebb-kurser/mvc/me/report/tests/Game/GameTest.php" line="56" assertions="1" time="0.000585"/>
        <testcase name="testGetOpponent" class="App\Game\GameTest" classname="App.Game.GameTest" file="/home/missivaeak/dbwebb-kurser/mvc/me/report/tests/Game/GameTest.php" line="66" assertions="1" time="0.000596"/>
        <testcase name="testGetKnockThreshold" class="App\Game\GameTest" classname="App.Game.GameTest" file="/home/missivaeak/dbwebb-kurser/mvc/me/report/tests/Game/GameTest.php" line="76" assertions="1" time="0.000504"/>
        <testcase name="testGetGinBonus" class="App\Game\GameTest" classname="App.Game.GameTest" file="/home/missivaeak/dbwebb-kurser/mvc/me/report/tests/Game/GameTest.php" line="84" assertions="1" time="0.000484"/>
        <testcase name="testGetUndercutBonus" class="App\Game\GameTest" classname="App.Game.GameTest" file="/home/missivaeak/dbwebb-kurser/mvc/me/report/tests/Game/GameTest.php" line="92" assertions="1" time="0.000551"/>
        <testcase name="testGetKnockBonus" class="App\Game\GameTest" classname="App.Game.GameTest" file="/home/missivaeak/dbwebb-kurser/mvc/me/report/tests/Game/GameTest.php" line="100" assertions="1" time="0.000461"/>
        <testcase name="testGetHandSize" class="App\Game\GameTest" classname="App.Game.GameTest" file="/home/missivaeak/dbwebb-kurser/mvc/me/report/tests/Game/GameTest.php" line="108" assertions="1" time="0.000460"/>
        <testcase name="testGetWinThreshold" class="App\Game\GameTest" classname="App.Game.GameTest" file="/home/missivaeak/dbwebb-kurser/mvc/me/report/tests/Game/GameTest.php" line="116" assertions="1" time="0.000458"/>
        <testcase name="testGetSetRound" class="App\Game\GameTest" classname="App.Game.GameTest" file="/home/missivaeak/dbwebb-kurser/mvc/me/report/tests/Game/GameTest.php" line="124" assertions="1" time="0.002176"/>
        <testcase name="testDeal" class="App\Game\GameTest" classname="App.Game.GameTest" file="/home/missivaeak/dbwebb-kurser/mvc/me/report/tests/Game/GameTest.php" line="136" assertions="1" time="0.001257"/>
        <testcase name="testDeckToDiscard" class="App\Game\GameTest" classname="App.Game.GameTest" file="/home/missivaeak/dbwebb-kurser/mvc/me/report/tests/Game/GameTest.php" line="152" assertions="4" time="0.000718"/>
        <testcase name="testDeckToDiscardEmpty" class="App\Game\GameTest" classname="App.Game.GameTest" file="/home/missivaeak/dbwebb-kurser/mvc/me/report/tests/Game/GameTest.php" line="176" assertions="3" time="0.000799"/>
        <testcase name="testReturnCards" class="App\Game\GameTest" classname="App.Game.GameTest" file="/home/missivaeak/dbwebb-kurser/mvc/me/report/tests/Game/GameTest.php" line="196" assertions="4" time="0.001002"/>
        <testcase name="testGetPlayerHand" class="App\Game\GameTest" classname="App.Game.GameTest" file="/home/missivaeak/dbwebb-kurser/mvc/me/report/tests/Game/GameTest.php" line="218" assertions="1" time="0.000788"/>
        <testcase name="testGetOpponentHand" class="App\Game\GameTest" classname="App.Game.GameTest" file="/home/missivaeak/dbwebb-kurser/mvc/me/report/tests/Game/GameTest.php" line="225" assertions="1" time="0.001063"/>
        <testcase name="testGetDeck" class="App\Game\GameTest" classname="App.Game.GameTest" file="/home/missivaeak/dbwebb-kurser/mvc/me/report/tests/Game/GameTest.php" line="232" assertions="1" time="0.001026"/>
        <testcase name="testGetDiscard" class="App\Game\GameTest" classname="App.Game.GameTest" file="/home/missivaeak/dbwebb-kurser/mvc/me/report/tests/Game/GameTest.php" line="239" assertions="1" time="0.001018"/>
        <testcase name="testScoreKnockingWins" class="App\Game\GameTest" classname="App.Game.GameTest" file="/home/missivaeak/dbwebb-kurser/mvc/me/report/tests/Game/GameTest.php" line="246" assertions="2" time="0.001234"/>
        <testcase name="testScoreNotKnockingWins" class="App\Game\GameTest" classname="App.Game.GameTest" file="/home/missivaeak/dbwebb-kurser/mvc/me/report/tests/Game/GameTest.php" line="262" assertions="2" time="0.001171"/>
        <testcase name="testScoreEqual" class="App\Game\GameTest" classname="App.Game.GameTest" file="/home/missivaeak/dbwebb-kurser/mvc/me/report/tests/Game/GameTest.php" line="279" assertions="1" time="0.000953"/>
      </testsuite>
      <testsuite name="App\Game\GinRummyHandTest" file="/home/missivaeak/dbwebb-kurser/mvc/me/report/tests/Game/GinRummyHandTest.php" tests="8" assertions="14" errors="0" warnings="0" failures="0" skipped="0" time="0.010537">
        <testcase name="testInstantiate" class="App\Game\GinRummyHandTest" classname="App.Game.GinRummyHandTest" file="/home/missivaeak/dbwebb-kurser/mvc/me/report/tests/Game/GinRummyHandTest.php" line="41" assertions="1" time="0.001531"/>
        <testcase name="testGetMeldsEmpty" class="App\Game\GinRummyHandTest" classname="App.Game.GinRummyHandTest" file="/home/missivaeak/dbwebb-kurser/mvc/me/report/tests/Game/GinRummyHandTest.php" line="49" assertions="2" time="0.000701"/>
        <testcase name="testGetMeldsNonEmpty" class="App\Game\GinRummyHandTest" classname="App.Game.GinRummyHandTest" file="/home/missivaeak/dbwebb-kurser/mvc/me/report/tests/Game/GinRummyHandTest.php" line="60" assertions="3" time="0.000941"/>
        <testcase name="testGetMeldCards" class="App\Game\GinRummyHandTest" classname="App.Game.GinRummyHandTest" file="/home/missivaeak/dbwebb-kurser/mvc/me/report/tests/Game/GinRummyHandTest.php" line="72" assertions="1" time="0.001246"/>
        <testcase name="testGetMeldCardsWrongIndex" class="App\Game\GinRummyHandTest" classname="App.Game.GinRummyHandTest" file="/home/missivaeak/dbwebb-kurser/mvc/me/report/tests/Game/GinRummyHandTest.php" line="83" assertions="1" time="0.002133"/>
        <testcase name="testGetUnmatched" class="App\Game\GinRummyHandTest" classname="App.Game.GinRummyHandTest" file="/home/missivaeak/dbwebb-kurser/mvc/me/report/tests/Game/GinRummyHandTest.php" line="92" assertions="4" time="0.002022"/>
        <testcase name="testAddToMeld" class="App\Game\GinRummyHandTest" classname="App.Game.GinRummyHandTest" file="/home/missivaeak/dbwebb-kurser/mvc/me/report/tests/Game/GinRummyHandTest.php" line="115" assertions="1" time="0.001399"/>
        <testcase name="testResetMelds" class="App\Game\GinRummyHandTest" classname="App.Game.GinRummyHandTest" file="/home/missivaeak/dbwebb-kurser/mvc/me/report/tests/Game/GinRummyHandTest.php" line="132" assertions="1" time="0.000565"/>
      </testsuite>
      <testsuite name="App\Game\GinRummyOpponentLogicTest" file="/home/missivaeak/dbwebb-kurser/mvc/me/report/tests/Game/GinRummyOpponentLogicTest.php" tests="12" assertions="12" errors="0" warnings="0" failures="0" skipped="0" time="0.030815">
        <testcase name="testInstansiate" class="App\Game\GinRummyOpponentLogicTest" classname="App.Game.GinRummyOpponentLogicTest" file="/home/missivaeak/dbwebb-kurser/mvc/me/report/tests/Game/GinRummyOpponentLogicTest.php" line="65" assertions="1" time="0.002813"/>
        <testcase name="testPickDiscard" class="App\Game\GinRummyOpponentLogicTest" classname="App.Game.GinRummyOpponentLogicTest" file="/home/missivaeak/dbwebb-kurser/mvc/me/report/tests/Game/GinRummyOpponentLogicTest.php" line="73" assertions="1" time="0.001033"/>
        <testcase name="testPickDiscardEmptyDiscard" class="App\Game\GinRummyOpponentLogicTest" classname="App.Game.GinRummyOpponentLogicTest" file="/home/missivaeak/dbwebb-kurser/mvc/me/report/tests/Game/GinRummyOpponentLogicTest.php" line="85" assertions="1" time="0.000880"/>
        <testcase name="testPickDeck" class="App\Game\GinRummyOpponentLogicTest" classname="App.Game.GinRummyOpponentLogicTest" file="/home/missivaeak/dbwebb-kurser/mvc/me/report/tests/Game/GinRummyOpponentLogicTest.php" line="97" assertions="1" time="0.000867"/>
        <testcase name="testPickDeckEmptyDeck" class="App\Game\GinRummyOpponentLogicTest" classname="App.Game.GinRummyOpponentLogicTest" file="/home/missivaeak/dbwebb-kurser/mvc/me/report/tests/Game/GinRummyOpponentLogicTest.php" line="109" assertions="1" time="0.000826"/>
        <testcase name="testDiscard" class="App\Game\GinRummyOpponentLogicTest" classname="App.Game.GinRummyOpponentLogicTest" file="/home/missivaeak/dbwebb-kurser/mvc/me/report/tests/Game/GinRummyOpponentLogicTest.php" line="122" assertions="1" time="0.013788"/>
        <testcase name="testDiscardEmptyHand" class="App\Game\GinRummyOpponentLogicTest" classname="App.Game.GinRummyOpponentLogicTest" file="/home/missivaeak/dbwebb-kurser/mvc/me/report/tests/Game/GinRummyOpponentLogicTest.php" line="147" assertions="1" time="0.000958"/>
        <testcase name="testDrawOrPass" class="App\Game\GinRummyOpponentLogicTest" classname="App.Game.GinRummyOpponentLogicTest" file="/home/missivaeak/dbwebb-kurser/mvc/me/report/tests/Game/GinRummyOpponentLogicTest.php" line="159" assertions="1" time="0.002461"/>
        <testcase name="testDrawDeckOrDrawDiscard" class="App\Game\GinRummyOpponentLogicTest" classname="App.Game.GinRummyOpponentLogicTest" file="/home/missivaeak/dbwebb-kurser/mvc/me/report/tests/Game/GinRummyOpponentLogicTest.php" line="182" assertions="1" time="0.003046"/>
        <testcase name="testKnockOrPassCanKnock" class="App\Game\GinRummyOpponentLogicTest" classname="App.Game.GinRummyOpponentLogicTest" file="/home/missivaeak/dbwebb-kurser/mvc/me/report/tests/Game/GinRummyOpponentLogicTest.php" line="206" assertions="1" time="0.000852"/>
        <testcase name="testKnockOrPassCannotKnock" class="App\Game\GinRummyOpponentLogicTest" classname="App.Game.GinRummyOpponentLogicTest" file="/home/missivaeak/dbwebb-kurser/mvc/me/report/tests/Game/GinRummyOpponentLogicTest.php" line="217" assertions="1" time="0.000837"/>
        <testcase name="testAddToPlayersMeld" class="App\Game\GinRummyOpponentLogicTest" classname="App.Game.GinRummyOpponentLogicTest" file="/home/missivaeak/dbwebb-kurser/mvc/me/report/tests/Game/GinRummyOpponentLogicTest.php" line="229" assertions="1" time="0.002452"/>
      </testsuite>
      <testsuite name="App\Game\GinRummyScoringTest" file="/home/missivaeak/dbwebb-kurser/mvc/me/report/tests/Game/GinRummyScoringTest.php" tests="6" assertions="13" errors="0" warnings="0" failures="0" skipped="0" time="0.014628">
        <testcase name="testMeld" class="App\Game\GinRummyScoringTest" classname="App.Game.GinRummyScoringTest" file="/home/missivaeak/dbwebb-kurser/mvc/me/report/tests/Game/GinRummyScoringTest.php" line="72" assertions="2" time="0.001548"/>
        <testcase name="testMeldSetsFirstNoMock" class="App\Game\GinRummyScoringTest" classname="App.Game.GinRummyScoringTest" file="/home/missivaeak/dbwebb-kurser/mvc/me/report/tests/Game/GinRummyScoringTest.php" line="83" assertions="1" time="0.003969"/>
        <testcase name="testMeldRunsFirstNoMock" class="App\Game\GinRummyScoringTest" classname="App.Game.GinRummyScoringTest" file="/home/missivaeak/dbwebb-kurser/mvc/me/report/tests/Game/GinRummyScoringTest.php" line="101" assertions="1" time="0.004191"/>
        <testcase name="testAddToOthersMeldSetNoMock" class="App\Game\GinRummyScoringTest" classname="App.Game.GinRummyScoringTest" file="/home/missivaeak/dbwebb-kurser/mvc/me/report/tests/Game/GinRummyScoringTest.php" line="119" assertions="3" time="0.001135"/>
        <testcase name="testAddToOthersMeldRunNoMock" class="App\Game\GinRummyScoringTest" classname="App.Game.GinRummyScoringTest" file="/home/missivaeak/dbwebb-kurser/mvc/me/report/tests/Game/GinRummyScoringTest.php" line="148" assertions="3" time="0.001928"/>
        <testcase name="testAddToOthersMeldInvalidNoMock" class="App\Game\GinRummyScoringTest" classname="App.Game.GinRummyScoringTest" file="/home/missivaeak/dbwebb-kurser/mvc/me/report/tests/Game/GinRummyScoringTest.php" line="177" assertions="3" time="0.001856"/>
      </testsuite>
      <testsuite name="App\Game\MeldTest" file="/home/missivaeak/dbwebb-kurser/mvc/me/report/tests/Game/MeldTest.php" tests="6" assertions="10" errors="0" warnings="0" failures="0" skipped="0" time="0.002105">
        <testcase name="testInstansiate" class="App\Game\MeldTest" classname="App.Game.MeldTest" file="/home/missivaeak/dbwebb-kurser/mvc/me/report/tests/Game/MeldTest.php" line="32" assertions="1" time="0.000582"/>
        <testcase name="testExceptionWrongInstansiate" class="App\Game\MeldTest" classname="App.Game.MeldTest" file="/home/missivaeak/dbwebb-kurser/mvc/me/report/tests/Game/MeldTest.php" line="41" assertions="1" time="0.000433"/>
        <testcase name="testIsRun" class="App\Game\MeldTest" classname="App.Game.MeldTest" file="/home/missivaeak/dbwebb-kurser/mvc/me/report/tests/Game/MeldTest.php" line="50" assertions="2" time="0.000201"/>
        <testcase name="testIsSet" class="App\Game\MeldTest" classname="App.Game.MeldTest" file="/home/missivaeak/dbwebb-kurser/mvc/me/report/tests/Game/MeldTest.php" line="59" assertions="2" time="0.000192"/>
        <testcase name="testGetValue" class="App\Game\MeldTest" classname="App.Game.MeldTest" file="/home/missivaeak/dbwebb-kurser/mvc/me/report/tests/Game/MeldTest.php" line="68" assertions="2" time="0.000352"/>
        <testcase name="testGetSuit" class="App\Game\MeldTest" classname="App.Game.MeldTest" file="/home/missivaeak/dbwebb-kurser/mvc/me/report/tests/Game/MeldTest.php" line="84" assertions="2" time="0.000345"/>
      </testsuite>
      <testsuite name="App\Game\PlayerTest" file="/home/missivaeak/dbwebb-kurser/mvc/me/report/tests/Game/PlayerTest.php" tests="4" assertions="4" errors="0" warnings="0" failures="0" skipped="0" time="0.001020">
        <testcase name="testInstansiate" class="App\Game\PlayerTest" classname="App.Game.PlayerTest" file="/home/missivaeak/dbwebb-kurser/mvc/me/report/tests/Game/PlayerTest.php" line="30" assertions="1" time="0.000265"/>
        <testcase name="testGetHand" class="App\Game\PlayerTest" classname="App.Game.PlayerTest" file="/home/missivaeak/dbwebb-kurser/mvc/me/report/tests/Game/PlayerTest.php" line="38" assertions="1" time="0.000260"/>
        <testcase name="testGetScore" class="App\Game\PlayerTest" classname="App.Game.PlayerTest" file="/home/missivaeak/dbwebb-kurser/mvc/me/report/tests/Game/PlayerTest.php" line="47" assertions="1" time="0.000241"/>
        <testcase name="testAddScore" class="App\Game\PlayerTest" classname="App.Game.PlayerTest" file="/home/missivaeak/dbwebb-kurser/mvc/me/report/tests/Game/PlayerTest.php" line="57" assertions="1" time="0.000254"/>
      </testsuite>
      <testsuite name="App\Game\RoundTest" file="/home/missivaeak/dbwebb-kurser/mvc/me/report/tests/Game/RoundTest.php" tests="10" assertions="17" errors="0" warnings="0" failures="0" skipped="0" time="0.004244">
        <testcase name="testInstansiate" class="App\Game\RoundTest" classname="App.Game.RoundTest" file="/home/missivaeak/dbwebb-kurser/mvc/me/report/tests/Game/RoundTest.php" line="31" assertions="1" time="0.000294"/>
        <testcase name="testRandomiseDealer" class="App\Game\RoundTest" classname="App.Game.RoundTest" file="/home/missivaeak/dbwebb-kurser/mvc/me/report/tests/Game/RoundTest.php" line="40" assertions="3" time="0.000800"/>
        <testcase name="testGetSetDealer" class="App\Game\RoundTest" classname="App.Game.RoundTest" file="/home/missivaeak/dbwebb-kurser/mvc/me/report/tests/Game/RoundTest.php" line="65" assertions="1" time="0.000287"/>
        <testcase name="testGetActivePlayerAfterRandomise" class="App\Game\RoundTest" classname="App.Game.RoundTest" file="/home/missivaeak/dbwebb-kurser/mvc/me/report/tests/Game/RoundTest.php" line="75" assertions="1" time="0.000283"/>
        <testcase name="testGetActivePlayerAfterSet" class="App\Game\RoundTest" classname="App.Game.RoundTest" file="/home/missivaeak/dbwebb-kurser/mvc/me/report/tests/Game/RoundTest.php" line="86" assertions="1" time="0.000299"/>
        <testcase name="testGetNextDealer" class="App\Game\RoundTest" classname="App.Game.RoundTest" file="/home/missivaeak/dbwebb-kurser/mvc/me/report/tests/Game/RoundTest.php" line="97" assertions="3" time="0.000299"/>
        <testcase name="testNextTurn" class="App\Game\RoundTest" classname="App.Game.RoundTest" file="/home/missivaeak/dbwebb-kurser/mvc/me/report/tests/Game/RoundTest.php" line="110" assertions="1" time="0.000288"/>
        <testcase name="testGetSetStep" class="App\Game\RoundTest" classname="App.Game.RoundTest" file="/home/missivaeak/dbwebb-kurser/mvc/me/report/tests/Game/RoundTest.php" line="122" assertions="2" time="0.000468"/>
        <testcase name="testNextStep" class="App\Game\RoundTest" classname="App.Game.RoundTest" file="/home/missivaeak/dbwebb-kurser/mvc/me/report/tests/Game/RoundTest.php" line="132" assertions="1" time="0.000303"/>
        <testcase name="testDeal" class="App\Game\RoundTest" classname="App.Game.RoundTest" file="/home/missivaeak/dbwebb-kurser/mvc/me/report/tests/Game/RoundTest.php" line="142" assertions="3" time="0.000923"/>
      </testsuite>
      <testsuite name="App\Game\StandardPlayingCardTest" file="/home/missivaeak/dbwebb-kurser/mvc/me/report/tests/Game/StandardPlayingCardTest.php" tests="8" assertions="8" errors="0" warnings="0" failures="0" skipped="0" time="0.002019">
        <testcase name="testInstansiate" class="App\Game\StandardPlayingCardTest" classname="App.Game.StandardPlayingCardTest" file="/home/missivaeak/dbwebb-kurser/mvc/me/report/tests/Game/StandardPlayingCardTest.php" line="28" assertions="1" time="0.000199"/>
        <testcase name="testGetValue" class="App\Game\StandardPlayingCardTest" classname="App.Game.StandardPlayingCardTest" file="/home/missivaeak/dbwebb-kurser/mvc/me/report/tests/Game/StandardPlayingCardTest.php" line="36" assertions="1" time="0.000246"/>
        <testcase name="testGetSuit" class="App\Game\StandardPlayingCardTest" classname="App.Game.StandardPlayingCardTest" file="/home/missivaeak/dbwebb-kurser/mvc/me/report/tests/Game/StandardPlayingCardTest.php" line="44" assertions="1" time="0.000181"/>
        <testcase name="testGetFace" class="App\Game\StandardPlayingCardTest" classname="App.Game.StandardPlayingCardTest" file="/home/missivaeak/dbwebb-kurser/mvc/me/report/tests/Game/StandardPlayingCardTest.php" line="52" assertions="1" time="0.000360"/>
        <testcase name="testToString" class="App\Game\StandardPlayingCardTest" classname="App.Game.StandardPlayingCardTest" file="/home/missivaeak/dbwebb-kurser/mvc/me/report/tests/Game/StandardPlayingCardTest.php" line="60" assertions="1" time="0.000186"/>
        <testcase name="testIsFaceUp" class="App\Game\StandardPlayingCardTest" classname="App.Game.StandardPlayingCardTest" file="/home/missivaeak/dbwebb-kurser/mvc/me/report/tests/Game/StandardPlayingCardTest.php" line="68" assertions="1" time="0.000176"/>
        <testcase name="testReveal" class="App\Game\StandardPlayingCardTest" classname="App.Game.StandardPlayingCardTest" file="/home/missivaeak/dbwebb-kurser/mvc/me/report/tests/Game/StandardPlayingCardTest.php" line="76" assertions="1" time="0.000328"/>
        <testcase name="testHide" class="App\Game\StandardPlayingCardTest" classname="App.Game.StandardPlayingCardTest" file="/home/missivaeak/dbwebb-kurser/mvc/me/report/tests/Game/StandardPlayingCardTest.php" line="85" assertions="1" time="0.000343"/>
      </testsuite>
      <testsuite name="App\Game\StandardPlayingCardsTraitTest" file="/home/missivaeak/dbwebb-kurser/mvc/me/report/tests/Game/StandardPlayingCardTraitTest.php" tests="1" assertions="7" errors="0" warnings="0" failures="0" skipped="0" time="0.001539">
        <testcase name="testGetAllValidCardValues" class="App\Game\StandardPlayingCardsTraitTest" classname="App.Game.StandardPlayingCardsTraitTest" file="/home/missivaeak/dbwebb-kurser/mvc/me/report/tests/Game/StandardPlayingCardTraitTest.php" line="18" assertions="7" time="0.001539"/>
      </testsuite>
    </testsuite>
  </testsuite>
</testsuites>
