<?xml version="1.0" encoding="UTF-8"?>
<testsuites>
  <testsuite name="" tests="152" assertions="276" errors="0" warnings="0" failures="0" skipped="0" time="0.190480">
    <testsuite name="Project Test Suite" tests="152" assertions="276" errors="0" warnings="0" failures="0" skipped="0" time="0.190480">
      <testsuite name="App\Dice\DiceTest" file="/home/missivaeak/dbwebb-kurser/mvc/me/report/tests/Dice/DiceTest.php" tests="1" assertions="2" errors="0" warnings="0" failures="0" skipped="0" time="0.005355">
        <testcase name="testCreateDice" class="App\Dice\DiceTest" classname="App.Dice.DiceTest" file="/home/missivaeak/dbwebb-kurser/mvc/me/report/tests/Dice/DiceTest.php" line="16" assertions="2" time="0.005355"/>
      </testsuite>
      <testsuite name="App\Game\CardCollectionAbstractTest" file="/home/missivaeak/dbwebb-kurser/mvc/me/report/tests/Game/CardCollectionAbstractTest.php" tests="16" assertions="33" errors="0" warnings="0" failures="0" skipped="0" time="0.018914">
        <testcase name="testInstantiate" class="App\Game\CardCollectionAbstractTest" classname="App.Game.CardCollectionAbstractTest" file="/home/missivaeak/dbwebb-kurser/mvc/me/report/tests/Game/CardCollectionAbstractTest.php" line="36" assertions="1" time="0.005622"/>
        <testcase name="testZeroCards" class="App\Game\CardCollectionAbstractTest" classname="App.Game.CardCollectionAbstractTest" file="/home/missivaeak/dbwebb-kurser/mvc/me/report/tests/Game/CardCollectionAbstractTest.php" line="45" assertions="2" time="0.001083"/>
        <testcase name="testAddCard" class="App\Game\CardCollectionAbstractTest" classname="App.Game.CardCollectionAbstractTest" file="/home/missivaeak/dbwebb-kurser/mvc/me/report/tests/Game/CardCollectionAbstractTest.php" line="57" assertions="1" time="0.000831"/>
        <testcase name="testNonZeroCards" class="App\Game\CardCollectionAbstractTest" classname="App.Game.CardCollectionAbstractTest" file="/home/missivaeak/dbwebb-kurser/mvc/me/report/tests/Game/CardCollectionAbstractTest.php" line="69" assertions="2" time="0.000505"/>
        <testcase name="testGetCardsEmpty" class="App\Game\CardCollectionAbstractTest" classname="App.Game.CardCollectionAbstractTest" file="/home/missivaeak/dbwebb-kurser/mvc/me/report/tests/Game/CardCollectionAbstractTest.php" line="80" assertions="3" time="0.001018"/>
        <testcase name="testGetCardsNonEmpty" class="App\Game\CardCollectionAbstractTest" classname="App.Game.CardCollectionAbstractTest" file="/home/missivaeak/dbwebb-kurser/mvc/me/report/tests/Game/CardCollectionAbstractTest.php" line="91" assertions="3" time="0.000523"/>
        <testcase name="testGetFacesEmpty" class="App\Game\CardCollectionAbstractTest" classname="App.Game.CardCollectionAbstractTest" file="/home/missivaeak/dbwebb-kurser/mvc/me/report/tests/Game/CardCollectionAbstractTest.php" line="102" assertions="3" time="0.000496"/>
        <testcase name="testGetFacesNonEmpty" class="App\Game\CardCollectionAbstractTest" classname="App.Game.CardCollectionAbstractTest" file="/home/missivaeak/dbwebb-kurser/mvc/me/report/tests/Game/CardCollectionAbstractTest.php" line="113" assertions="10" time="0.003974"/>
        <testcase name="testGetEmptyWarning" class="App\Game\CardCollectionAbstractTest" classname="App.Game.CardCollectionAbstractTest" file="/home/missivaeak/dbwebb-kurser/mvc/me/report/tests/Game/CardCollectionAbstractTest.php" line="134" assertions="1" time="0.000499"/>
        <testcase name="testRevealAll" class="App\Game\CardCollectionAbstractTest" classname="App.Game.CardCollectionAbstractTest" file="/home/missivaeak/dbwebb-kurser/mvc/me/report/tests/Game/CardCollectionAbstractTest.php" line="142" assertions="1" time="0.000865"/>
        <testcase name="testHideAll" class="App\Game\CardCollectionAbstractTest" classname="App.Game.CardCollectionAbstractTest" file="/home/missivaeak/dbwebb-kurser/mvc/me/report/tests/Game/CardCollectionAbstractTest.php" line="156" assertions="1" time="0.000541"/>
        <testcase name="testShuffle" class="App\Game\CardCollectionAbstractTest" classname="App.Game.CardCollectionAbstractTest" file="/home/missivaeak/dbwebb-kurser/mvc/me/report/tests/Game/CardCollectionAbstractTest.php" line="171" assertions="1" time="0.000708"/>
        <testcase name="testDrawEmpty" class="App\Game\CardCollectionAbstractTest" classname="App.Game.CardCollectionAbstractTest" file="/home/missivaeak/dbwebb-kurser/mvc/me/report/tests/Game/CardCollectionAbstractTest.php" line="192" assertions="1" time="0.000680"/>
        <testcase name="testDrawNonEmpty" class="App\Game\CardCollectionAbstractTest" classname="App.Game.CardCollectionAbstractTest" file="/home/missivaeak/dbwebb-kurser/mvc/me/report/tests/Game/CardCollectionAbstractTest.php" line="202" assertions="1" time="0.000480"/>
        <testcase name="testDrawByPatternEmpty" class="App\Game\CardCollectionAbstractTest" classname="App.Game.CardCollectionAbstractTest" file="/home/missivaeak/dbwebb-kurser/mvc/me/report/tests/Game/CardCollectionAbstractTest.php" line="212" assertions="1" time="0.000482"/>
        <testcase name="testDrawByPatternNonEmpty" class="App\Game\CardCollectionAbstractTest" classname="App.Game.CardCollectionAbstractTest" file="/home/missivaeak/dbwebb-kurser/mvc/me/report/tests/Game/CardCollectionAbstractTest.php" line="223" assertions="1" time="0.000608"/>
      </testsuite>
      <testsuite name="App\Game\DiscardTest" file="/home/missivaeak/dbwebb-kurser/mvc/me/report/tests/Game/DiscardTest.php" tests="2" assertions="3" errors="0" warnings="0" failures="0" skipped="0" time="0.001105">
        <testcase name="testGetTopCardEmpty" class="App\Game\DiscardTest" classname="App.Game.DiscardTest" file="/home/missivaeak/dbwebb-kurser/mvc/me/report/tests/Game/DiscardTest.php" line="35" assertions="1" time="0.000630"/>
        <testcase name="testGetTopCardNonEmpty" class="App\Game\DiscardTest" classname="App.Game.DiscardTest" file="/home/missivaeak/dbwebb-kurser/mvc/me/report/tests/Game/DiscardTest.php" line="45" assertions="2" time="0.000475"/>
      </testsuite>
      <testsuite name="App\Game\GameTest" file="/home/missivaeak/dbwebb-kurser/mvc/me/report/tests/Game/GameTest.php" tests="21" assertions="31" errors="0" warnings="0" failures="0" skipped="0" time="0.016524">
        <testcase name="testInstansiate" class="App\Game\GameTest" classname="App.Game.GameTest" file="/home/missivaeak/dbwebb-kurser/mvc/me/report/tests/Game/GameTest.php" line="48" assertions="1" time="0.004025"/>
        <testcase name="testGetPlayer" class="App\Game\GameTest" classname="App.Game.GameTest" file="/home/missivaeak/dbwebb-kurser/mvc/me/report/tests/Game/GameTest.php" line="56" assertions="1" time="0.000571"/>
        <testcase name="testGetOpponent" class="App\Game\GameTest" classname="App.Game.GameTest" file="/home/missivaeak/dbwebb-kurser/mvc/me/report/tests/Game/GameTest.php" line="66" assertions="1" time="0.000480"/>
        <testcase name="testGetKnockThreshold" class="App\Game\GameTest" classname="App.Game.GameTest" file="/home/missivaeak/dbwebb-kurser/mvc/me/report/tests/Game/GameTest.php" line="76" assertions="1" time="0.000470"/>
        <testcase name="testGetGinBonus" class="App\Game\GameTest" classname="App.Game.GameTest" file="/home/missivaeak/dbwebb-kurser/mvc/me/report/tests/Game/GameTest.php" line="84" assertions="1" time="0.000466"/>
        <testcase name="testGetUndercutBonus" class="App\Game\GameTest" classname="App.Game.GameTest" file="/home/missivaeak/dbwebb-kurser/mvc/me/report/tests/Game/GameTest.php" line="92" assertions="1" time="0.000470"/>
        <testcase name="testGetKnockBonus" class="App\Game\GameTest" classname="App.Game.GameTest" file="/home/missivaeak/dbwebb-kurser/mvc/me/report/tests/Game/GameTest.php" line="100" assertions="1" time="0.000483"/>
        <testcase name="testGetHandSize" class="App\Game\GameTest" classname="App.Game.GameTest" file="/home/missivaeak/dbwebb-kurser/mvc/me/report/tests/Game/GameTest.php" line="108" assertions="1" time="0.000552"/>
        <testcase name="testGetWinThreshold" class="App\Game\GameTest" classname="App.Game.GameTest" file="/home/missivaeak/dbwebb-kurser/mvc/me/report/tests/Game/GameTest.php" line="116" assertions="1" time="0.000484"/>
        <testcase name="testGetSetRound" class="App\Game\GameTest" classname="App.Game.GameTest" file="/home/missivaeak/dbwebb-kurser/mvc/me/report/tests/Game/GameTest.php" line="124" assertions="1" time="0.001269"/>
        <testcase name="testDeal" class="App\Game\GameTest" classname="App.Game.GameTest" file="/home/missivaeak/dbwebb-kurser/mvc/me/report/tests/Game/GameTest.php" line="136" assertions="1" time="0.001244"/>
        <testcase name="testDeckToDiscard" class="App\Game\GameTest" classname="App.Game.GameTest" file="/home/missivaeak/dbwebb-kurser/mvc/me/report/tests/Game/GameTest.php" line="153" assertions="4" time="0.000723"/>
        <testcase name="testDeckToDiscardEmpty" class="App\Game\GameTest" classname="App.Game.GameTest" file="/home/missivaeak/dbwebb-kurser/mvc/me/report/tests/Game/GameTest.php" line="180" assertions="3" time="0.000769"/>
        <testcase name="testReturnCards" class="App\Game\GameTest" classname="App.Game.GameTest" file="/home/missivaeak/dbwebb-kurser/mvc/me/report/tests/Game/GameTest.php" line="202" assertions="4" time="0.001021"/>
        <testcase name="testGetPlayerHand" class="App\Game\GameTest" classname="App.Game.GameTest" file="/home/missivaeak/dbwebb-kurser/mvc/me/report/tests/Game/GameTest.php" line="242" assertions="1" time="0.000477"/>
        <testcase name="testGetOpponentHand" class="App\Game\GameTest" classname="App.Game.GameTest" file="/home/missivaeak/dbwebb-kurser/mvc/me/report/tests/Game/GameTest.php" line="249" assertions="1" time="0.000473"/>
        <testcase name="testGetDeck" class="App\Game\GameTest" classname="App.Game.GameTest" file="/home/missivaeak/dbwebb-kurser/mvc/me/report/tests/Game/GameTest.php" line="256" assertions="1" time="0.000500"/>
        <testcase name="testGetDiscard" class="App\Game\GameTest" classname="App.Game.GameTest" file="/home/missivaeak/dbwebb-kurser/mvc/me/report/tests/Game/GameTest.php" line="263" assertions="1" time="0.000471"/>
        <testcase name="testScoreKnockingWins" class="App\Game\GameTest" classname="App.Game.GameTest" file="/home/missivaeak/dbwebb-kurser/mvc/me/report/tests/Game/GameTest.php" line="270" assertions="2" time="0.000540"/>
        <testcase name="testScoreNotKnockingWins" class="App\Game\GameTest" classname="App.Game.GameTest" file="/home/missivaeak/dbwebb-kurser/mvc/me/report/tests/Game/GameTest.php" line="287" assertions="2" time="0.000538"/>
        <testcase name="testScoreEqual" class="App\Game\GameTest" classname="App.Game.GameTest" file="/home/missivaeak/dbwebb-kurser/mvc/me/report/tests/Game/GameTest.php" line="305" assertions="1" time="0.000498"/>
      </testsuite>
      <testsuite name="App\Game\GinRummyHandTest" file="/home/missivaeak/dbwebb-kurser/mvc/me/report/tests/Game/GinRummyHandTest.php" tests="8" assertions="14" errors="0" warnings="0" failures="0" skipped="0" time="0.006584">
        <testcase name="testInstantiate" class="App\Game\GinRummyHandTest" classname="App.Game.GinRummyHandTest" file="/home/missivaeak/dbwebb-kurser/mvc/me/report/tests/Game/GinRummyHandTest.php" line="41" assertions="1" time="0.001378"/>
        <testcase name="testGetMeldsEmpty" class="App\Game\GinRummyHandTest" classname="App.Game.GinRummyHandTest" file="/home/missivaeak/dbwebb-kurser/mvc/me/report/tests/Game/GinRummyHandTest.php" line="49" assertions="2" time="0.000621"/>
        <testcase name="testGetMeldsNonEmpty" class="App\Game\GinRummyHandTest" classname="App.Game.GinRummyHandTest" file="/home/missivaeak/dbwebb-kurser/mvc/me/report/tests/Game/GinRummyHandTest.php" line="60" assertions="3" time="0.000594"/>
        <testcase name="testGetMeldCards" class="App\Game\GinRummyHandTest" classname="App.Game.GinRummyHandTest" file="/home/missivaeak/dbwebb-kurser/mvc/me/report/tests/Game/GinRummyHandTest.php" line="72" assertions="1" time="0.000627"/>
        <testcase name="testGetMeldCardsWrongIndex" class="App\Game\GinRummyHandTest" classname="App.Game.GinRummyHandTest" file="/home/missivaeak/dbwebb-kurser/mvc/me/report/tests/Game/GinRummyHandTest.php" line="85" assertions="1" time="0.001127"/>
        <testcase name="testGetUnmatched" class="App\Game\GinRummyHandTest" classname="App.Game.GinRummyHandTest" file="/home/missivaeak/dbwebb-kurser/mvc/me/report/tests/Game/GinRummyHandTest.php" line="94" assertions="4" time="0.001069"/>
        <testcase name="testAddToMeld" class="App\Game\GinRummyHandTest" classname="App.Game.GinRummyHandTest" file="/home/missivaeak/dbwebb-kurser/mvc/me/report/tests/Game/GinRummyHandTest.php" line="118" assertions="1" time="0.000632"/>
        <testcase name="testResetMelds" class="App\Game\GinRummyHandTest" classname="App.Game.GinRummyHandTest" file="/home/missivaeak/dbwebb-kurser/mvc/me/report/tests/Game/GinRummyHandTest.php" line="136" assertions="1" time="0.000537"/>
      </testsuite>
      <testsuite name="App\Game\GinRummyOpponentLogicTest" file="/home/missivaeak/dbwebb-kurser/mvc/me/report/tests/Game/GinRummyOpponentLogicTest.php" tests="19" assertions="28" errors="0" warnings="0" failures="0" skipped="0" time="0.068898">
        <testcase name="testInstansiate" class="App\Game\GinRummyOpponentLogicTest" classname="App.Game.GinRummyOpponentLogicTest" file="/home/missivaeak/dbwebb-kurser/mvc/me/report/tests/Game/GinRummyOpponentLogicTest.php" line="66" assertions="1" time="0.003293"/>
        <testcase name="testPickDiscard" class="App\Game\GinRummyOpponentLogicTest" classname="App.Game.GinRummyOpponentLogicTest" file="/home/missivaeak/dbwebb-kurser/mvc/me/report/tests/Game/GinRummyOpponentLogicTest.php" line="74" assertions="1" time="0.001191"/>
        <testcase name="testPickDiscardEmptyDiscard" class="App\Game\GinRummyOpponentLogicTest" classname="App.Game.GinRummyOpponentLogicTest" file="/home/missivaeak/dbwebb-kurser/mvc/me/report/tests/Game/GinRummyOpponentLogicTest.php" line="88" assertions="1" time="0.000913"/>
        <testcase name="testPickDeck" class="App\Game\GinRummyOpponentLogicTest" classname="App.Game.GinRummyOpponentLogicTest" file="/home/missivaeak/dbwebb-kurser/mvc/me/report/tests/Game/GinRummyOpponentLogicTest.php" line="102" assertions="1" time="0.000996"/>
        <testcase name="testPickDeckEmptyDeck" class="App\Game\GinRummyOpponentLogicTest" classname="App.Game.GinRummyOpponentLogicTest" file="/home/missivaeak/dbwebb-kurser/mvc/me/report/tests/Game/GinRummyOpponentLogicTest.php" line="116" assertions="1" time="0.000882"/>
        <testcase name="testDiscard" class="App\Game\GinRummyOpponentLogicTest" classname="App.Game.GinRummyOpponentLogicTest" file="/home/missivaeak/dbwebb-kurser/mvc/me/report/tests/Game/GinRummyOpponentLogicTest.php" line="131" assertions="1" time="0.009853"/>
        <testcase name="testDiscardEmptyHand" class="App\Game\GinRummyOpponentLogicTest" classname="App.Game.GinRummyOpponentLogicTest" file="/home/missivaeak/dbwebb-kurser/mvc/me/report/tests/Game/GinRummyOpponentLogicTest.php" line="162" assertions="1" time="0.001004"/>
        <testcase name="testDrawOrPass" class="App\Game\GinRummyOpponentLogicTest" classname="App.Game.GinRummyOpponentLogicTest" file="/home/missivaeak/dbwebb-kurser/mvc/me/report/tests/Game/GinRummyOpponentLogicTest.php" line="176" assertions="1" time="0.002094"/>
        <testcase name="testDrawDeckOrDrawDiscard" class="App\Game\GinRummyOpponentLogicTest" classname="App.Game.GinRummyOpponentLogicTest" file="/home/missivaeak/dbwebb-kurser/mvc/me/report/tests/Game/GinRummyOpponentLogicTest.php" line="201" assertions="1" time="0.003125"/>
        <testcase name="testKnockOrPassCanKnock" class="App\Game\GinRummyOpponentLogicTest" classname="App.Game.GinRummyOpponentLogicTest" file="/home/missivaeak/dbwebb-kurser/mvc/me/report/tests/Game/GinRummyOpponentLogicTest.php" line="229" assertions="1" time="0.000858"/>
        <testcase name="testKnockOrPassCannotKnock" class="App\Game\GinRummyOpponentLogicTest" classname="App.Game.GinRummyOpponentLogicTest" file="/home/missivaeak/dbwebb-kurser/mvc/me/report/tests/Game/GinRummyOpponentLogicTest.php" line="242" assertions="1" time="0.000928"/>
        <testcase name="testAddToPlayersMeld" class="App\Game\GinRummyOpponentLogicTest" classname="App.Game.GinRummyOpponentLogicTest" file="/home/missivaeak/dbwebb-kurser/mvc/me/report/tests/Game/GinRummyOpponentLogicTest.php" line="256" assertions="1" time="0.001440"/>
        <testcase name="testMainStep" class="App\Game\GinRummyOpponentLogicTest" classname="App.Game.GinRummyOpponentLogicTest" file="/home/missivaeak/dbwebb-kurser/mvc/me/report/tests/Game/GinRummyOpponentLogicTest.php" line="289" assertions="2" time="0.013582"/>
        <testcase name="testMainStepKnock" class="App\Game\GinRummyOpponentLogicTest" classname="App.Game.GinRummyOpponentLogicTest" file="/home/missivaeak/dbwebb-kurser/mvc/me/report/tests/Game/GinRummyOpponentLogicTest.php" line="341" assertions="2" time="0.014706"/>
        <testcase name="testKnockStep" class="App\Game\GinRummyOpponentLogicTest" classname="App.Game.GinRummyOpponentLogicTest" file="/home/missivaeak/dbwebb-kurser/mvc/me/report/tests/Game/GinRummyOpponentLogicTest.php" line="393" assertions="2" time="0.001073"/>
        <testcase name="testTopCardChoiceStepFour" class="App\Game\GinRummyOpponentLogicTest" classname="App.Game.GinRummyOpponentLogicTest" file="/home/missivaeak/dbwebb-kurser/mvc/me/report/tests/Game/GinRummyOpponentLogicTest.php" line="413" assertions="3" time="0.001066"/>
        <testcase name="testTopCardChoiceStepFive" class="App\Game\GinRummyOpponentLogicTest" classname="App.Game.GinRummyOpponentLogicTest" file="/home/missivaeak/dbwebb-kurser/mvc/me/report/tests/Game/GinRummyOpponentLogicTest.php" line="437" assertions="3" time="0.001034"/>
        <testcase name="testTopCardChoiceStepDraw" class="App\Game\GinRummyOpponentLogicTest" classname="App.Game.GinRummyOpponentLogicTest" file="/home/missivaeak/dbwebb-kurser/mvc/me/report/tests/Game/GinRummyOpponentLogicTest.php" line="461" assertions="2" time="0.009265"/>
        <testcase name="testTopCardForcedStep" class="App\Game\GinRummyOpponentLogicTest" classname="App.Game.GinRummyOpponentLogicTest" file="/home/missivaeak/dbwebb-kurser/mvc/me/report/tests/Game/GinRummyOpponentLogicTest.php" line="499" assertions="2" time="0.001595"/>
      </testsuite>
      <testsuite name="App\Game\GinRummyScoringTest" file="/home/missivaeak/dbwebb-kurser/mvc/me/report/tests/Game/GinRummyScoringTest.php" tests="9" assertions="16" errors="0" warnings="0" failures="0" skipped="0" time="0.016953">
        <testcase name="testMeld" class="App\Game\GinRummyScoringTest" classname="App.Game.GinRummyScoringTest" file="/home/missivaeak/dbwebb-kurser/mvc/me/report/tests/Game/GinRummyScoringTest.php" line="75" assertions="2" time="0.001746"/>
        <testcase name="testMeldSetsFirstNoMock" class="App\Game\GinRummyScoringTest" classname="App.Game.GinRummyScoringTest" file="/home/missivaeak/dbwebb-kurser/mvc/me/report/tests/Game/GinRummyScoringTest.php" line="88" assertions="1" time="0.003069"/>
        <testcase name="testMeldRunsFirstNoMock" class="App\Game\GinRummyScoringTest" classname="App.Game.GinRummyScoringTest" file="/home/missivaeak/dbwebb-kurser/mvc/me/report/tests/Game/GinRummyScoringTest.php" line="106" assertions="1" time="0.003682"/>
        <testcase name="testAddToOthersMeldSetNoMock" class="App\Game\GinRummyScoringTest" classname="App.Game.GinRummyScoringTest" file="/home/missivaeak/dbwebb-kurser/mvc/me/report/tests/Game/GinRummyScoringTest.php" line="124" assertions="3" time="0.001200"/>
        <testcase name="testAddToOthersMeldRunNoMock" class="App\Game\GinRummyScoringTest" classname="App.Game.GinRummyScoringTest" file="/home/missivaeak/dbwebb-kurser/mvc/me/report/tests/Game/GinRummyScoringTest.php" line="153" assertions="3" time="0.001062"/>
        <testcase name="testAddToOthersMeldInvalidNoMock" class="App\Game\GinRummyScoringTest" classname="App.Game.GinRummyScoringTest" file="/home/missivaeak/dbwebb-kurser/mvc/me/report/tests/Game/GinRummyScoringTest.php" line="182" assertions="3" time="0.001438"/>
        <testcase name="testCheckScoreDiffNeg" class="App\Game\GinRummyScoringTest" classname="App.Game.GinRummyScoringTest" file="/home/missivaeak/dbwebb-kurser/mvc/me/report/tests/Game/GinRummyScoringTest.php" line="211" assertions="1" time="0.002099"/>
        <testcase name="testCheckScoreDiffPos" class="App\Game\GinRummyScoringTest" classname="App.Game.GinRummyScoringTest" file="/home/missivaeak/dbwebb-kurser/mvc/me/report/tests/Game/GinRummyScoringTest.php" line="235" assertions="1" time="0.001324"/>
        <testcase name="testCheckScoreDiffEqual" class="App\Game\GinRummyScoringTest" classname="App.Game.GinRummyScoringTest" file="/home/missivaeak/dbwebb-kurser/mvc/me/report/tests/Game/GinRummyScoringTest.php" line="259" assertions="1" time="0.001334"/>
      </testsuite>
      <testsuite name="App\Game\MeldTest" file="/home/missivaeak/dbwebb-kurser/mvc/me/report/tests/Game/MeldTest.php" tests="6" assertions="10" errors="0" warnings="0" failures="0" skipped="0" time="0.001744">
        <testcase name="testInstansiate" class="App\Game\MeldTest" classname="App.Game.MeldTest" file="/home/missivaeak/dbwebb-kurser/mvc/me/report/tests/Game/MeldTest.php" line="32" assertions="1" time="0.000204"/>
        <testcase name="testExceptionWrongInstansiate" class="App\Game\MeldTest" classname="App.Game.MeldTest" file="/home/missivaeak/dbwebb-kurser/mvc/me/report/tests/Game/MeldTest.php" line="41" assertions="1" time="0.000420"/>
        <testcase name="testIsRun" class="App\Game\MeldTest" classname="App.Game.MeldTest" file="/home/missivaeak/dbwebb-kurser/mvc/me/report/tests/Game/MeldTest.php" line="50" assertions="2" time="0.000205"/>
        <testcase name="testIsSet" class="App\Game\MeldTest" classname="App.Game.MeldTest" file="/home/missivaeak/dbwebb-kurser/mvc/me/report/tests/Game/MeldTest.php" line="59" assertions="2" time="0.000201"/>
        <testcase name="testGetValue" class="App\Game\MeldTest" classname="App.Game.MeldTest" file="/home/missivaeak/dbwebb-kurser/mvc/me/report/tests/Game/MeldTest.php" line="68" assertions="2" time="0.000338"/>
        <testcase name="testGetSuit" class="App\Game\MeldTest" classname="App.Game.MeldTest" file="/home/missivaeak/dbwebb-kurser/mvc/me/report/tests/Game/MeldTest.php" line="84" assertions="2" time="0.000377"/>
      </testsuite>
      <testsuite name="App\Game\PlayerTest" file="/home/missivaeak/dbwebb-kurser/mvc/me/report/tests/Game/PlayerTest.php" tests="4" assertions="4" errors="0" warnings="0" failures="0" skipped="0" time="0.001055">
        <testcase name="testInstansiate" class="App\Game\PlayerTest" classname="App.Game.PlayerTest" file="/home/missivaeak/dbwebb-kurser/mvc/me/report/tests/Game/PlayerTest.php" line="30" assertions="1" time="0.000262"/>
        <testcase name="testGetHand" class="App\Game\PlayerTest" classname="App.Game.PlayerTest" file="/home/missivaeak/dbwebb-kurser/mvc/me/report/tests/Game/PlayerTest.php" line="38" assertions="1" time="0.000269"/>
        <testcase name="testGetScore" class="App\Game\PlayerTest" classname="App.Game.PlayerTest" file="/home/missivaeak/dbwebb-kurser/mvc/me/report/tests/Game/PlayerTest.php" line="47" assertions="1" time="0.000261"/>
        <testcase name="testAddScore" class="App\Game\PlayerTest" classname="App.Game.PlayerTest" file="/home/missivaeak/dbwebb-kurser/mvc/me/report/tests/Game/PlayerTest.php" line="57" assertions="1" time="0.000264"/>
      </testsuite>
      <testsuite name="App\Game\RoundTest" file="/home/missivaeak/dbwebb-kurser/mvc/me/report/tests/Game/RoundTest.php" tests="10" assertions="17" errors="0" warnings="0" failures="0" skipped="0" time="0.004869">
        <testcase name="testInstansiate" class="App\Game\RoundTest" classname="App.Game.RoundTest" file="/home/missivaeak/dbwebb-kurser/mvc/me/report/tests/Game/RoundTest.php" line="31" assertions="1" time="0.000300"/>
        <testcase name="testRandomiseDealer" class="App\Game\RoundTest" classname="App.Game.RoundTest" file="/home/missivaeak/dbwebb-kurser/mvc/me/report/tests/Game/RoundTest.php" line="40" assertions="3" time="0.000812"/>
        <testcase name="testGetSetDealer" class="App\Game\RoundTest" classname="App.Game.RoundTest" file="/home/missivaeak/dbwebb-kurser/mvc/me/report/tests/Game/RoundTest.php" line="65" assertions="1" time="0.000424"/>
        <testcase name="testGetActivePlayerAfterRandomise" class="App\Game\RoundTest" classname="App.Game.RoundTest" file="/home/missivaeak/dbwebb-kurser/mvc/me/report/tests/Game/RoundTest.php" line="75" assertions="1" time="0.000453"/>
        <testcase name="testGetActivePlayerAfterSet" class="App\Game\RoundTest" classname="App.Game.RoundTest" file="/home/missivaeak/dbwebb-kurser/mvc/me/report/tests/Game/RoundTest.php" line="86" assertions="1" time="0.000599"/>
        <testcase name="testGetNextDealer" class="App\Game\RoundTest" classname="App.Game.RoundTest" file="/home/missivaeak/dbwebb-kurser/mvc/me/report/tests/Game/RoundTest.php" line="97" assertions="3" time="0.000334"/>
        <testcase name="testNextTurn" class="App\Game\RoundTest" classname="App.Game.RoundTest" file="/home/missivaeak/dbwebb-kurser/mvc/me/report/tests/Game/RoundTest.php" line="110" assertions="1" time="0.000406"/>
        <testcase name="testGetSetStep" class="App\Game\RoundTest" classname="App.Game.RoundTest" file="/home/missivaeak/dbwebb-kurser/mvc/me/report/tests/Game/RoundTest.php" line="122" assertions="2" time="0.000394"/>
        <testcase name="testNextStep" class="App\Game\RoundTest" classname="App.Game.RoundTest" file="/home/missivaeak/dbwebb-kurser/mvc/me/report/tests/Game/RoundTest.php" line="132" assertions="1" time="0.000291"/>
        <testcase name="testDeal" class="App\Game\RoundTest" classname="App.Game.RoundTest" file="/home/missivaeak/dbwebb-kurser/mvc/me/report/tests/Game/RoundTest.php" line="142" assertions="3" time="0.000854"/>
      </testsuite>
      <testsuite name="App\Game\StandardPlayingCardTest" file="/home/missivaeak/dbwebb-kurser/mvc/me/report/tests/Game/StandardPlayingCardTest.php" tests="8" assertions="8" errors="0" warnings="0" failures="0" skipped="0" time="0.001559">
        <testcase name="testInstansiate" class="App\Game\StandardPlayingCardTest" classname="App.Game.StandardPlayingCardTest" file="/home/missivaeak/dbwebb-kurser/mvc/me/report/tests/Game/StandardPlayingCardTest.php" line="28" assertions="1" time="0.000207"/>
        <testcase name="testGetValue" class="App\Game\StandardPlayingCardTest" classname="App.Game.StandardPlayingCardTest" file="/home/missivaeak/dbwebb-kurser/mvc/me/report/tests/Game/StandardPlayingCardTest.php" line="36" assertions="1" time="0.000192"/>
        <testcase name="testGetSuit" class="App\Game\StandardPlayingCardTest" classname="App.Game.StandardPlayingCardTest" file="/home/missivaeak/dbwebb-kurser/mvc/me/report/tests/Game/StandardPlayingCardTest.php" line="44" assertions="1" time="0.000200"/>
        <testcase name="testGetFace" class="App\Game\StandardPlayingCardTest" classname="App.Game.StandardPlayingCardTest" file="/home/missivaeak/dbwebb-kurser/mvc/me/report/tests/Game/StandardPlayingCardTest.php" line="52" assertions="1" time="0.000200"/>
        <testcase name="testToString" class="App\Game\StandardPlayingCardTest" classname="App.Game.StandardPlayingCardTest" file="/home/missivaeak/dbwebb-kurser/mvc/me/report/tests/Game/StandardPlayingCardTest.php" line="60" assertions="1" time="0.000192"/>
        <testcase name="testIsFaceUp" class="App\Game\StandardPlayingCardTest" classname="App.Game.StandardPlayingCardTest" file="/home/missivaeak/dbwebb-kurser/mvc/me/report/tests/Game/StandardPlayingCardTest.php" line="68" assertions="1" time="0.000184"/>
        <testcase name="testReveal" class="App\Game\StandardPlayingCardTest" classname="App.Game.StandardPlayingCardTest" file="/home/missivaeak/dbwebb-kurser/mvc/me/report/tests/Game/StandardPlayingCardTest.php" line="76" assertions="1" time="0.000191"/>
        <testcase name="testHide" class="App\Game\StandardPlayingCardTest" classname="App.Game.StandardPlayingCardTest" file="/home/missivaeak/dbwebb-kurser/mvc/me/report/tests/Game/StandardPlayingCardTest.php" line="85" assertions="1" time="0.000192"/>
      </testsuite>
      <testsuite name="App\Game\StandardPlayingCardsTraitTest" file="/home/missivaeak/dbwebb-kurser/mvc/me/report/tests/Game/StandardPlayingCardTraitTest.php" tests="1" assertions="7" errors="0" warnings="0" failures="0" skipped="0" time="0.001073">
        <testcase name="testGetAllValidCardValues" class="App\Game\StandardPlayingCardsTraitTest" classname="App.Game.StandardPlayingCardsTraitTest" file="/home/missivaeak/dbwebb-kurser/mvc/me/report/tests/Game/StandardPlayingCardTraitTest.php" line="18" assertions="7" time="0.001073"/>
      </testsuite>
      <testsuite name="App\Roadlike\ChallengerTest" file="/home/missivaeak/dbwebb-kurser/mvc/me/report/tests/Roadlike/ChallengerTest.php" tests="11" assertions="31" errors="0" warnings="0" failures="0" skipped="0" time="0.002921">
        <testcase name="testInstansiate" class="App\Roadlike\ChallengerTest" classname="App.Roadlike.ChallengerTest" file="/home/missivaeak/dbwebb-kurser/mvc/me/report/tests/Roadlike/ChallengerTest.php" line="37" assertions="2" time="0.000775"/>
        <testcase name="testGetStats" class="App\Roadlike\ChallengerTest" classname="App.Roadlike.ChallengerTest" file="/home/missivaeak/dbwebb-kurser/mvc/me/report/tests/Roadlike/ChallengerTest.php" line="46" assertions="6" time="0.000277"/>
        <testcase name="testGetNoStats" class="App\Roadlike\ChallengerTest" classname="App.Roadlike.ChallengerTest" file="/home/missivaeak/dbwebb-kurser/mvc/me/report/tests/Roadlike/ChallengerTest.php" line="61" assertions="6" time="0.000218"/>
        <testcase name="testModifyStat" class="App\Roadlike\ChallengerTest" classname="App.Roadlike.ChallengerTest" file="/home/missivaeak/dbwebb-kurser/mvc/me/report/tests/Roadlike/ChallengerTest.php" line="75" assertions="6" time="0.000216"/>
        <testcase name="testGetHealth" class="App\Roadlike\ChallengerTest" classname="App.Roadlike.ChallengerTest" file="/home/missivaeak/dbwebb-kurser/mvc/me/report/tests/Roadlike/ChallengerTest.php" line="95" assertions="2" time="0.000198"/>
        <testcase name="testGetMaxHealth" class="App\Roadlike\ChallengerTest" classname="App.Roadlike.ChallengerTest" file="/home/missivaeak/dbwebb-kurser/mvc/me/report/tests/Roadlike/ChallengerTest.php" line="104" assertions="2" time="0.000202"/>
        <testcase name="testModifyHealth" class="App\Roadlike\ChallengerTest" classname="App.Roadlike.ChallengerTest" file="/home/missivaeak/dbwebb-kurser/mvc/me/report/tests/Roadlike/ChallengerTest.php" line="113" assertions="1" time="0.000215"/>
        <testcase name="testGetStamina" class="App\Roadlike\ChallengerTest" classname="App.Roadlike.ChallengerTest" file="/home/missivaeak/dbwebb-kurser/mvc/me/report/tests/Roadlike/ChallengerTest.php" line="122" assertions="2" time="0.000200"/>
        <testcase name="testGetMaxStamina" class="App\Roadlike\ChallengerTest" classname="App.Roadlike.ChallengerTest" file="/home/missivaeak/dbwebb-kurser/mvc/me/report/tests/Roadlike/ChallengerTest.php" line="131" assertions="2" time="0.000209"/>
        <testcase name="testModifyStamina" class="App\Roadlike\ChallengerTest" classname="App.Roadlike.ChallengerTest" file="/home/missivaeak/dbwebb-kurser/mvc/me/report/tests/Roadlike/ChallengerTest.php" line="140" assertions="1" time="0.000214"/>
        <testcase name="testGetName" class="App\Roadlike\ChallengerTest" classname="App.Roadlike.ChallengerTest" file="/home/missivaeak/dbwebb-kurser/mvc/me/report/tests/Roadlike/ChallengerTest.php" line="149" assertions="1" time="0.000196"/>
      </testsuite>
      <testsuite name="App\Roadlike\CrossroadsTest" file="/home/missivaeak/dbwebb-kurser/mvc/me/report/tests/Roadlike/CrossroadsTest.php" tests="5" assertions="13" errors="0" warnings="0" failures="0" skipped="0" time="0.002724">
        <testcase name="testInstansiate" class="App\Roadlike\CrossroadsTest" classname="App.Roadlike.CrossroadsTest" file="/home/missivaeak/dbwebb-kurser/mvc/me/report/tests/Roadlike/CrossroadsTest.php" line="43" assertions="3" time="0.001223"/>
        <testcase name="testGetAddRoad" class="App\Roadlike\CrossroadsTest" classname="App.Roadlike.CrossroadsTest" file="/home/missivaeak/dbwebb-kurser/mvc/me/report/tests/Roadlike/CrossroadsTest.php" line="53" assertions="5" time="0.000408"/>
        <testcase name="testGetRandomRoadNull" class="App\Roadlike\CrossroadsTest" classname="App.Roadlike.CrossroadsTest" file="/home/missivaeak/dbwebb-kurser/mvc/me/report/tests/Roadlike/CrossroadsTest.php" line="70" assertions="1" time="0.000307"/>
        <testcase name="testGetRandomRoadOne" class="App\Roadlike\CrossroadsTest" classname="App.Roadlike.CrossroadsTest" file="/home/missivaeak/dbwebb-kurser/mvc/me/report/tests/Roadlike/CrossroadsTest.php" line="80" assertions="2" time="0.000305"/>
        <testcase name="testGetRandomRoadTwo" class="App\Roadlike\CrossroadsTest" classname="App.Roadlike.CrossroadsTest" file="/home/missivaeak/dbwebb-kurser/mvc/me/report/tests/Roadlike/CrossroadsTest.php" line="91" assertions="2" time="0.000480"/>
      </testsuite>
      <testsuite name="App\Roadlike\FactoryTest" file="/home/missivaeak/dbwebb-kurser/mvc/me/report/tests/Roadlike/FactoryTest.php" tests="4" assertions="9" errors="0" warnings="0" failures="0" skipped="0" time="0.003524">
        <testcase name="testBuildManager" class="App\Roadlike\FactoryTest" classname="App.Roadlike.FactoryTest" file="/home/missivaeak/dbwebb-kurser/mvc/me/report/tests/Roadlike/FactoryTest.php" line="97" assertions="3" time="0.001565"/>
        <testcase name="testBuildDraft" class="App\Roadlike\FactoryTest" classname="App.Roadlike.FactoryTest" file="/home/missivaeak/dbwebb-kurser/mvc/me/report/tests/Roadlike/FactoryTest.php" line="111" assertions="2" time="0.000493"/>
        <testcase name="testBuildObstacles" class="App\Roadlike\FactoryTest" classname="App.Roadlike.FactoryTest" file="/home/missivaeak/dbwebb-kurser/mvc/me/report/tests/Roadlike/FactoryTest.php" line="131" assertions="2" time="0.001014"/>
        <testcase name="testBuildCrossroads" class="App\Roadlike\FactoryTest" classname="App.Roadlike.FactoryTest" file="/home/missivaeak/dbwebb-kurser/mvc/me/report/tests/Roadlike/FactoryTest.php" line="143" assertions="2" time="0.000451"/>
      </testsuite>
      <testsuite name="App\Roadlike\ManagerTest" file="/home/missivaeak/dbwebb-kurser/mvc/me/report/tests/Roadlike/ManagerTest.php" tests="8" assertions="13" errors="0" warnings="0" failures="0" skipped="0" time="0.003144">
        <testcase name="testInstansiate" class="App\Roadlike\ManagerTest" classname="App.Roadlike.ManagerTest" file="/home/missivaeak/dbwebb-kurser/mvc/me/report/tests/Roadlike/ManagerTest.php" line="36" assertions="2" time="0.000689"/>
        <testcase name="testSetGetCrossroads" class="App\Roadlike\ManagerTest" classname="App.Roadlike.ManagerTest" file="/home/missivaeak/dbwebb-kurser/mvc/me/report/tests/Roadlike/ManagerTest.php" line="45" assertions="2" time="0.000350"/>
        <testcase name="testUnsetCrossroads" class="App\Roadlike\ManagerTest" classname="App.Roadlike.ManagerTest" file="/home/missivaeak/dbwebb-kurser/mvc/me/report/tests/Roadlike/ManagerTest.php" line="58" assertions="1" time="0.000329"/>
        <testcase name="testGetChallenger" class="App\Roadlike\ManagerTest" classname="App.Roadlike.ManagerTest" file="/home/missivaeak/dbwebb-kurser/mvc/me/report/tests/Roadlike/ManagerTest.php" line="70" assertions="1" time="0.000318"/>
        <testcase name="testGetJourney" class="App\Roadlike\ManagerTest" classname="App.Roadlike.ManagerTest" file="/home/missivaeak/dbwebb-kurser/mvc/me/report/tests/Roadlike/ManagerTest.php" line="79" assertions="1" time="0.000344"/>
        <testcase name="testGetTimeDefault" class="App\Roadlike\ManagerTest" classname="App.Roadlike.ManagerTest" file="/home/missivaeak/dbwebb-kurser/mvc/me/report/tests/Roadlike/ManagerTest.php" line="88" assertions="2" time="0.000354"/>
        <testcase name="testGetTime" class="App\Roadlike\ManagerTest" classname="App.Roadlike.ManagerTest" file="/home/missivaeak/dbwebb-kurser/mvc/me/report/tests/Roadlike/ManagerTest.php" line="99" assertions="2" time="0.000334"/>
        <testcase name="testModifyTime" class="App\Roadlike\ManagerTest" classname="App.Roadlike.ManagerTest" file="/home/missivaeak/dbwebb-kurser/mvc/me/report/tests/Roadlike/ManagerTest.php" line="110" assertions="2" time="0.000427"/>
      </testsuite>
      <testsuite name="App\Roadlike\ORMTest" file="/home/missivaeak/dbwebb-kurser/mvc/me/report/tests/Roadlike/ORMTest.php" tests="9" assertions="19" errors="0" warnings="0" failures="0" skipped="0" time="0.029418">
        <testcase name="testInstansiate" class="App\Roadlike\ORMTest" classname="App.Roadlike.ORMTest" file="/home/missivaeak/dbwebb-kurser/mvc/me/report/tests/Roadlike/ORMTest.php" line="86" assertions="1" time="0.007230"/>
        <testcase name="testGetAllTemplates" class="App\Roadlike\ORMTest" classname="App.Roadlike.ORMTest" file="/home/missivaeak/dbwebb-kurser/mvc/me/report/tests/Roadlike/ORMTest.php" line="94" assertions="2" time="0.006493"/>
        <testcase name="testAddTemplate" class="App\Roadlike\ORMTest" classname="App.Roadlike.ORMTest" file="/home/missivaeak/dbwebb-kurser/mvc/me/report/tests/Roadlike/ORMTest.php" line="121" assertions="2" time="0.001696"/>
        <testcase name="testDelTemplate" class="App\Roadlike\ORMTest" classname="App.Roadlike.ORMTest" file="/home/missivaeak/dbwebb-kurser/mvc/me/report/tests/Roadlike/ORMTest.php" line="138" assertions="3" time="0.002260"/>
        <testcase name="testDelTemplateNotFound" class="App\Roadlike\ORMTest" classname="App.Roadlike.ORMTest" file="/home/missivaeak/dbwebb-kurser/mvc/me/report/tests/Roadlike/ORMTest.php" line="168" assertions="2" time="0.001782"/>
        <testcase name="testGetAllObstacles" class="App\Roadlike\ORMTest" classname="App.Roadlike.ORMTest" file="/home/missivaeak/dbwebb-kurser/mvc/me/report/tests/Roadlike/ORMTest.php" line="186" assertions="2" time="0.003882"/>
        <testcase name="testAddObstacle" class="App\Roadlike\ORMTest" classname="App.Roadlike.ORMTest" file="/home/missivaeak/dbwebb-kurser/mvc/me/report/tests/Roadlike/ORMTest.php" line="204" assertions="2" time="0.001876"/>
        <testcase name="testDelObstacle" class="App\Roadlike\ORMTest" classname="App.Roadlike.ORMTest" file="/home/missivaeak/dbwebb-kurser/mvc/me/report/tests/Roadlike/ORMTest.php" line="237" assertions="3" time="0.002231"/>
        <testcase name="testDelObstacleNotFound" class="App\Roadlike\ORMTest" classname="App.Roadlike.ORMTest" file="/home/missivaeak/dbwebb-kurser/mvc/me/report/tests/Roadlike/ORMTest.php" line="267" assertions="2" time="0.001967"/>
      </testsuite>
      <testsuite name="App\Roadlike\ObstacleTest" file="/home/missivaeak/dbwebb-kurser/mvc/me/report/tests/Roadlike/ObstacleTest.php" tests="5" assertions="11" errors="0" warnings="0" failures="0" skipped="0" time="0.002268">
        <testcase name="testInstansiate" class="App\Roadlike\ObstacleTest" classname="App.Roadlike.ObstacleTest" file="/home/missivaeak/dbwebb-kurser/mvc/me/report/tests/Roadlike/ObstacleTest.php" line="80" assertions="1" time="0.000401"/>
        <testcase name="testGetName" class="App\Roadlike\ObstacleTest" classname="App.Roadlike.ObstacleTest" file="/home/missivaeak/dbwebb-kurser/mvc/me/report/tests/Roadlike/ObstacleTest.php" line="88" assertions="1" time="0.000382"/>
        <testcase name="testGetDescription" class="App\Roadlike\ObstacleTest" classname="App.Roadlike.ObstacleTest" file="/home/missivaeak/dbwebb-kurser/mvc/me/report/tests/Roadlike/ObstacleTest.php" line="96" assertions="1" time="0.000380"/>
        <testcase name="testAttemptUnlucky" class="App\Roadlike\ObstacleTest" classname="App.Roadlike.ObstacleTest" file="/home/missivaeak/dbwebb-kurser/mvc/me/report/tests/Roadlike/ObstacleTest.php" line="104" assertions="4" time="0.000534"/>
        <testcase name="testAttemptLucky" class="App\Roadlike\ObstacleTest" classname="App.Roadlike.ObstacleTest" file="/home/missivaeak/dbwebb-kurser/mvc/me/report/tests/Roadlike/ObstacleTest.php" line="140" assertions="4" time="0.000570"/>
      </testsuite>
      <testsuite name="App\Roadlike\RoadTest" file="/home/missivaeak/dbwebb-kurser/mvc/me/report/tests/Roadlike/RoadTest.php" tests="5" assertions="7" errors="0" warnings="0" failures="0" skipped="0" time="0.001847">
        <testcase name="testInstansiate" class="App\Roadlike\RoadTest" classname="App.Roadlike.RoadTest" file="/home/missivaeak/dbwebb-kurser/mvc/me/report/tests/Roadlike/RoadTest.php" line="35" assertions="3" time="0.000637"/>
        <testcase name="testGetLength" class="App\Roadlike\RoadTest" classname="App.Roadlike.RoadTest" file="/home/missivaeak/dbwebb-kurser/mvc/me/report/tests/Roadlike/RoadTest.php" line="45" assertions="1" time="0.000299"/>
        <testcase name="testGetObstacles" class="App\Roadlike\RoadTest" classname="App.Roadlike.RoadTest" file="/home/missivaeak/dbwebb-kurser/mvc/me/report/tests/Roadlike/RoadTest.php" line="54" assertions="1" time="0.000303"/>
        <testcase name="testAddObstacle" class="App\Roadlike\RoadTest" classname="App.Roadlike.RoadTest" file="/home/missivaeak/dbwebb-kurser/mvc/me/report/tests/Roadlike/RoadTest.php" line="66" assertions="1" time="0.000299"/>
        <testcase name="testAddLength" class="App\Roadlike\RoadTest" classname="App.Roadlike.RoadTest" file="/home/missivaeak/dbwebb-kurser/mvc/me/report/tests/Roadlike/RoadTest.php" line="76" assertions="1" time="0.000310"/>
      </testsuite>
    </testsuite>
  </testsuite>
</testsuites>
