<?xml version="1.0" encoding="UTF-8"?>
<testsuites>
  <testsuite name="" tests="152" assertions="276" errors="0" warnings="0" failures="0" skipped="0" time="0.192270">
    <testsuite name="Project Test Suite" tests="152" assertions="276" errors="0" warnings="0" failures="0" skipped="0" time="0.192270">
      <testsuite name="App\Dice\DiceTest" file="/home/missivaeak/dbwebb-kurser/mvc/me/report/tests/Dice/DiceTest.php" tests="1" assertions="2" errors="0" warnings="0" failures="0" skipped="0" time="0.005536">
        <testcase name="testCreateDice" class="App\Dice\DiceTest" classname="App.Dice.DiceTest" file="/home/missivaeak/dbwebb-kurser/mvc/me/report/tests/Dice/DiceTest.php" line="16" assertions="2" time="0.005536"/>
      </testsuite>
      <testsuite name="App\Game\CardCollectionAbstractTest" file="/home/missivaeak/dbwebb-kurser/mvc/me/report/tests/Game/CardCollectionAbstractTest.php" tests="16" assertions="33" errors="0" warnings="0" failures="0" skipped="0" time="0.019634">
        <testcase name="testInstantiate" class="App\Game\CardCollectionAbstractTest" classname="App.Game.CardCollectionAbstractTest" file="/home/missivaeak/dbwebb-kurser/mvc/me/report/tests/Game/CardCollectionAbstractTest.php" line="36" assertions="1" time="0.005750"/>
        <testcase name="testZeroCards" class="App\Game\CardCollectionAbstractTest" classname="App.Game.CardCollectionAbstractTest" file="/home/missivaeak/dbwebb-kurser/mvc/me/report/tests/Game/CardCollectionAbstractTest.php" line="45" assertions="2" time="0.001011"/>
        <testcase name="testAddCard" class="App\Game\CardCollectionAbstractTest" classname="App.Game.CardCollectionAbstractTest" file="/home/missivaeak/dbwebb-kurser/mvc/me/report/tests/Game/CardCollectionAbstractTest.php" line="57" assertions="1" time="0.000811"/>
        <testcase name="testNonZeroCards" class="App\Game\CardCollectionAbstractTest" classname="App.Game.CardCollectionAbstractTest" file="/home/missivaeak/dbwebb-kurser/mvc/me/report/tests/Game/CardCollectionAbstractTest.php" line="69" assertions="2" time="0.000479"/>
        <testcase name="testGetCardsEmpty" class="App\Game\CardCollectionAbstractTest" classname="App.Game.CardCollectionAbstractTest" file="/home/missivaeak/dbwebb-kurser/mvc/me/report/tests/Game/CardCollectionAbstractTest.php" line="80" assertions="3" time="0.000959"/>
        <testcase name="testGetCardsNonEmpty" class="App\Game\CardCollectionAbstractTest" classname="App.Game.CardCollectionAbstractTest" file="/home/missivaeak/dbwebb-kurser/mvc/me/report/tests/Game/CardCollectionAbstractTest.php" line="91" assertions="3" time="0.000581"/>
        <testcase name="testGetFacesEmpty" class="App\Game\CardCollectionAbstractTest" classname="App.Game.CardCollectionAbstractTest" file="/home/missivaeak/dbwebb-kurser/mvc/me/report/tests/Game/CardCollectionAbstractTest.php" line="102" assertions="3" time="0.000523"/>
        <testcase name="testGetFacesNonEmpty" class="App\Game\CardCollectionAbstractTest" classname="App.Game.CardCollectionAbstractTest" file="/home/missivaeak/dbwebb-kurser/mvc/me/report/tests/Game/CardCollectionAbstractTest.php" line="113" assertions="10" time="0.004653"/>
        <testcase name="testGetEmptyWarning" class="App\Game\CardCollectionAbstractTest" classname="App.Game.CardCollectionAbstractTest" file="/home/missivaeak/dbwebb-kurser/mvc/me/report/tests/Game/CardCollectionAbstractTest.php" line="134" assertions="1" time="0.000509"/>
        <testcase name="testRevealAll" class="App\Game\CardCollectionAbstractTest" classname="App.Game.CardCollectionAbstractTest" file="/home/missivaeak/dbwebb-kurser/mvc/me/report/tests/Game/CardCollectionAbstractTest.php" line="142" assertions="1" time="0.000853"/>
        <testcase name="testHideAll" class="App\Game\CardCollectionAbstractTest" classname="App.Game.CardCollectionAbstractTest" file="/home/missivaeak/dbwebb-kurser/mvc/me/report/tests/Game/CardCollectionAbstractTest.php" line="156" assertions="1" time="0.000540"/>
        <testcase name="testShuffle" class="App\Game\CardCollectionAbstractTest" classname="App.Game.CardCollectionAbstractTest" file="/home/missivaeak/dbwebb-kurser/mvc/me/report/tests/Game/CardCollectionAbstractTest.php" line="171" assertions="1" time="0.000714"/>
        <testcase name="testDrawEmpty" class="App\Game\CardCollectionAbstractTest" classname="App.Game.CardCollectionAbstractTest" file="/home/missivaeak/dbwebb-kurser/mvc/me/report/tests/Game/CardCollectionAbstractTest.php" line="192" assertions="1" time="0.000677"/>
        <testcase name="testDrawNonEmpty" class="App\Game\CardCollectionAbstractTest" classname="App.Game.CardCollectionAbstractTest" file="/home/missivaeak/dbwebb-kurser/mvc/me/report/tests/Game/CardCollectionAbstractTest.php" line="202" assertions="1" time="0.000480"/>
        <testcase name="testDrawByPatternEmpty" class="App\Game\CardCollectionAbstractTest" classname="App.Game.CardCollectionAbstractTest" file="/home/missivaeak/dbwebb-kurser/mvc/me/report/tests/Game/CardCollectionAbstractTest.php" line="212" assertions="1" time="0.000476"/>
        <testcase name="testDrawByPatternNonEmpty" class="App\Game\CardCollectionAbstractTest" classname="App.Game.CardCollectionAbstractTest" file="/home/missivaeak/dbwebb-kurser/mvc/me/report/tests/Game/CardCollectionAbstractTest.php" line="223" assertions="1" time="0.000617"/>
      </testsuite>
      <testsuite name="App\Game\DiscardTest" file="/home/missivaeak/dbwebb-kurser/mvc/me/report/tests/Game/DiscardTest.php" tests="2" assertions="3" errors="0" warnings="0" failures="0" skipped="0" time="0.001079">
        <testcase name="testGetTopCardEmpty" class="App\Game\DiscardTest" classname="App.Game.DiscardTest" file="/home/missivaeak/dbwebb-kurser/mvc/me/report/tests/Game/DiscardTest.php" line="35" assertions="1" time="0.000607"/>
        <testcase name="testGetTopCardNonEmpty" class="App\Game\DiscardTest" classname="App.Game.DiscardTest" file="/home/missivaeak/dbwebb-kurser/mvc/me/report/tests/Game/DiscardTest.php" line="45" assertions="2" time="0.000473"/>
      </testsuite>
      <testsuite name="App\Game\GameTest" file="/home/missivaeak/dbwebb-kurser/mvc/me/report/tests/Game/GameTest.php" tests="21" assertions="31" errors="0" warnings="0" failures="0" skipped="0" time="0.017440">
        <testcase name="testInstansiate" class="App\Game\GameTest" classname="App.Game.GameTest" file="/home/missivaeak/dbwebb-kurser/mvc/me/report/tests/Game/GameTest.php" line="48" assertions="1" time="0.004584"/>
        <testcase name="testGetPlayer" class="App\Game\GameTest" classname="App.Game.GameTest" file="/home/missivaeak/dbwebb-kurser/mvc/me/report/tests/Game/GameTest.php" line="56" assertions="1" time="0.000546"/>
        <testcase name="testGetOpponent" class="App\Game\GameTest" classname="App.Game.GameTest" file="/home/missivaeak/dbwebb-kurser/mvc/me/report/tests/Game/GameTest.php" line="66" assertions="1" time="0.000507"/>
        <testcase name="testGetKnockThreshold" class="App\Game\GameTest" classname="App.Game.GameTest" file="/home/missivaeak/dbwebb-kurser/mvc/me/report/tests/Game/GameTest.php" line="76" assertions="1" time="0.000496"/>
        <testcase name="testGetGinBonus" class="App\Game\GameTest" classname="App.Game.GameTest" file="/home/missivaeak/dbwebb-kurser/mvc/me/report/tests/Game/GameTest.php" line="84" assertions="1" time="0.000491"/>
        <testcase name="testGetUndercutBonus" class="App\Game\GameTest" classname="App.Game.GameTest" file="/home/missivaeak/dbwebb-kurser/mvc/me/report/tests/Game/GameTest.php" line="92" assertions="1" time="0.000686"/>
        <testcase name="testGetKnockBonus" class="App\Game\GameTest" classname="App.Game.GameTest" file="/home/missivaeak/dbwebb-kurser/mvc/me/report/tests/Game/GameTest.php" line="100" assertions="1" time="0.000474"/>
        <testcase name="testGetHandSize" class="App\Game\GameTest" classname="App.Game.GameTest" file="/home/missivaeak/dbwebb-kurser/mvc/me/report/tests/Game/GameTest.php" line="108" assertions="1" time="0.000469"/>
        <testcase name="testGetWinThreshold" class="App\Game\GameTest" classname="App.Game.GameTest" file="/home/missivaeak/dbwebb-kurser/mvc/me/report/tests/Game/GameTest.php" line="116" assertions="1" time="0.000479"/>
        <testcase name="testGetSetRound" class="App\Game\GameTest" classname="App.Game.GameTest" file="/home/missivaeak/dbwebb-kurser/mvc/me/report/tests/Game/GameTest.php" line="124" assertions="1" time="0.001314"/>
        <testcase name="testDeal" class="App\Game\GameTest" classname="App.Game.GameTest" file="/home/missivaeak/dbwebb-kurser/mvc/me/report/tests/Game/GameTest.php" line="136" assertions="1" time="0.001244"/>
        <testcase name="testDeckToDiscard" class="App\Game\GameTest" classname="App.Game.GameTest" file="/home/missivaeak/dbwebb-kurser/mvc/me/report/tests/Game/GameTest.php" line="153" assertions="4" time="0.000723"/>
        <testcase name="testDeckToDiscardEmpty" class="App\Game\GameTest" classname="App.Game.GameTest" file="/home/missivaeak/dbwebb-kurser/mvc/me/report/tests/Game/GameTest.php" line="180" assertions="3" time="0.000812"/>
        <testcase name="testReturnCards" class="App\Game\GameTest" classname="App.Game.GameTest" file="/home/missivaeak/dbwebb-kurser/mvc/me/report/tests/Game/GameTest.php" line="202" assertions="4" time="0.001008"/>
        <testcase name="testGetPlayerHand" class="App\Game\GameTest" classname="App.Game.GameTest" file="/home/missivaeak/dbwebb-kurser/mvc/me/report/tests/Game/GameTest.php" line="242" assertions="1" time="0.000553"/>
        <testcase name="testGetOpponentHand" class="App\Game\GameTest" classname="App.Game.GameTest" file="/home/missivaeak/dbwebb-kurser/mvc/me/report/tests/Game/GameTest.php" line="249" assertions="1" time="0.000493"/>
        <testcase name="testGetDeck" class="App\Game\GameTest" classname="App.Game.GameTest" file="/home/missivaeak/dbwebb-kurser/mvc/me/report/tests/Game/GameTest.php" line="256" assertions="1" time="0.000509"/>
        <testcase name="testGetDiscard" class="App\Game\GameTest" classname="App.Game.GameTest" file="/home/missivaeak/dbwebb-kurser/mvc/me/report/tests/Game/GameTest.php" line="263" assertions="1" time="0.000475"/>
        <testcase name="testScoreKnockingWins" class="App\Game\GameTest" classname="App.Game.GameTest" file="/home/missivaeak/dbwebb-kurser/mvc/me/report/tests/Game/GameTest.php" line="270" assertions="2" time="0.000547"/>
        <testcase name="testScoreNotKnockingWins" class="App\Game\GameTest" classname="App.Game.GameTest" file="/home/missivaeak/dbwebb-kurser/mvc/me/report/tests/Game/GameTest.php" line="287" assertions="2" time="0.000561"/>
        <testcase name="testScoreEqual" class="App\Game\GameTest" classname="App.Game.GameTest" file="/home/missivaeak/dbwebb-kurser/mvc/me/report/tests/Game/GameTest.php" line="305" assertions="1" time="0.000469"/>
      </testsuite>
      <testsuite name="App\Game\GinRummyHandTest" file="/home/missivaeak/dbwebb-kurser/mvc/me/report/tests/Game/GinRummyHandTest.php" tests="8" assertions="14" errors="0" warnings="0" failures="0" skipped="0" time="0.006900">
        <testcase name="testInstantiate" class="App\Game\GinRummyHandTest" classname="App.Game.GinRummyHandTest" file="/home/missivaeak/dbwebb-kurser/mvc/me/report/tests/Game/GinRummyHandTest.php" line="41" assertions="1" time="0.001494"/>
        <testcase name="testGetMeldsEmpty" class="App\Game\GinRummyHandTest" classname="App.Game.GinRummyHandTest" file="/home/missivaeak/dbwebb-kurser/mvc/me/report/tests/Game/GinRummyHandTest.php" line="49" assertions="2" time="0.000690"/>
        <testcase name="testGetMeldsNonEmpty" class="App\Game\GinRummyHandTest" classname="App.Game.GinRummyHandTest" file="/home/missivaeak/dbwebb-kurser/mvc/me/report/tests/Game/GinRummyHandTest.php" line="60" assertions="3" time="0.000576"/>
        <testcase name="testGetMeldCards" class="App\Game\GinRummyHandTest" classname="App.Game.GinRummyHandTest" file="/home/missivaeak/dbwebb-kurser/mvc/me/report/tests/Game/GinRummyHandTest.php" line="72" assertions="1" time="0.000694"/>
        <testcase name="testGetMeldCardsWrongIndex" class="App\Game\GinRummyHandTest" classname="App.Game.GinRummyHandTest" file="/home/missivaeak/dbwebb-kurser/mvc/me/report/tests/Game/GinRummyHandTest.php" line="85" assertions="1" time="0.001126"/>
        <testcase name="testGetUnmatched" class="App\Game\GinRummyHandTest" classname="App.Game.GinRummyHandTest" file="/home/missivaeak/dbwebb-kurser/mvc/me/report/tests/Game/GinRummyHandTest.php" line="94" assertions="4" time="0.001090"/>
        <testcase name="testAddToMeld" class="App\Game\GinRummyHandTest" classname="App.Game.GinRummyHandTest" file="/home/missivaeak/dbwebb-kurser/mvc/me/report/tests/Game/GinRummyHandTest.php" line="118" assertions="1" time="0.000673"/>
        <testcase name="testResetMelds" class="App\Game\GinRummyHandTest" classname="App.Game.GinRummyHandTest" file="/home/missivaeak/dbwebb-kurser/mvc/me/report/tests/Game/GinRummyHandTest.php" line="136" assertions="1" time="0.000558"/>
      </testsuite>
      <testsuite name="App\Game\GinRummyOpponentLogicTest" file="/home/missivaeak/dbwebb-kurser/mvc/me/report/tests/Game/GinRummyOpponentLogicTest.php" tests="19" assertions="28" errors="0" warnings="0" failures="0" skipped="0" time="0.069028">
        <testcase name="testInstansiate" class="App\Game\GinRummyOpponentLogicTest" classname="App.Game.GinRummyOpponentLogicTest" file="/home/missivaeak/dbwebb-kurser/mvc/me/report/tests/Game/GinRummyOpponentLogicTest.php" line="66" assertions="1" time="0.002839"/>
        <testcase name="testPickDiscard" class="App\Game\GinRummyOpponentLogicTest" classname="App.Game.GinRummyOpponentLogicTest" file="/home/missivaeak/dbwebb-kurser/mvc/me/report/tests/Game/GinRummyOpponentLogicTest.php" line="74" assertions="1" time="0.001059"/>
        <testcase name="testPickDiscardEmptyDiscard" class="App\Game\GinRummyOpponentLogicTest" classname="App.Game.GinRummyOpponentLogicTest" file="/home/missivaeak/dbwebb-kurser/mvc/me/report/tests/Game/GinRummyOpponentLogicTest.php" line="88" assertions="1" time="0.000875"/>
        <testcase name="testPickDeck" class="App\Game\GinRummyOpponentLogicTest" classname="App.Game.GinRummyOpponentLogicTest" file="/home/missivaeak/dbwebb-kurser/mvc/me/report/tests/Game/GinRummyOpponentLogicTest.php" line="102" assertions="1" time="0.000915"/>
        <testcase name="testPickDeckEmptyDeck" class="App\Game\GinRummyOpponentLogicTest" classname="App.Game.GinRummyOpponentLogicTest" file="/home/missivaeak/dbwebb-kurser/mvc/me/report/tests/Game/GinRummyOpponentLogicTest.php" line="116" assertions="1" time="0.000867"/>
        <testcase name="testDiscard" class="App\Game\GinRummyOpponentLogicTest" classname="App.Game.GinRummyOpponentLogicTest" file="/home/missivaeak/dbwebb-kurser/mvc/me/report/tests/Game/GinRummyOpponentLogicTest.php" line="131" assertions="1" time="0.009916"/>
        <testcase name="testDiscardEmptyHand" class="App\Game\GinRummyOpponentLogicTest" classname="App.Game.GinRummyOpponentLogicTest" file="/home/missivaeak/dbwebb-kurser/mvc/me/report/tests/Game/GinRummyOpponentLogicTest.php" line="162" assertions="1" time="0.000945"/>
        <testcase name="testDrawOrPass" class="App\Game\GinRummyOpponentLogicTest" classname="App.Game.GinRummyOpponentLogicTest" file="/home/missivaeak/dbwebb-kurser/mvc/me/report/tests/Game/GinRummyOpponentLogicTest.php" line="176" assertions="1" time="0.002186"/>
        <testcase name="testDrawDeckOrDrawDiscard" class="App\Game\GinRummyOpponentLogicTest" classname="App.Game.GinRummyOpponentLogicTest" file="/home/missivaeak/dbwebb-kurser/mvc/me/report/tests/Game/GinRummyOpponentLogicTest.php" line="201" assertions="1" time="0.003124"/>
        <testcase name="testKnockOrPassCanKnock" class="App\Game\GinRummyOpponentLogicTest" classname="App.Game.GinRummyOpponentLogicTest" file="/home/missivaeak/dbwebb-kurser/mvc/me/report/tests/Game/GinRummyOpponentLogicTest.php" line="229" assertions="1" time="0.000891"/>
        <testcase name="testKnockOrPassCannotKnock" class="App\Game\GinRummyOpponentLogicTest" classname="App.Game.GinRummyOpponentLogicTest" file="/home/missivaeak/dbwebb-kurser/mvc/me/report/tests/Game/GinRummyOpponentLogicTest.php" line="242" assertions="1" time="0.000881"/>
        <testcase name="testAddToPlayersMeld" class="App\Game\GinRummyOpponentLogicTest" classname="App.Game.GinRummyOpponentLogicTest" file="/home/missivaeak/dbwebb-kurser/mvc/me/report/tests/Game/GinRummyOpponentLogicTest.php" line="256" assertions="1" time="0.001352"/>
        <testcase name="testMainStep" class="App\Game\GinRummyOpponentLogicTest" classname="App.Game.GinRummyOpponentLogicTest" file="/home/missivaeak/dbwebb-kurser/mvc/me/report/tests/Game/GinRummyOpponentLogicTest.php" line="289" assertions="2" time="0.014089"/>
        <testcase name="testMainStepKnock" class="App\Game\GinRummyOpponentLogicTest" classname="App.Game.GinRummyOpponentLogicTest" file="/home/missivaeak/dbwebb-kurser/mvc/me/report/tests/Game/GinRummyOpponentLogicTest.php" line="341" assertions="2" time="0.014543"/>
        <testcase name="testKnockStep" class="App\Game\GinRummyOpponentLogicTest" classname="App.Game.GinRummyOpponentLogicTest" file="/home/missivaeak/dbwebb-kurser/mvc/me/report/tests/Game/GinRummyOpponentLogicTest.php" line="393" assertions="2" time="0.001030"/>
        <testcase name="testTopCardChoiceStepFour" class="App\Game\GinRummyOpponentLogicTest" classname="App.Game.GinRummyOpponentLogicTest" file="/home/missivaeak/dbwebb-kurser/mvc/me/report/tests/Game/GinRummyOpponentLogicTest.php" line="413" assertions="3" time="0.001051"/>
        <testcase name="testTopCardChoiceStepFive" class="App\Game\GinRummyOpponentLogicTest" classname="App.Game.GinRummyOpponentLogicTest" file="/home/missivaeak/dbwebb-kurser/mvc/me/report/tests/Game/GinRummyOpponentLogicTest.php" line="437" assertions="3" time="0.001057"/>
        <testcase name="testTopCardChoiceStepDraw" class="App\Game\GinRummyOpponentLogicTest" classname="App.Game.GinRummyOpponentLogicTest" file="/home/missivaeak/dbwebb-kurser/mvc/me/report/tests/Game/GinRummyOpponentLogicTest.php" line="461" assertions="2" time="0.010325"/>
        <testcase name="testTopCardForcedStep" class="App\Game\GinRummyOpponentLogicTest" classname="App.Game.GinRummyOpponentLogicTest" file="/home/missivaeak/dbwebb-kurser/mvc/me/report/tests/Game/GinRummyOpponentLogicTest.php" line="499" assertions="2" time="0.001082"/>
      </testsuite>
      <testsuite name="App\Game\GinRummyScoringTest" file="/home/missivaeak/dbwebb-kurser/mvc/me/report/tests/Game/GinRummyScoringTest.php" tests="9" assertions="16" errors="0" warnings="0" failures="0" skipped="0" time="0.016731">
        <testcase name="testMeld" class="App\Game\GinRummyScoringTest" classname="App.Game.GinRummyScoringTest" file="/home/missivaeak/dbwebb-kurser/mvc/me/report/tests/Game/GinRummyScoringTest.php" line="75" assertions="2" time="0.001629"/>
        <testcase name="testMeldSetsFirstNoMock" class="App\Game\GinRummyScoringTest" classname="App.Game.GinRummyScoringTest" file="/home/missivaeak/dbwebb-kurser/mvc/me/report/tests/Game/GinRummyScoringTest.php" line="88" assertions="1" time="0.003020"/>
        <testcase name="testMeldRunsFirstNoMock" class="App\Game\GinRummyScoringTest" classname="App.Game.GinRummyScoringTest" file="/home/missivaeak/dbwebb-kurser/mvc/me/report/tests/Game/GinRummyScoringTest.php" line="106" assertions="1" time="0.004062"/>
        <testcase name="testAddToOthersMeldSetNoMock" class="App\Game\GinRummyScoringTest" classname="App.Game.GinRummyScoringTest" file="/home/missivaeak/dbwebb-kurser/mvc/me/report/tests/Game/GinRummyScoringTest.php" line="124" assertions="3" time="0.001159"/>
        <testcase name="testAddToOthersMeldRunNoMock" class="App\Game\GinRummyScoringTest" classname="App.Game.GinRummyScoringTest" file="/home/missivaeak/dbwebb-kurser/mvc/me/report/tests/Game/GinRummyScoringTest.php" line="153" assertions="3" time="0.001130"/>
        <testcase name="testAddToOthersMeldInvalidNoMock" class="App\Game\GinRummyScoringTest" classname="App.Game.GinRummyScoringTest" file="/home/missivaeak/dbwebb-kurser/mvc/me/report/tests/Game/GinRummyScoringTest.php" line="182" assertions="3" time="0.001087"/>
        <testcase name="testCheckScoreDiffNeg" class="App\Game\GinRummyScoringTest" classname="App.Game.GinRummyScoringTest" file="/home/missivaeak/dbwebb-kurser/mvc/me/report/tests/Game/GinRummyScoringTest.php" line="211" assertions="1" time="0.002094"/>
        <testcase name="testCheckScoreDiffPos" class="App\Game\GinRummyScoringTest" classname="App.Game.GinRummyScoringTest" file="/home/missivaeak/dbwebb-kurser/mvc/me/report/tests/Game/GinRummyScoringTest.php" line="235" assertions="1" time="0.001244"/>
        <testcase name="testCheckScoreDiffEqual" class="App\Game\GinRummyScoringTest" classname="App.Game.GinRummyScoringTest" file="/home/missivaeak/dbwebb-kurser/mvc/me/report/tests/Game/GinRummyScoringTest.php" line="259" assertions="1" time="0.001307"/>
      </testsuite>
      <testsuite name="App\Game\MeldTest" file="/home/missivaeak/dbwebb-kurser/mvc/me/report/tests/Game/MeldTest.php" tests="6" assertions="10" errors="0" warnings="0" failures="0" skipped="0" time="0.001717">
        <testcase name="testInstansiate" class="App\Game\MeldTest" classname="App.Game.MeldTest" file="/home/missivaeak/dbwebb-kurser/mvc/me/report/tests/Game/MeldTest.php" line="32" assertions="1" time="0.000208"/>
        <testcase name="testExceptionWrongInstansiate" class="App\Game\MeldTest" classname="App.Game.MeldTest" file="/home/missivaeak/dbwebb-kurser/mvc/me/report/tests/Game/MeldTest.php" line="41" assertions="1" time="0.000403"/>
        <testcase name="testIsRun" class="App\Game\MeldTest" classname="App.Game.MeldTest" file="/home/missivaeak/dbwebb-kurser/mvc/me/report/tests/Game/MeldTest.php" line="50" assertions="2" time="0.000209"/>
        <testcase name="testIsSet" class="App\Game\MeldTest" classname="App.Game.MeldTest" file="/home/missivaeak/dbwebb-kurser/mvc/me/report/tests/Game/MeldTest.php" line="59" assertions="2" time="0.000207"/>
        <testcase name="testGetValue" class="App\Game\MeldTest" classname="App.Game.MeldTest" file="/home/missivaeak/dbwebb-kurser/mvc/me/report/tests/Game/MeldTest.php" line="68" assertions="2" time="0.000350"/>
        <testcase name="testGetSuit" class="App\Game\MeldTest" classname="App.Game.MeldTest" file="/home/missivaeak/dbwebb-kurser/mvc/me/report/tests/Game/MeldTest.php" line="84" assertions="2" time="0.000341"/>
      </testsuite>
      <testsuite name="App\Game\PlayerTest" file="/home/missivaeak/dbwebb-kurser/mvc/me/report/tests/Game/PlayerTest.php" tests="4" assertions="4" errors="0" warnings="0" failures="0" skipped="0" time="0.001118">
        <testcase name="testInstansiate" class="App\Game\PlayerTest" classname="App.Game.PlayerTest" file="/home/missivaeak/dbwebb-kurser/mvc/me/report/tests/Game/PlayerTest.php" line="30" assertions="1" time="0.000287"/>
        <testcase name="testGetHand" class="App\Game\PlayerTest" classname="App.Game.PlayerTest" file="/home/missivaeak/dbwebb-kurser/mvc/me/report/tests/Game/PlayerTest.php" line="38" assertions="1" time="0.000292"/>
        <testcase name="testGetScore" class="App\Game\PlayerTest" classname="App.Game.PlayerTest" file="/home/missivaeak/dbwebb-kurser/mvc/me/report/tests/Game/PlayerTest.php" line="47" assertions="1" time="0.000264"/>
        <testcase name="testAddScore" class="App\Game\PlayerTest" classname="App.Game.PlayerTest" file="/home/missivaeak/dbwebb-kurser/mvc/me/report/tests/Game/PlayerTest.php" line="57" assertions="1" time="0.000276"/>
      </testsuite>
      <testsuite name="App\Game\RoundTest" file="/home/missivaeak/dbwebb-kurser/mvc/me/report/tests/Game/RoundTest.php" tests="10" assertions="17" errors="0" warnings="0" failures="0" skipped="0" time="0.004193">
        <testcase name="testInstansiate" class="App\Game\RoundTest" classname="App.Game.RoundTest" file="/home/missivaeak/dbwebb-kurser/mvc/me/report/tests/Game/RoundTest.php" line="31" assertions="1" time="0.000372"/>
        <testcase name="testRandomiseDealer" class="App\Game\RoundTest" classname="App.Game.RoundTest" file="/home/missivaeak/dbwebb-kurser/mvc/me/report/tests/Game/RoundTest.php" line="40" assertions="3" time="0.000870"/>
        <testcase name="testGetSetDealer" class="App\Game\RoundTest" classname="App.Game.RoundTest" file="/home/missivaeak/dbwebb-kurser/mvc/me/report/tests/Game/RoundTest.php" line="65" assertions="1" time="0.000392"/>
        <testcase name="testGetActivePlayerAfterRandomise" class="App\Game\RoundTest" classname="App.Game.RoundTest" file="/home/missivaeak/dbwebb-kurser/mvc/me/report/tests/Game/RoundTest.php" line="75" assertions="1" time="0.000321"/>
        <testcase name="testGetActivePlayerAfterSet" class="App\Game\RoundTest" classname="App.Game.RoundTest" file="/home/missivaeak/dbwebb-kurser/mvc/me/report/tests/Game/RoundTest.php" line="86" assertions="1" time="0.000308"/>
        <testcase name="testGetNextDealer" class="App\Game\RoundTest" classname="App.Game.RoundTest" file="/home/missivaeak/dbwebb-kurser/mvc/me/report/tests/Game/RoundTest.php" line="97" assertions="3" time="0.000325"/>
        <testcase name="testNextTurn" class="App\Game\RoundTest" classname="App.Game.RoundTest" file="/home/missivaeak/dbwebb-kurser/mvc/me/report/tests/Game/RoundTest.php" line="110" assertions="1" time="0.000307"/>
        <testcase name="testGetSetStep" class="App\Game\RoundTest" classname="App.Game.RoundTest" file="/home/missivaeak/dbwebb-kurser/mvc/me/report/tests/Game/RoundTest.php" line="122" assertions="2" time="0.000303"/>
        <testcase name="testNextStep" class="App\Game\RoundTest" classname="App.Game.RoundTest" file="/home/missivaeak/dbwebb-kurser/mvc/me/report/tests/Game/RoundTest.php" line="132" assertions="1" time="0.000296"/>
        <testcase name="testDeal" class="App\Game\RoundTest" classname="App.Game.RoundTest" file="/home/missivaeak/dbwebb-kurser/mvc/me/report/tests/Game/RoundTest.php" line="142" assertions="3" time="0.000700"/>
      </testsuite>
      <testsuite name="App\Game\StandardPlayingCardTest" file="/home/missivaeak/dbwebb-kurser/mvc/me/report/tests/Game/StandardPlayingCardTest.php" tests="8" assertions="8" errors="0" warnings="0" failures="0" skipped="0" time="0.001705">
        <testcase name="testInstansiate" class="App\Game\StandardPlayingCardTest" classname="App.Game.StandardPlayingCardTest" file="/home/missivaeak/dbwebb-kurser/mvc/me/report/tests/Game/StandardPlayingCardTest.php" line="28" assertions="1" time="0.000277"/>
        <testcase name="testGetValue" class="App\Game\StandardPlayingCardTest" classname="App.Game.StandardPlayingCardTest" file="/home/missivaeak/dbwebb-kurser/mvc/me/report/tests/Game/StandardPlayingCardTest.php" line="36" assertions="1" time="0.000193"/>
        <testcase name="testGetSuit" class="App\Game\StandardPlayingCardTest" classname="App.Game.StandardPlayingCardTest" file="/home/missivaeak/dbwebb-kurser/mvc/me/report/tests/Game/StandardPlayingCardTest.php" line="44" assertions="1" time="0.000194"/>
        <testcase name="testGetFace" class="App\Game\StandardPlayingCardTest" classname="App.Game.StandardPlayingCardTest" file="/home/missivaeak/dbwebb-kurser/mvc/me/report/tests/Game/StandardPlayingCardTest.php" line="52" assertions="1" time="0.000184"/>
        <testcase name="testToString" class="App\Game\StandardPlayingCardTest" classname="App.Game.StandardPlayingCardTest" file="/home/missivaeak/dbwebb-kurser/mvc/me/report/tests/Game/StandardPlayingCardTest.php" line="60" assertions="1" time="0.000193"/>
        <testcase name="testIsFaceUp" class="App\Game\StandardPlayingCardTest" classname="App.Game.StandardPlayingCardTest" file="/home/missivaeak/dbwebb-kurser/mvc/me/report/tests/Game/StandardPlayingCardTest.php" line="68" assertions="1" time="0.000233"/>
        <testcase name="testReveal" class="App\Game\StandardPlayingCardTest" classname="App.Game.StandardPlayingCardTest" file="/home/missivaeak/dbwebb-kurser/mvc/me/report/tests/Game/StandardPlayingCardTest.php" line="76" assertions="1" time="0.000241"/>
        <testcase name="testHide" class="App\Game\StandardPlayingCardTest" classname="App.Game.StandardPlayingCardTest" file="/home/missivaeak/dbwebb-kurser/mvc/me/report/tests/Game/StandardPlayingCardTest.php" line="85" assertions="1" time="0.000191"/>
      </testsuite>
      <testsuite name="App\Game\StandardPlayingCardsTraitTest" file="/home/missivaeak/dbwebb-kurser/mvc/me/report/tests/Game/StandardPlayingCardTraitTest.php" tests="1" assertions="7" errors="0" warnings="0" failures="0" skipped="0" time="0.001174">
        <testcase name="testGetAllValidCardValues" class="App\Game\StandardPlayingCardsTraitTest" classname="App.Game.StandardPlayingCardsTraitTest" file="/home/missivaeak/dbwebb-kurser/mvc/me/report/tests/Game/StandardPlayingCardTraitTest.php" line="18" assertions="7" time="0.001174"/>
      </testsuite>
      <testsuite name="App\Roadlike\ChallengerTest" file="/home/missivaeak/dbwebb-kurser/mvc/me/report/tests/Roadlike/ChallengerTest.php" tests="11" assertions="31" errors="0" warnings="0" failures="0" skipped="0" time="0.002934">
        <testcase name="testInstansiate" class="App\Roadlike\ChallengerTest" classname="App.Roadlike.ChallengerTest" file="/home/missivaeak/dbwebb-kurser/mvc/me/report/tests/Roadlike/ChallengerTest.php" line="37" assertions="2" time="0.000797"/>
        <testcase name="testGetStats" class="App\Roadlike\ChallengerTest" classname="App.Roadlike.ChallengerTest" file="/home/missivaeak/dbwebb-kurser/mvc/me/report/tests/Roadlike/ChallengerTest.php" line="46" assertions="6" time="0.000299"/>
        <testcase name="testGetNoStats" class="App\Roadlike\ChallengerTest" classname="App.Roadlike.ChallengerTest" file="/home/missivaeak/dbwebb-kurser/mvc/me/report/tests/Roadlike/ChallengerTest.php" line="61" assertions="6" time="0.000217"/>
        <testcase name="testModifyStat" class="App\Roadlike\ChallengerTest" classname="App.Roadlike.ChallengerTest" file="/home/missivaeak/dbwebb-kurser/mvc/me/report/tests/Roadlike/ChallengerTest.php" line="75" assertions="6" time="0.000227"/>
        <testcase name="testGetHealth" class="App\Roadlike\ChallengerTest" classname="App.Roadlike.ChallengerTest" file="/home/missivaeak/dbwebb-kurser/mvc/me/report/tests/Roadlike/ChallengerTest.php" line="95" assertions="2" time="0.000203"/>
        <testcase name="testGetMaxHealth" class="App\Roadlike\ChallengerTest" classname="App.Roadlike.ChallengerTest" file="/home/missivaeak/dbwebb-kurser/mvc/me/report/tests/Roadlike/ChallengerTest.php" line="104" assertions="2" time="0.000196"/>
        <testcase name="testModifyHealth" class="App\Roadlike\ChallengerTest" classname="App.Roadlike.ChallengerTest" file="/home/missivaeak/dbwebb-kurser/mvc/me/report/tests/Roadlike/ChallengerTest.php" line="113" assertions="1" time="0.000193"/>
        <testcase name="testGetStamina" class="App\Roadlike\ChallengerTest" classname="App.Roadlike.ChallengerTest" file="/home/missivaeak/dbwebb-kurser/mvc/me/report/tests/Roadlike/ChallengerTest.php" line="122" assertions="2" time="0.000217"/>
        <testcase name="testGetMaxStamina" class="App\Roadlike\ChallengerTest" classname="App.Roadlike.ChallengerTest" file="/home/missivaeak/dbwebb-kurser/mvc/me/report/tests/Roadlike/ChallengerTest.php" line="131" assertions="2" time="0.000204"/>
        <testcase name="testModifyStamina" class="App\Roadlike\ChallengerTest" classname="App.Roadlike.ChallengerTest" file="/home/missivaeak/dbwebb-kurser/mvc/me/report/tests/Roadlike/ChallengerTest.php" line="140" assertions="1" time="0.000196"/>
        <testcase name="testGetName" class="App\Roadlike\ChallengerTest" classname="App.Roadlike.ChallengerTest" file="/home/missivaeak/dbwebb-kurser/mvc/me/report/tests/Roadlike/ChallengerTest.php" line="149" assertions="1" time="0.000186"/>
      </testsuite>
      <testsuite name="App\Roadlike\CrossroadsTest" file="/home/missivaeak/dbwebb-kurser/mvc/me/report/tests/Roadlike/CrossroadsTest.php" tests="5" assertions="13" errors="0" warnings="0" failures="0" skipped="0" time="0.002957">
        <testcase name="testInstansiate" class="App\Roadlike\CrossroadsTest" classname="App.Roadlike.CrossroadsTest" file="/home/missivaeak/dbwebb-kurser/mvc/me/report/tests/Roadlike/CrossroadsTest.php" line="43" assertions="3" time="0.001271"/>
        <testcase name="testGetAddRoad" class="App\Roadlike\CrossroadsTest" classname="App.Roadlike.CrossroadsTest" file="/home/missivaeak/dbwebb-kurser/mvc/me/report/tests/Roadlike/CrossroadsTest.php" line="53" assertions="5" time="0.000369"/>
        <testcase name="testGetRandomRoadNull" class="App\Roadlike\CrossroadsTest" classname="App.Roadlike.CrossroadsTest" file="/home/missivaeak/dbwebb-kurser/mvc/me/report/tests/Roadlike/CrossroadsTest.php" line="70" assertions="1" time="0.000348"/>
        <testcase name="testGetRandomRoadOne" class="App\Roadlike\CrossroadsTest" classname="App.Roadlike.CrossroadsTest" file="/home/missivaeak/dbwebb-kurser/mvc/me/report/tests/Roadlike/CrossroadsTest.php" line="80" assertions="2" time="0.000313"/>
        <testcase name="testGetRandomRoadTwo" class="App\Roadlike\CrossroadsTest" classname="App.Roadlike.CrossroadsTest" file="/home/missivaeak/dbwebb-kurser/mvc/me/report/tests/Roadlike/CrossroadsTest.php" line="91" assertions="2" time="0.000656"/>
      </testsuite>
      <testsuite name="App\Roadlike\FactoryTest" file="/home/missivaeak/dbwebb-kurser/mvc/me/report/tests/Roadlike/FactoryTest.php" tests="4" assertions="9" errors="0" warnings="0" failures="0" skipped="0" time="0.003960">
        <testcase name="testBuildManager" class="App\Roadlike\FactoryTest" classname="App.Roadlike.FactoryTest" file="/home/missivaeak/dbwebb-kurser/mvc/me/report/tests/Roadlike/FactoryTest.php" line="97" assertions="3" time="0.001914"/>
        <testcase name="testBuildDraft" class="App\Roadlike\FactoryTest" classname="App.Roadlike.FactoryTest" file="/home/missivaeak/dbwebb-kurser/mvc/me/report/tests/Roadlike/FactoryTest.php" line="111" assertions="2" time="0.000596"/>
        <testcase name="testBuildObstacles" class="App\Roadlike\FactoryTest" classname="App.Roadlike.FactoryTest" file="/home/missivaeak/dbwebb-kurser/mvc/me/report/tests/Roadlike/FactoryTest.php" line="131" assertions="2" time="0.001073"/>
        <testcase name="testBuildCrossroads" class="App\Roadlike\FactoryTest" classname="App.Roadlike.FactoryTest" file="/home/missivaeak/dbwebb-kurser/mvc/me/report/tests/Roadlike/FactoryTest.php" line="143" assertions="2" time="0.000377"/>
      </testsuite>
      <testsuite name="App\Roadlike\ManagerTest" file="/home/missivaeak/dbwebb-kurser/mvc/me/report/tests/Roadlike/ManagerTest.php" tests="8" assertions="13" errors="0" warnings="0" failures="0" skipped="0" time="0.003077">
        <testcase name="testInstansiate" class="App\Roadlike\ManagerTest" classname="App.Roadlike.ManagerTest" file="/home/missivaeak/dbwebb-kurser/mvc/me/report/tests/Roadlike/ManagerTest.php" line="36" assertions="2" time="0.000735"/>
        <testcase name="testSetGetCrossroads" class="App\Roadlike\ManagerTest" classname="App.Roadlike.ManagerTest" file="/home/missivaeak/dbwebb-kurser/mvc/me/report/tests/Roadlike/ManagerTest.php" line="45" assertions="2" time="0.000357"/>
        <testcase name="testUnsetCrossroads" class="App\Roadlike\ManagerTest" classname="App.Roadlike.ManagerTest" file="/home/missivaeak/dbwebb-kurser/mvc/me/report/tests/Roadlike/ManagerTest.php" line="58" assertions="1" time="0.000360"/>
        <testcase name="testGetChallenger" class="App\Roadlike\ManagerTest" classname="App.Roadlike.ManagerTest" file="/home/missivaeak/dbwebb-kurser/mvc/me/report/tests/Roadlike/ManagerTest.php" line="70" assertions="1" time="0.000324"/>
        <testcase name="testGetJourney" class="App\Roadlike\ManagerTest" classname="App.Roadlike.ManagerTest" file="/home/missivaeak/dbwebb-kurser/mvc/me/report/tests/Roadlike/ManagerTest.php" line="79" assertions="1" time="0.000316"/>
        <testcase name="testGetTimeDefault" class="App\Roadlike\ManagerTest" classname="App.Roadlike.ManagerTest" file="/home/missivaeak/dbwebb-kurser/mvc/me/report/tests/Roadlike/ManagerTest.php" line="88" assertions="2" time="0.000324"/>
        <testcase name="testGetTime" class="App\Roadlike\ManagerTest" classname="App.Roadlike.ManagerTest" file="/home/missivaeak/dbwebb-kurser/mvc/me/report/tests/Roadlike/ManagerTest.php" line="99" assertions="2" time="0.000337"/>
        <testcase name="testModifyTime" class="App\Roadlike\ManagerTest" classname="App.Roadlike.ManagerTest" file="/home/missivaeak/dbwebb-kurser/mvc/me/report/tests/Roadlike/ManagerTest.php" line="110" assertions="2" time="0.000325"/>
      </testsuite>
      <testsuite name="App\Roadlike\ORMTest" file="/home/missivaeak/dbwebb-kurser/mvc/me/report/tests/Roadlike/ORMTest.php" tests="9" assertions="19" errors="0" warnings="0" failures="0" skipped="0" time="0.028903">
        <testcase name="testInstansiate" class="App\Roadlike\ORMTest" classname="App.Roadlike.ORMTest" file="/home/missivaeak/dbwebb-kurser/mvc/me/report/tests/Roadlike/ORMTest.php" line="86" assertions="1" time="0.007298"/>
        <testcase name="testGetAllTemplates" class="App\Roadlike\ORMTest" classname="App.Roadlike.ORMTest" file="/home/missivaeak/dbwebb-kurser/mvc/me/report/tests/Roadlike/ORMTest.php" line="94" assertions="2" time="0.006313"/>
        <testcase name="testAddTemplate" class="App\Roadlike\ORMTest" classname="App.Roadlike.ORMTest" file="/home/missivaeak/dbwebb-kurser/mvc/me/report/tests/Roadlike/ORMTest.php" line="121" assertions="2" time="0.001792"/>
        <testcase name="testDelTemplate" class="App\Roadlike\ORMTest" classname="App.Roadlike.ORMTest" file="/home/missivaeak/dbwebb-kurser/mvc/me/report/tests/Roadlike/ORMTest.php" line="138" assertions="3" time="0.002209"/>
        <testcase name="testDelTemplateNotFound" class="App\Roadlike\ORMTest" classname="App.Roadlike.ORMTest" file="/home/missivaeak/dbwebb-kurser/mvc/me/report/tests/Roadlike/ORMTest.php" line="168" assertions="2" time="0.002151"/>
        <testcase name="testGetAllObstacles" class="App\Roadlike\ORMTest" classname="App.Roadlike.ORMTest" file="/home/missivaeak/dbwebb-kurser/mvc/me/report/tests/Roadlike/ORMTest.php" line="186" assertions="2" time="0.003491"/>
        <testcase name="testAddObstacle" class="App\Roadlike\ORMTest" classname="App.Roadlike.ORMTest" file="/home/missivaeak/dbwebb-kurser/mvc/me/report/tests/Roadlike/ORMTest.php" line="204" assertions="2" time="0.001709"/>
        <testcase name="testDelObstacle" class="App\Roadlike\ORMTest" classname="App.Roadlike.ORMTest" file="/home/missivaeak/dbwebb-kurser/mvc/me/report/tests/Roadlike/ORMTest.php" line="237" assertions="3" time="0.002118"/>
        <testcase name="testDelObstacleNotFound" class="App\Roadlike\ORMTest" classname="App.Roadlike.ORMTest" file="/home/missivaeak/dbwebb-kurser/mvc/me/report/tests/Roadlike/ORMTest.php" line="267" assertions="2" time="0.001821"/>
      </testsuite>
      <testsuite name="App\Roadlike\ObstacleTest" file="/home/missivaeak/dbwebb-kurser/mvc/me/report/tests/Roadlike/ObstacleTest.php" tests="5" assertions="11" errors="0" warnings="0" failures="0" skipped="0" time="0.002309">
        <testcase name="testInstansiate" class="App\Roadlike\ObstacleTest" classname="App.Roadlike.ObstacleTest" file="/home/missivaeak/dbwebb-kurser/mvc/me/report/tests/Roadlike/ObstacleTest.php" line="80" assertions="1" time="0.000428"/>
        <testcase name="testGetName" class="App\Roadlike\ObstacleTest" classname="App.Roadlike.ObstacleTest" file="/home/missivaeak/dbwebb-kurser/mvc/me/report/tests/Roadlike/ObstacleTest.php" line="88" assertions="1" time="0.000394"/>
        <testcase name="testGetDescription" class="App\Roadlike\ObstacleTest" classname="App.Roadlike.ObstacleTest" file="/home/missivaeak/dbwebb-kurser/mvc/me/report/tests/Roadlike/ObstacleTest.php" line="96" assertions="1" time="0.000384"/>
        <testcase name="testAttemptUnlucky" class="App\Roadlike\ObstacleTest" classname="App.Roadlike.ObstacleTest" file="/home/missivaeak/dbwebb-kurser/mvc/me/report/tests/Roadlike/ObstacleTest.php" line="104" assertions="4" time="0.000530"/>
        <testcase name="testAttemptLucky" class="App\Roadlike\ObstacleTest" classname="App.Roadlike.ObstacleTest" file="/home/missivaeak/dbwebb-kurser/mvc/me/report/tests/Roadlike/ObstacleTest.php" line="140" assertions="4" time="0.000575"/>
      </testsuite>
      <testsuite name="App\Roadlike\RoadTest" file="/home/missivaeak/dbwebb-kurser/mvc/me/report/tests/Roadlike/RoadTest.php" tests="5" assertions="7" errors="0" warnings="0" failures="0" skipped="0" time="0.001875">
        <testcase name="testInstansiate" class="App\Roadlike\RoadTest" classname="App.Roadlike.RoadTest" file="/home/missivaeak/dbwebb-kurser/mvc/me/report/tests/Roadlike/RoadTest.php" line="35" assertions="3" time="0.000647"/>
        <testcase name="testGetLength" class="App\Roadlike\RoadTest" classname="App.Roadlike.RoadTest" file="/home/missivaeak/dbwebb-kurser/mvc/me/report/tests/Roadlike/RoadTest.php" line="45" assertions="1" time="0.000300"/>
        <testcase name="testGetObstacles" class="App\Roadlike\RoadTest" classname="App.Roadlike.RoadTest" file="/home/missivaeak/dbwebb-kurser/mvc/me/report/tests/Roadlike/RoadTest.php" line="54" assertions="1" time="0.000335"/>
        <testcase name="testAddObstacle" class="App\Roadlike\RoadTest" classname="App.Roadlike.RoadTest" file="/home/missivaeak/dbwebb-kurser/mvc/me/report/tests/Roadlike/RoadTest.php" line="66" assertions="1" time="0.000296"/>
        <testcase name="testAddLength" class="App\Roadlike\RoadTest" classname="App.Roadlike.RoadTest" file="/home/missivaeak/dbwebb-kurser/mvc/me/report/tests/Roadlike/RoadTest.php" line="76" assertions="1" time="0.000297"/>
      </testsuite>
    </testsuite>
  </testsuite>
</testsuites>
